[2017-07-19 12:48:22] [config] after-batches: 0
[2017-07-19 12:48:22] [config] after-epochs: 0
[2017-07-19 12:48:22] [config] best-deep: false
[2017-07-19 12:48:22] [config] clip-norm: 1
[2017-07-19 12:48:22] [config] dec-cell: gru
[2017-07-19 12:48:22] [config] dec-cell-base-depth: 2
[2017-07-19 12:48:22] [config] dec-cell-high-depth: 1
[2017-07-19 12:48:22] [config] dec-depth: 1
[2017-07-19 12:48:22] [config] devices:
[2017-07-19 12:48:22] [config]   - 0
[2017-07-19 12:48:22] [config]   - 1
[2017-07-19 12:48:22] [config]   - 2
[2017-07-19 12:48:22] [config]   - 3
[2017-07-19 12:48:22] [config] dim-emb: 512
[2017-07-19 12:48:22] [config] dim-rnn: 1024
[2017-07-19 12:48:22] [config] dim-vocabs:
[2017-07-19 12:48:22] [config]   - 66000
[2017-07-19 12:48:22] [config]   - 50000
[2017-07-19 12:48:22] [config] disp-freq: 1000
[2017-07-19 12:48:22] [config] drop-rate: 0
[2017-07-19 12:48:22] [config] dropout-rnn: 0.2
[2017-07-19 12:48:22] [config] dropout-src: 0.1
[2017-07-19 12:48:22] [config] dropout-trg: 0.1
[2017-07-19 12:48:22] [config] dynamic-batching: true
[2017-07-19 12:48:22] [config] early-stopping: 5
[2017-07-19 12:48:22] [config] embedding-fix-src: false
[2017-07-19 12:48:22] [config] embedding-fix-trg: false
[2017-07-19 12:48:22] [config] embedding-normalization: false
[2017-07-19 12:48:22] [config] enc-cell: gru
[2017-07-19 12:48:22] [config] enc-cell-depth: 1
[2017-07-19 12:48:22] [config] enc-depth: 1
[2017-07-19 12:48:22] [config] enc-type: bidirectional
[2017-07-19 12:48:22] [config] guided-alignment-cost: ce
[2017-07-19 12:48:22] [config] guided-alignment-weight: 1
[2017-07-19 12:48:22] [config] keep-best: false
[2017-07-19 12:48:22] [config] layer-normalization: true
[2017-07-19 12:48:22] [config] learn-rate: 0.0001
[2017-07-19 12:48:22] [config] log: model/train.log
[2017-07-19 12:48:22] [config] log-level: info
[2017-07-19 12:48:22] [config] lr-decay: 0
[2017-07-19 12:48:22] [config] lr-decay-freq: 50000
[2017-07-19 12:48:22] [config] lr-decay-start:
[2017-07-19 12:48:22] [config]   - 10
[2017-07-19 12:48:22] [config]   - 1
[2017-07-19 12:48:22] [config] lr-decay-strategy: epoch+stalled
[2017-07-19 12:48:22] [config] max-length: 50
[2017-07-19 12:48:22] [config] maxi-batch: 100
[2017-07-19 12:48:22] [config] maxi-batch-sort: trg
[2017-07-19 12:48:22] [config] mini-batch: 64
[2017-07-19 12:48:22] [config] mini-batch-words: 0
[2017-07-19 12:48:22] [config] model: model/model.npz
[2017-07-19 12:48:22] [config] moving-average: true
[2017-07-19 12:48:22] [config] moving-decay: 0.9999
[2017-07-19 12:48:22] [config] no-reload: false
[2017-07-19 12:48:22] [config] no-shuffle: false
[2017-07-19 12:48:22] [config] noise-src: 0
[2017-07-19 12:48:22] [config] optimizer: adam
[2017-07-19 12:48:22] [config] overwrite: false
[2017-07-19 12:48:22] [config] relative-paths: false
[2017-07-19 12:48:22] [config] save-freq: 10000
[2017-07-19 12:48:22] [config] seed: 0
[2017-07-19 12:48:22] [config] skip: false
[2017-07-19 12:48:22] [config] tau: 1
[2017-07-19 12:48:22] [config] tempdir: /tmp
[2017-07-19 12:48:22] [config] tied-embeddings: false
[2017-07-19 12:48:22] [config] train-sets:
[2017-07-19 12:48:22] [config]   - data/corpus.bpe.ro
[2017-07-19 12:48:22] [config]   - data/corpus.bpe.en
[2017-07-19 12:48:22] [config] type: amun
[2017-07-19 12:48:22] [config] valid-freq: 10000
[2017-07-19 12:48:22] [config] valid-log: model/valid.log
[2017-07-19 12:48:22] [config] valid-metrics:
[2017-07-19 12:48:22] [config]   - cross-entropy
[2017-07-19 12:48:22] [config]   - valid-script
[2017-07-19 12:48:22] [config] valid-mini-batch: 64
[2017-07-19 12:48:22] [config] valid-script-path: ./scripts/validate.sh
[2017-07-19 12:48:22] [config] valid-sets:
[2017-07-19 12:48:22] [config]   - data/newsdev2016.bpe.ro
[2017-07-19 12:48:22] [config]   - data/newsdev2016.bpe.en
[2017-07-19 12:48:22] [config] vocabs:
[2017-07-19 12:48:22] [config]   - model/vocab.ro.yml
[2017-07-19 12:48:22] [config]   - model/vocab.en.yml
[2017-07-19 12:48:22] [config] workspace: 3000
[2017-07-19 12:48:22] [data] Loading vocabulary from model/vocab.ro.yml
[2017-07-19 12:48:22] [data] Loading vocabulary from model/vocab.en.yml
[2017-07-19 12:48:23] [batching] Collecting statistics for dynamic batching
[2017-07-19 12:48:26] [memory] Extending reserved space to 3072 MB (device 0)
[2017-07-19 12:48:26] [memory] Extending reserved space to 3072 MB (device 1)
[2017-07-19 12:48:26] [memory] Extending reserved space to 3072 MB (device 2)
[2017-07-19 12:48:27] [memory] Extending reserved space to 3072 MB (device 3)
[2017-07-19 12:48:27] [memory] Reserving 453 MB, device 0
[2017-07-19 12:48:27] [memory] Reserving 453 MB, device 0
[2017-07-19 12:48:53] [batching] Done
[2017-07-19 12:48:53] [memory] Extending reserved space to 3072 MB (device 0)
[2017-07-19 12:48:53] [memory] Extending reserved space to 3072 MB (device 1)
[2017-07-19 12:48:53] [memory] Extending reserved space to 3072 MB (device 2)
[2017-07-19 12:48:53] [memory] Extending reserved space to 3072 MB (device 3)
[2017-07-19 12:48:53] Training started
[2017-07-19 12:48:53] [data] Shuffling files
[2017-07-19 12:49:02] [data] Done
[2017-07-19 12:49:03] [memory] Reserving 453 MB, device 0
[2017-07-19 12:49:04] [memory] Reserving 453 MB, device 1
[2017-07-19 12:49:05] [memory] Reserving 453 MB, device 2
[2017-07-19 12:49:06] [memory] Reserving 453 MB, device 3
[2017-07-19 12:49:07] [memory] Reserving 113 MB, device 0
[2017-07-19 12:49:07] [memory] Reserving 113 MB, device 1
[2017-07-19 12:49:07] [memory] Reserving 113 MB, device 2
[2017-07-19 12:49:07] [memory] Reserving 113 MB, device 3
[2017-07-19 12:49:07] [memory] Reserving 113 MB, device 0
[2017-07-19 12:49:07] [memory] Reserving 113 MB, device 1
[2017-07-19 12:49:07] [memory] Reserving 113 MB, device 2
[2017-07-19 12:49:07] [memory] Reserving 113 MB, device 3
[2017-07-19 12:49:07] [memory] Reserving 113 MB, device 0
[2017-07-19 12:49:07] [memory] Reserving 113 MB, device 1
[2017-07-19 12:49:07] [memory] Reserving 113 MB, device 2
[2017-07-19 12:49:07] [memory] Reserving 113 MB, device 3
[2017-07-19 12:49:07] [memory] Reserving 453 MB, device 0
[2017-07-19 12:49:07] [memory] Reserving 453 MB, device 2
[2017-07-19 12:49:07] [memory] Reserving 453 MB, device 1
[2017-07-19 12:49:07] [memory] Reserving 453 MB, device 3
[2017-07-19 12:49:07] [memory] Reserving 113 MB, device 1
[2017-07-19 12:49:07] [memory] Reserving 113 MB, device 1
[2017-07-19 12:49:07] [memory] Reserving 113 MB, device 2
[2017-07-19 12:49:07] [memory] Reserving 113 MB, device 2
[2017-07-19 12:49:07] [memory] Reserving 113 MB, device 0
[2017-07-19 12:49:07] [memory] Reserving 113 MB, device 0
[2017-07-19 12:49:07] [memory] Reserving 113 MB, device 3
[2017-07-19 12:49:07] [memory] Reserving 113 MB, device 3
[2017-07-19 12:51:25] Ep. 1 : Up. 1000 : Sen. 100608 : Cost 153.15 : Time 152.61s : 16376.16 words/s
[2017-07-19 12:53:46] Ep. 1 : Up. 2000 : Sen. 200140 : Cost 125.13 : Time 140.85s : 17684.07 words/s
[2017-07-19 12:56:07] Ep. 1 : Up. 3000 : Sen. 299761 : Cost 105.11 : Time 140.48s : 17696.78 words/s
[2017-07-19 12:58:28] Ep. 1 : Up. 4000 : Sen. 399767 : Cost 91.91 : Time 140.97s : 17699.91 words/s
[2017-07-19 13:00:48] Ep. 1 : Up. 5000 : Sen. 500203 : Cost 82.56 : Time 140.80s : 17773.29 words/s
[2017-07-19 13:03:10] Ep. 1 : Up. 6000 : Sen. 600630 : Cost 75.94 : Time 141.16s : 17756.98 words/s
[2017-07-19 13:05:30] Ep. 1 : Up. 7000 : Sen. 700880 : Cost 70.88 : Time 140.71s : 17756.54 words/s
[2017-07-19 13:07:51] Ep. 1 : Up. 8000 : Sen. 800590 : Cost 67.42 : Time 140.35s : 17787.55 words/s
[2017-07-19 13:10:11] Ep. 1 : Up. 9000 : Sen. 899930 : Cost 64.47 : Time 139.91s : 17745.78 words/s
[2017-07-19 13:12:31] Ep. 1 : Up. 10000 : Sen. 999620 : Cost 61.58 : Time 140.45s : 17678.72 words/s
[2017-07-19 13:12:31] Saving model to model/model.iter10000.npz
[2017-07-19 13:12:32] Saving model to model/model.npz
[2017-07-19 13:12:35] [valid] 10000 : cross-entropy : 68.3975 : new best
[2017-07-19 13:12:35] Saving model to model/model.npz.dev.npz
[2017-07-19 13:12:49] [valid] 10000 : valid-script : 24.69 : new best
[2017-07-19 13:15:09] Ep. 1 : Up. 11000 : Sen. 1099390 : Cost 59.58 : Time 158.43s : 15744.70 words/s
[2017-07-19 13:17:30] Ep. 1 : Up. 12000 : Sen. 1199408 : Cost 58.14 : Time 140.57s : 17815.24 words/s
[2017-07-19 13:19:51] Ep. 1 : Up. 13000 : Sen. 1299560 : Cost 56.62 : Time 140.83s : 17785.36 words/s
[2017-07-19 13:22:11] Ep. 1 : Up. 14000 : Sen. 1399884 : Cost 54.99 : Time 140.24s : 17770.91 words/s
[2017-07-19 13:24:31] Ep. 1 : Up. 15000 : Sen. 1499270 : Cost 54.84 : Time 140.15s : 17793.72 words/s
[2017-07-19 13:26:51] Ep. 1 : Up. 16000 : Sen. 1599086 : Cost 53.10 : Time 140.13s : 17747.25 words/s
[2017-07-19 13:29:11] Ep. 1 : Up. 17000 : Sen. 1698829 : Cost 52.58 : Time 140.03s : 17823.28 words/s
[2017-07-19 13:31:31] Ep. 1 : Up. 18000 : Sen. 1798400 : Cost 51.60 : Time 140.02s : 17753.60 words/s
[2017-07-19 13:33:52] Ep. 1 : Up. 19000 : Sen. 1898589 : Cost 50.84 : Time 140.73s : 17810.32 words/s
[2017-07-19 13:36:12] Ep. 1 : Up. 20000 : Sen. 1998213 : Cost 49.79 : Time 139.53s : 17751.78 words/s
[2017-07-19 13:36:12] Saving model to model/model.iter20000.npz
[2017-07-19 13:36:13] Saving model to model/model.npz
[2017-07-19 13:36:16] [valid] 20000 : cross-entropy : 56.5937 : new best
[2017-07-19 13:36:16] Saving model to model/model.npz.dev.npz
[2017-07-19 13:36:29] [valid] 20000 : valid-script : 30.1 : new best
[2017-07-19 13:38:49] Ep. 1 : Up. 21000 : Sen. 2097940 : Cost 49.65 : Time 157.51s : 15837.34 words/s
[2017-07-19 13:41:09] Ep. 1 : Up. 22000 : Sen. 2197933 : Cost 48.72 : Time 139.83s : 17819.82 words/s
[2017-07-19 13:43:30] Ep. 1 : Up. 23000 : Sen. 2297760 : Cost 48.33 : Time 140.67s : 17798.49 words/s
[2017-07-19 13:45:50] Ep. 1 : Up. 24000 : Sen. 2398039 : Cost 47.75 : Time 140.11s : 17866.45 words/s
[2017-07-19 13:45:51] Seen 2398789 samples
[2017-07-19 13:45:51] Starting epoch 2
[2017-07-19 13:45:51] [data] Shuffling files
[2017-07-19 13:45:59] [data] Done
[2017-07-19 13:48:19] Ep. 2 : Up. 25000 : Sen. 99540 : Cost 46.03 : Time 148.86s : 16790.79 words/s
[2017-07-19 13:50:39] Ep. 2 : Up. 26000 : Sen. 199340 : Cost 45.81 : Time 140.81s : 17738.22 words/s
[2017-07-19 13:52:59] Ep. 2 : Up. 27000 : Sen. 299380 : Cost 45.37 : Time 139.84s : 17820.02 words/s
[2017-07-19 13:55:20] Ep. 2 : Up. 28000 : Sen. 399613 : Cost 45.11 : Time 140.40s : 17760.88 words/s
[2017-07-19 13:57:40] Ep. 2 : Up. 29000 : Sen. 499510 : Cost 44.67 : Time 139.89s : 17807.15 words/s
[2017-07-19 14:00:00] Ep. 2 : Up. 30000 : Sen. 599070 : Cost 45.00 : Time 139.95s : 17835.94 words/s
[2017-07-19 14:00:00] Saving model to model/model.iter30000.npz
[2017-07-19 14:00:01] Saving model to model/model.npz
[2017-07-19 14:00:04] [valid] 30000 : cross-entropy : 51.9504 : new best
[2017-07-19 14:00:04] Saving model to model/model.npz.dev.npz
[2017-07-19 14:00:17] [valid] 30000 : valid-script : 32.17 : new best
[2017-07-19 14:02:37] Ep. 2 : Up. 31000 : Sen. 698850 : Cost 44.47 : Time 157.56s : 15825.33 words/s
[2017-07-19 14:04:58] Ep. 2 : Up. 32000 : Sen. 799119 : Cost 43.89 : Time 140.52s : 17787.62 words/s
[2017-07-19 14:07:17] Ep. 2 : Up. 33000 : Sen. 898903 : Cost 43.73 : Time 139.80s : 17833.89 words/s
[2017-07-19 14:09:38] Ep. 2 : Up. 34000 : Sen. 998970 : Cost 43.80 : Time 140.18s : 17837.20 words/s
[2017-07-19 14:11:58] Ep. 2 : Up. 35000 : Sen. 1099590 : Cost 43.43 : Time 140.04s : 17900.34 words/s
[2017-07-19 14:14:18] Ep. 2 : Up. 36000 : Sen. 1199406 : Cost 43.17 : Time 140.33s : 17771.50 words/s
[2017-07-19 14:16:38] Ep. 2 : Up. 37000 : Sen. 1298990 : Cost 43.04 : Time 140.06s : 17769.41 words/s
[2017-07-19 14:18:58] Ep. 2 : Up. 38000 : Sen. 1398757 : Cost 42.80 : Time 140.06s : 17762.80 words/s
[2017-07-19 14:21:18] Ep. 2 : Up. 39000 : Sen. 1497500 : Cost 43.28 : Time 140.25s : 17697.67 words/s
[2017-07-19 14:23:38] Ep. 2 : Up. 40000 : Sen. 1597880 : Cost 42.19 : Time 139.94s : 17747.11 words/s
[2017-07-19 14:23:38] Saving model to model/model.iter40000.npz
[2017-07-19 14:23:39] Saving model to model/model.npz
[2017-07-19 14:23:42] [valid] 40000 : cross-entropy : 49.4896 : new best
[2017-07-19 14:23:42] Saving model to model/model.npz.dev.npz
[2017-07-19 14:23:56] [valid] 40000 : valid-script : 33.27 : new best
[2017-07-19 14:26:15] Ep. 2 : Up. 41000 : Sen. 1697745 : Cost 42.54 : Time 156.86s : 15925.21 words/s
[2017-07-19 14:28:36] Ep. 2 : Up. 42000 : Sen. 1797890 : Cost 42.24 : Time 140.56s : 17836.05 words/s
[2017-07-19 14:30:56] Ep. 2 : Up. 43000 : Sen. 1897570 : Cost 42.13 : Time 140.50s : 17744.93 words/s
[2017-07-19 14:33:16] Ep. 2 : Up. 44000 : Sen. 1997820 : Cost 41.83 : Time 139.99s : 17851.78 words/s
[2017-07-19 14:35:36] Ep. 2 : Up. 45000 : Sen. 2097800 : Cost 41.63 : Time 139.89s : 17791.45 words/s
[2017-07-19 14:37:57] Ep. 2 : Up. 46000 : Sen. 2197720 : Cost 41.53 : Time 140.50s : 17806.29 words/s
[2017-07-19 14:40:17] Ep. 2 : Up. 47000 : Sen. 2297870 : Cost 41.30 : Time 140.46s : 17835.84 words/s
[2017-07-19 14:42:37] Ep. 2 : Up. 48000 : Sen. 2397689 : Cost 41.13 : Time 139.69s : 17811.19 words/s
[2017-07-19 14:42:39] Seen 2399389 samples
[2017-07-19 14:42:39] Starting epoch 3
[2017-07-19 14:42:39] [data] Shuffling files
[2017-07-19 14:42:48] [data] Done
[2017-07-19 14:45:05] Ep. 3 : Up. 49000 : Sen. 97630 : Cost 39.50 : Time 148.49s : 16753.47 words/s
[2017-07-19 14:47:25] Ep. 3 : Up. 50000 : Sen. 197550 : Cost 39.41 : Time 140.00s : 17821.54 words/s
[2017-07-19 14:47:25] Saving model to model/model.iter50000.npz
[2017-07-19 14:47:26] Saving model to model/model.npz
[2017-07-19 14:47:29] [valid] 50000 : cross-entropy : 47.8451 : new best
[2017-07-19 14:47:29] Saving model to model/model.npz.dev.npz
[2017-07-19 14:47:43] [valid] 50000 : valid-script : 33.8 : new best
[2017-07-19 14:50:02] Ep. 3 : Up. 51000 : Sen. 297590 : Cost 39.49 : Time 157.09s : 15861.28 words/s
[2017-07-19 14:52:23] Ep. 3 : Up. 52000 : Sen. 397560 : Cost 39.24 : Time 140.47s : 17785.07 words/s
[2017-07-19 14:54:43] Ep. 3 : Up. 53000 : Sen. 497993 : Cost 39.33 : Time 140.73s : 17796.97 words/s
[2017-07-19 14:57:04] Ep. 3 : Up. 54000 : Sen. 598410 : Cost 39.40 : Time 140.87s : 17833.34 words/s
[2017-07-19 14:59:25] Ep. 3 : Up. 55000 : Sen. 698070 : Cost 39.43 : Time 140.33s : 17746.80 words/s
[2017-07-19 15:01:44] Ep. 3 : Up. 56000 : Sen. 797303 : Cost 39.26 : Time 139.76s : 17751.86 words/s
[2017-07-19 15:04:05] Ep. 3 : Up. 57000 : Sen. 897250 : Cost 39.32 : Time 140.43s : 17788.47 words/s
[2017-07-19 15:06:25] Ep. 3 : Up. 58000 : Sen. 997130 : Cost 39.26 : Time 140.50s : 17766.07 words/s
[2017-07-19 15:08:46] Ep. 3 : Up. 59000 : Sen. 1097722 : Cost 38.94 : Time 140.40s : 17840.08 words/s
[2017-07-19 15:11:06] Ep. 3 : Up. 60000 : Sen. 1197761 : Cost 39.00 : Time 140.42s : 17775.24 words/s
[2017-07-19 15:11:06] Saving model to model/model.iter60000.npz
[2017-07-19 15:11:07] Saving model to model/model.npz
[2017-07-19 15:11:10] [valid] 60000 : cross-entropy : 46.9447 : new best
[2017-07-19 15:11:10] Saving model to model/model.npz.dev.npz
[2017-07-19 15:11:24] [valid] 60000 : valid-script : 34.23 : new best
[2017-07-19 15:13:45] Ep. 3 : Up. 61000 : Sen. 1297820 : Cost 39.05 : Time 158.53s : 15797.12 words/s
[2017-07-19 15:16:05] Ep. 3 : Up. 62000 : Sen. 1397899 : Cost 38.83 : Time 140.11s : 17773.83 words/s
[2017-07-19 15:18:26] Ep. 3 : Up. 63000 : Sen. 1497390 : Cost 39.08 : Time 140.83s : 17657.43 words/s
[2017-07-19 15:20:46] Ep. 3 : Up. 64000 : Sen. 1596768 : Cost 38.87 : Time 140.64s : 17734.71 words/s
[2017-07-19 15:23:07] Ep. 3 : Up. 65000 : Sen. 1696960 : Cost 38.48 : Time 140.32s : 17784.90 words/s
[2017-07-19 15:25:27] Ep. 3 : Up. 66000 : Sen. 1797110 : Cost 38.34 : Time 140.40s : 17751.63 words/s
[2017-07-19 15:27:48] Ep. 3 : Up. 67000 : Sen. 1897762 : Cost 38.28 : Time 140.78s : 17795.86 words/s
[2017-07-19 15:30:08] Ep. 3 : Up. 68000 : Sen. 1996980 : Cost 38.66 : Time 140.00s : 17752.04 words/s
[2017-07-19 15:32:28] Ep. 3 : Up. 69000 : Sen. 2097410 : Cost 37.89 : Time 139.73s : 17892.60 words/s
[2017-07-19 15:34:48] Ep. 3 : Up. 70000 : Sen. 2197385 : Cost 38.42 : Time 140.34s : 17774.60 words/s
[2017-07-19 15:34:48] Saving model to model/model.iter70000.npz
[2017-07-19 15:34:49] Saving model to model/model.npz
[2017-07-19 15:34:52] [valid] 70000 : cross-entropy : 46.0975 : new best
[2017-07-19 15:34:52] Saving model to model/model.npz.dev.npz
[2017-07-19 15:35:06] [valid] 70000 : valid-script : 34.49 : new best
[2017-07-19 15:37:26] Ep. 3 : Up. 71000 : Sen. 2297260 : Cost 38.13 : Time 157.85s : 15822.08 words/s
[2017-07-19 15:39:46] Ep. 3 : Up. 72000 : Sen. 2397021 : Cost 38.21 : Time 139.95s : 17819.78 words/s
[2017-07-19 15:39:49] Seen 2399619 samples
[2017-07-19 15:39:49] Starting epoch 4
[2017-07-19 15:39:49] [data] Shuffling files
[2017-07-19 15:39:58] [data] Done
[2017-07-19 15:42:14] Ep. 4 : Up. 73000 : Sen. 97470 : Cost 36.43 : Time 148.68s : 16725.55 words/s
[2017-07-19 15:44:35] Ep. 4 : Up. 74000 : Sen. 196934 : Cost 36.70 : Time 140.20s : 17813.64 words/s
[2017-07-19 15:46:54] Ep. 4 : Up. 75000 : Sen. 296890 : Cost 36.54 : Time 139.88s : 17841.72 words/s
[2017-07-19 15:49:14] Ep. 4 : Up. 76000 : Sen. 396760 : Cost 36.64 : Time 139.80s : 17831.28 words/s
[2017-07-19 15:51:34] Ep. 4 : Up. 77000 : Sen. 496384 : Cost 36.46 : Time 139.59s : 17814.40 words/s
[2017-07-19 15:53:54] Ep. 4 : Up. 78000 : Sen. 595860 : Cost 36.90 : Time 140.41s : 17774.24 words/s
[2017-07-19 15:56:15] Ep. 4 : Up. 79000 : Sen. 696323 : Cost 36.53 : Time 140.32s : 17815.89 words/s
[2017-07-19 15:58:35] Ep. 4 : Up. 80000 : Sen. 796240 : Cost 36.64 : Time 140.50s : 17832.60 words/s
[2017-07-19 15:58:35] Saving model to model/model.iter80000.npz
[2017-07-19 15:58:37] Saving model to model/model.npz
[2017-07-19 15:58:40] [valid] 80000 : cross-entropy : 45.5813 : new best
[2017-07-19 15:58:40] Saving model to model/model.npz.dev.npz
[2017-07-19 15:58:54] [valid] 80000 : valid-script : 34.83 : new best
[2017-07-19 16:01:14] Ep. 4 : Up. 81000 : Sen. 896530 : Cost 36.59 : Time 158.63s : 15745.29 words/s
[2017-07-19 16:03:34] Ep. 4 : Up. 82000 : Sen. 996790 : Cost 36.57 : Time 140.26s : 17844.13 words/s
[2017-07-19 16:05:54] Ep. 4 : Up. 83000 : Sen. 1096250 : Cost 36.57 : Time 139.99s : 17765.13 words/s
[2017-07-19 16:08:14] Ep. 4 : Up. 84000 : Sen. 1195960 : Cost 36.40 : Time 139.92s : 17754.64 words/s
[2017-07-19 16:10:34] Ep. 4 : Up. 85000 : Sen. 1295102 : Cost 36.74 : Time 139.79s : 17742.41 words/s
[2017-07-19 16:12:54] Ep. 4 : Up. 86000 : Sen. 1395130 : Cost 36.46 : Time 140.36s : 17827.99 words/s
[2017-07-19 16:15:14] Ep. 4 : Up. 87000 : Sen. 1495000 : Cost 35.98 : Time 139.59s : 17729.57 words/s
[2017-07-19 16:17:34] Ep. 4 : Up. 88000 : Sen. 1594800 : Cost 36.43 : Time 140.05s : 17828.78 words/s
[2017-07-19 16:19:54] Ep. 4 : Up. 89000 : Sen. 1694687 : Cost 36.65 : Time 140.31s : 17821.02 words/s
[2017-07-19 16:22:14] Ep. 4 : Up. 90000 : Sen. 1794670 : Cost 36.17 : Time 140.10s : 17749.00 words/s
[2017-07-19 16:22:14] Saving model to model/model.iter90000.npz
[2017-07-19 16:22:15] Saving model to model/model.npz
[2017-07-19 16:22:18] [valid] 90000 : cross-entropy : 45.1176 : new best
[2017-07-19 16:22:18] Saving model to model/model.npz.dev.npz
[2017-07-19 16:22:32] [valid] 90000 : valid-script : 34.83 : stalled 1 times
[2017-07-19 16:24:51] Ep. 4 : Up. 91000 : Sen. 1894493 : Cost 36.45 : Time 157.05s : 15911.77 words/s
[2017-07-19 16:27:11] Ep. 4 : Up. 92000 : Sen. 1994380 : Cost 36.49 : Time 140.04s : 17802.63 words/s
[2017-07-19 16:29:32] Ep. 4 : Up. 93000 : Sen. 2094430 : Cost 36.27 : Time 140.44s : 17818.93 words/s
[2017-07-19 16:31:52] Ep. 4 : Up. 94000 : Sen. 2194430 : Cost 36.28 : Time 140.20s : 17785.92 words/s
[2017-07-19 16:34:12] Ep. 4 : Up. 95000 : Sen. 2294634 : Cost 36.19 : Time 140.24s : 17855.39 words/s
[2017-07-19 16:36:32] Ep. 4 : Up. 96000 : Sen. 2394971 : Cost 35.86 : Time 139.93s : 17813.37 words/s
[2017-07-19 16:36:38] Seen 2399499 samples
[2017-07-19 16:36:38] Starting epoch 5
[2017-07-19 16:36:38] [data] Shuffling files
[2017-07-19 16:36:48] [data] Done
[2017-07-19 16:39:01] Ep. 5 : Up. 97000 : Sen. 95535 : Cost 34.40 : Time 149.15s : 16731.65 words/s
[2017-07-19 16:41:21] Ep. 5 : Up. 98000 : Sen. 195890 : Cost 34.55 : Time 140.26s : 17846.21 words/s
[2017-07-19 16:43:42] Ep. 5 : Up. 99000 : Sen. 296204 : Cost 34.69 : Time 140.71s : 17831.37 words/s
[2017-07-19 16:46:02] Ep. 5 : Up. 100000 : Sen. 396150 : Cost 34.48 : Time 139.64s : 17845.39 words/s
[2017-07-19 16:46:02] Saving model to model/model.iter100000.npz
[2017-07-19 16:46:03] Saving model to model/model.npz
[2017-07-19 16:46:06] [valid] 100000 : cross-entropy : 44.7083 : new best
[2017-07-19 16:46:06] Saving model to model/model.npz.dev.npz
[2017-07-19 16:46:19] [valid] 100000 : valid-script : 35.05 : new best
[2017-07-19 16:48:40] Ep. 5 : Up. 101000 : Sen. 495860 : Cost 34.82 : Time 157.89s : 15835.87 words/s
[2017-07-19 16:50:59] Ep. 5 : Up. 102000 : Sen. 595540 : Cost 34.66 : Time 139.44s : 17809.07 words/s
[2017-07-19 16:53:20] Ep. 5 : Up. 103000 : Sen. 695940 : Cost 34.84 : Time 140.82s : 17822.53 words/s
[2017-07-19 16:55:40] Ep. 5 : Up. 104000 : Sen. 796129 : Cost 34.73 : Time 140.17s : 17813.94 words/s
[2017-07-19 16:58:00] Ep. 5 : Up. 105000 : Sen. 895838 : Cost 34.95 : Time 139.74s : 17845.71 words/s
[2017-07-19 17:00:20] Ep. 5 : Up. 106000 : Sen. 995527 : Cost 35.01 : Time 139.91s : 17799.10 words/s
[2017-07-19 17:02:40] Ep. 5 : Up. 107000 : Sen. 1095550 : Cost 35.01 : Time 139.78s : 17900.77 words/s
[2017-07-19 17:04:59] Ep. 5 : Up. 108000 : Sen. 1195379 : Cost 34.53 : Time 139.16s : 17803.42 words/s
[2017-07-19 17:07:18] Ep. 5 : Up. 109000 : Sen. 1294754 : Cost 34.95 : Time 139.66s : 17853.67 words/s
[2017-07-19 17:09:38] Ep. 5 : Up. 110000 : Sen. 1394770 : Cost 34.65 : Time 140.09s : 17787.23 words/s
[2017-07-19 17:09:38] Saving model to model/model.iter110000.npz
[2017-07-19 17:09:39] Saving model to model/model.npz
[2017-07-19 17:09:43] [valid] 110000 : cross-entropy : 44.4703 : new best
[2017-07-19 17:09:43] Saving model to model/model.npz.dev.npz
[2017-07-19 17:09:56] [valid] 110000 : valid-script : 34.96 : stalled 1 times
[2017-07-19 17:12:15] Ep. 5 : Up. 111000 : Sen. 1494180 : Cost 35.06 : Time 156.69s : 15818.69 words/s
[2017-07-19 17:14:36] Ep. 5 : Up. 112000 : Sen. 1594100 : Cost 35.02 : Time 140.52s : 17805.80 words/s
[2017-07-19 17:16:56] Ep. 5 : Up. 113000 : Sen. 1693860 : Cost 35.01 : Time 139.99s : 17768.18 words/s
[2017-07-19 17:19:16] Ep. 5 : Up. 114000 : Sen. 1793872 : Cost 34.89 : Time 140.15s : 17853.71 words/s
[2017-07-19 17:21:36] Ep. 5 : Up. 115000 : Sen. 1893680 : Cost 34.87 : Time 139.94s : 17812.17 words/s
[2017-07-19 17:23:56] Ep. 5 : Up. 116000 : Sen. 1992870 : Cost 35.26 : Time 140.25s : 17746.44 words/s
[2017-07-19 17:26:16] Ep. 5 : Up. 117000 : Sen. 2093000 : Cost 34.57 : Time 139.84s : 17821.32 words/s
[2017-07-19 17:28:36] Ep. 5 : Up. 118000 : Sen. 2192840 : Cost 34.88 : Time 139.75s : 17785.42 words/s
[2017-07-19 17:30:56] Ep. 5 : Up. 119000 : Sen. 2292500 : Cost 34.84 : Time 140.18s : 17749.28 words/s
[2017-07-19 17:33:15] Ep. 5 : Up. 120000 : Sen. 2393010 : Cost 34.83 : Time 139.76s : 17899.12 words/s
[2017-07-19 17:33:16] Saving model to model/model.iter120000.npz
[2017-07-19 17:33:16] Saving model to model/model.npz
[2017-07-19 17:33:20] [valid] 120000 : cross-entropy : 44.1022 : new best
[2017-07-19 17:33:20] Saving model to model/model.npz.dev.npz
[2017-07-19 17:33:33] [valid] 120000 : valid-script : 35.38 : new best
[2017-07-19 17:33:42] Seen 2399619 samples
[2017-07-19 17:33:42] Starting epoch 6
[2017-07-19 17:33:42] [data] Shuffling files
[2017-07-19 17:33:51] [data] Done
[2017-07-19 17:36:01] Ep. 6 : Up. 121000 : Sen. 93211 : Cost 33.17 : Time 165.27s : 15097.18 words/s
[2017-07-19 17:38:20] Ep. 6 : Up. 122000 : Sen. 192880 : Cost 32.98 : Time 139.74s : 17821.39 words/s
[2017-07-19 17:40:40] Ep. 6 : Up. 123000 : Sen. 292395 : Cost 33.57 : Time 139.73s : 17854.79 words/s
[2017-07-19 17:43:00] Ep. 6 : Up. 124000 : Sen. 392760 : Cost 33.03 : Time 139.38s : 17879.20 words/s
[2017-07-19 17:45:19] Ep. 6 : Up. 125000 : Sen. 492590 : Cost 33.47 : Time 139.83s : 17830.22 words/s
[2017-07-19 17:47:39] Ep. 6 : Up. 126000 : Sen. 592084 : Cost 33.44 : Time 139.88s : 17802.25 words/s
[2017-07-19 17:49:59] Ep. 6 : Up. 127000 : Sen. 691960 : Cost 33.33 : Time 139.66s : 17851.04 words/s
[2017-07-19 17:52:19] Ep. 6 : Up. 128000 : Sen. 792054 : Cost 33.62 : Time 140.25s : 17836.47 words/s
[2017-07-19 17:54:39] Ep. 6 : Up. 129000 : Sen. 891785 : Cost 33.46 : Time 139.63s : 17802.46 words/s
[2017-07-19 17:56:59] Ep. 6 : Up. 130000 : Sen. 991528 : Cost 33.45 : Time 140.24s : 17759.79 words/s
[2017-07-19 17:56:59] Saving model to model/model.iter130000.npz
[2017-07-19 17:57:01] Saving model to model/model.npz
[2017-07-19 17:57:04] [valid] 130000 : cross-entropy : 43.9378 : new best
[2017-07-19 17:57:04] Saving model to model/model.npz.dev.npz
[2017-07-19 17:57:17] [valid] 130000 : valid-script : 35.3 : stalled 1 times
[2017-07-19 17:59:37] Ep. 6 : Up. 131000 : Sen. 1091118 : Cost 33.79 : Time 157.52s : 15800.40 words/s
[2017-07-19 18:01:56] Ep. 6 : Up. 132000 : Sen. 1190580 : Cost 33.90 : Time 139.59s : 17823.85 words/s
[2017-07-19 18:04:17] Ep. 6 : Up. 133000 : Sen. 1291110 : Cost 33.52 : Time 140.33s : 17885.06 words/s
[2017-07-19 18:06:36] Ep. 6 : Up. 134000 : Sen. 1391176 : Cost 33.50 : Time 139.68s : 17789.53 words/s
[2017-07-19 18:08:56] Ep. 6 : Up. 135000 : Sen. 1491210 : Cost 33.89 : Time 140.21s : 17910.76 words/s
[2017-07-19 18:11:16] Ep. 6 : Up. 136000 : Sen. 1590336 : Cost 34.02 : Time 140.05s : 17764.41 words/s
[2017-07-19 18:13:36] Ep. 6 : Up. 137000 : Sen. 1690490 : Cost 33.55 : Time 139.63s : 17792.91 words/s
[2017-07-19 18:15:57] Ep. 6 : Up. 138000 : Sen. 1791020 : Cost 33.61 : Time 141.07s : 17801.59 words/s
[2017-07-19 18:18:17] Ep. 6 : Up. 139000 : Sen. 1890900 : Cost 33.73 : Time 139.72s : 17876.38 words/s
[2017-07-19 18:20:36] Ep. 6 : Up. 140000 : Sen. 1990598 : Cost 33.91 : Time 139.45s : 17806.84 words/s
[2017-07-19 18:20:36] Saving model to model/model.iter140000.npz
[2017-07-19 18:20:37] Saving model to model/model.npz
[2017-07-19 18:20:41] [valid] 140000 : cross-entropy : 43.7866 : new best
[2017-07-19 18:20:41] Saving model to model/model.npz.dev.npz
[2017-07-19 18:20:54] [valid] 140000 : valid-script : 35.35 : stalled 2 times
[2017-07-19 18:23:13] Ep. 6 : Up. 141000 : Sen. 2090463 : Cost 33.86 : Time 156.72s : 15914.51 words/s
[2017-07-19 18:25:33] Ep. 6 : Up. 142000 : Sen. 2190130 : Cost 33.68 : Time 139.95s : 17781.09 words/s
[2017-07-19 18:27:53] Ep. 6 : Up. 143000 : Sen. 2290296 : Cost 33.47 : Time 140.04s : 17849.50 words/s
[2017-07-19 18:30:13] Ep. 6 : Up. 144000 : Sen. 2390180 : Cost 33.69 : Time 139.76s : 17823.40 words/s
[2017-07-19 18:30:26] Seen 2399140 samples
[2017-07-19 18:30:26] Starting epoch 7
[2017-07-19 18:30:26] [data] Shuffling files
[2017-07-19 18:30:35] [data] Done
[2017-07-19 18:32:42] Ep. 7 : Up. 145000 : Sen. 91369 : Cost 32.27 : Time 149.29s : 16754.30 words/s
[2017-07-19 18:35:03] Ep. 7 : Up. 146000 : Sen. 191619 : Cost 32.07 : Time 140.55s : 17786.46 words/s
[2017-07-19 18:37:22] Ep. 7 : Up. 147000 : Sen. 291439 : Cost 32.17 : Time 139.69s : 17863.31 words/s
[2017-07-19 18:39:43] Ep. 7 : Up. 148000 : Sen. 390605 : Cost 32.38 : Time 140.18s : 17705.52 words/s
[2017-07-19 18:42:02] Ep. 7 : Up. 149000 : Sen. 490748 : Cost 32.29 : Time 139.62s : 17835.17 words/s
[2017-07-19 18:44:22] Ep. 7 : Up. 150000 : Sen. 590247 : Cost 32.41 : Time 139.98s : 17768.66 words/s
[2017-07-19 18:44:22] Saving model to model/model.iter150000.npz
[2017-07-19 18:44:23] Saving model to model/model.npz
[2017-07-19 18:44:26] [valid] 150000 : cross-entropy : 43.6965 : new best
[2017-07-19 18:44:26] Saving model to model/model.npz.dev.npz
[2017-07-19 18:44:40] [valid] 150000 : valid-script : 35.27 : stalled 3 times
[2017-07-19 18:46:59] Ep. 7 : Up. 151000 : Sen. 689749 : Cost 32.77 : Time 157.07s : 15900.42 words/s
[2017-07-19 18:49:19] Ep. 7 : Up. 152000 : Sen. 790046 : Cost 32.65 : Time 140.32s : 17822.16 words/s
[2017-07-19 18:51:40] Ep. 7 : Up. 153000 : Sen. 889985 : Cost 32.61 : Time 140.51s : 17729.31 words/s
[2017-07-19 18:54:00] Ep. 7 : Up. 154000 : Sen. 989989 : Cost 32.72 : Time 140.24s : 17825.06 words/s
[2017-07-19 18:56:20] Ep. 7 : Up. 155000 : Sen. 1090149 : Cost 32.76 : Time 140.12s : 17833.19 words/s
[2017-07-19 18:58:40] Ep. 7 : Up. 156000 : Sen. 1190219 : Cost 32.42 : Time 140.06s : 17794.85 words/s
[2017-07-19 19:01:00] Ep. 7 : Up. 157000 : Sen. 1290033 : Cost 32.62 : Time 139.87s : 17792.46 words/s
[2017-07-19 19:03:20] Ep. 7 : Up. 158000 : Sen. 1389859 : Cost 32.43 : Time 140.12s : 17810.32 words/s
[2017-07-19 19:05:41] Ep. 7 : Up. 159000 : Sen. 1489706 : Cost 32.66 : Time 140.44s : 17711.44 words/s
[2017-07-19 19:08:01] Ep. 7 : Up. 160000 : Sen. 1589222 : Cost 32.93 : Time 139.87s : 17809.87 words/s
[2017-07-19 19:08:01] Saving model to model/model.iter160000.npz
[2017-07-19 19:08:02] Saving model to model/model.npz
[2017-07-19 19:08:05] [valid] 160000 : cross-entropy : 43.6591 : new best
[2017-07-19 19:08:05] Saving model to model/model.npz.dev.npz
[2017-07-19 19:08:18] [valid] 160000 : valid-script : 35.47 : new best
[2017-07-19 19:10:38] Ep. 7 : Up. 161000 : Sen. 1689263 : Cost 32.75 : Time 157.11s : 15889.36 words/s
[2017-07-19 19:12:58] Ep. 7 : Up. 162000 : Sen. 1789408 : Cost 32.89 : Time 140.33s : 17819.19 words/s
[2017-07-19 19:15:19] Ep. 7 : Up. 163000 : Sen. 1889139 : Cost 33.18 : Time 140.64s : 17752.09 words/s
[2017-07-19 19:17:39] Ep. 7 : Up. 164000 : Sen. 1989068 : Cost 32.82 : Time 140.27s : 17834.41 words/s
[2017-07-19 19:19:59] Ep. 7 : Up. 165000 : Sen. 2088469 : Cost 32.56 : Time 139.78s : 17721.60 words/s
[2017-07-19 19:22:19] Ep. 7 : Up. 166000 : Sen. 2187798 : Cost 33.07 : Time 140.06s : 17725.70 words/s
[2017-07-19 19:24:40] Ep. 7 : Up. 167000 : Sen. 2288179 : Cost 32.96 : Time 140.68s : 17800.69 words/s
[2017-07-19 19:27:00] Ep. 7 : Up. 168000 : Sen. 2388259 : Cost 32.99 : Time 140.48s : 17804.35 words/s
[2017-07-19 19:27:16] Seen 2399848 samples
[2017-07-19 19:27:16] Starting epoch 8
[2017-07-19 19:27:16] [data] Shuffling files
[2017-07-19 19:27:25] [data] Done
[2017-07-19 19:29:29] Ep. 8 : Up. 169000 : Sen. 88724 : Cost 31.35 : Time 148.70s : 16794.33 words/s
[2017-07-19 19:31:49] Ep. 8 : Up. 170000 : Sen. 188299 : Cost 31.25 : Time 140.13s : 17739.91 words/s
[2017-07-19 19:31:49] Saving model to model/model.iter170000.npz
[2017-07-19 19:31:50] Saving model to model/model.npz
[2017-07-19 19:31:53] [valid] 170000 : cross-entropy : 43.4711 : new best
[2017-07-19 19:31:53] Saving model to model/model.npz.dev.npz
[2017-07-19 19:32:06] [valid] 170000 : valid-script : 35.73 : new best
[2017-07-19 19:34:25] Ep. 8 : Up. 171000 : Sen. 287810 : Cost 31.28 : Time 156.46s : 15849.05 words/s
[2017-07-19 19:36:46] Ep. 8 : Up. 172000 : Sen. 387420 : Cost 31.38 : Time 140.39s : 17766.70 words/s
[2017-07-19 19:39:06] Ep. 8 : Up. 173000 : Sen. 487050 : Cost 31.51 : Time 139.99s : 17706.97 words/s
[2017-07-19 19:41:26] Ep. 8 : Up. 174000 : Sen. 587521 : Cost 31.85 : Time 140.60s : 17824.60 words/s
[2017-07-19 19:43:46] Ep. 8 : Up. 175000 : Sen. 687400 : Cost 31.51 : Time 140.06s : 17762.46 words/s
[2017-07-19 19:46:07] Ep. 8 : Up. 176000 : Sen. 787322 : Cost 31.98 : Time 140.70s : 17777.03 words/s
[2017-07-19 19:48:28] Ep. 8 : Up. 177000 : Sen. 887461 : Cost 31.67 : Time 140.56s : 17748.47 words/s
[2017-07-19 19:50:48] Ep. 8 : Up. 178000 : Sen. 987180 : Cost 31.74 : Time 140.51s : 17811.59 words/s
[2017-07-19 19:53:09] Ep. 8 : Up. 179000 : Sen. 1087453 : Cost 31.54 : Time 140.34s : 17810.03 words/s
[2017-07-19 19:55:29] Ep. 8 : Up. 180000 : Sen. 1187580 : Cost 31.91 : Time 140.52s : 17737.36 words/s
[2017-07-19 19:55:29] Saving model to model/model.iter180000.npz
[2017-07-19 19:55:30] Saving model to model/model.npz
[2017-07-19 19:55:33] [valid] 180000 : cross-entropy : 43.4334 : new best
[2017-07-19 19:55:33] Saving model to model/model.npz.dev.npz
[2017-07-19 19:55:46] [valid] 180000 : valid-script : 35.69 : stalled 1 times
[2017-07-19 19:58:07] Ep. 8 : Up. 181000 : Sen. 1287000 : Cost 32.19 : Time 157.56s : 15848.95 words/s
[2017-07-19 20:00:27] Ep. 8 : Up. 182000 : Sen. 1387097 : Cost 31.57 : Time 140.42s : 17777.42 words/s
[2017-07-19 20:02:47] Ep. 8 : Up. 183000 : Sen. 1487010 : Cost 31.75 : Time 139.96s : 17858.73 words/s
[2017-07-19 20:05:07] Ep. 8 : Up. 184000 : Sen. 1586880 : Cost 32.19 : Time 140.48s : 17766.42 words/s
[2017-07-19 20:07:28] Ep. 8 : Up. 185000 : Sen. 1686586 : Cost 31.97 : Time 140.27s : 17695.49 words/s
[2017-07-19 20:09:48] Ep. 8 : Up. 186000 : Sen. 1786410 : Cost 32.28 : Time 140.09s : 17785.24 words/s
[2017-07-19 20:12:08] Ep. 8 : Up. 187000 : Sen. 1885794 : Cost 31.79 : Time 139.92s : 17737.93 words/s
[2017-07-19 20:14:28] Ep. 8 : Up. 188000 : Sen. 1985950 : Cost 31.64 : Time 140.67s : 17789.88 words/s
[2017-07-19 20:16:49] Ep. 8 : Up. 189000 : Sen. 2085340 : Cost 32.03 : Time 140.20s : 17746.02 words/s
[2017-07-19 20:19:09] Ep. 8 : Up. 190000 : Sen. 2185150 : Cost 32.23 : Time 140.49s : 17767.01 words/s
[2017-07-19 20:19:09] Saving model to model/model.iter190000.npz
[2017-07-19 20:19:10] Saving model to model/model.npz
[2017-07-19 20:19:13] [valid] 190000 : cross-entropy : 43.3113 : new best
[2017-07-19 20:19:13] Saving model to model/model.npz.dev.npz
[2017-07-19 20:19:27] [valid] 190000 : valid-script : 35.68 : stalled 2 times
[2017-07-19 20:21:47] Ep. 8 : Up. 191000 : Sen. 2285190 : Cost 31.96 : Time 157.46s : 15822.85 words/s
[2017-07-19 20:24:07] Ep. 8 : Up. 192000 : Sen. 2385049 : Cost 32.14 : Time 140.49s : 17741.54 words/s
[2017-07-19 20:24:27] Seen 2399519 samples
[2017-07-19 20:24:27] Starting epoch 9
[2017-07-19 20:24:27] [data] Shuffling files
[2017-07-19 20:24:36] [data] Done
[2017-07-19 20:26:36] Ep. 9 : Up. 193000 : Sen. 85252 : Cost 30.73 : Time 148.90s : 16760.90 words/s
[2017-07-19 20:28:56] Ep. 9 : Up. 194000 : Sen. 184593 : Cost 30.48 : Time 140.27s : 17684.24 words/s
[2017-07-19 20:31:17] Ep. 9 : Up. 195000 : Sen. 284768 : Cost 30.69 : Time 140.65s : 17750.89 words/s
[2017-07-19 20:33:37] Ep. 9 : Up. 196000 : Sen. 385230 : Cost 30.77 : Time 140.46s : 17822.46 words/s
[2017-07-19 20:35:58] Ep. 9 : Up. 197000 : Sen. 484989 : Cost 30.71 : Time 140.29s : 17737.52 words/s
[2017-07-19 20:38:18] Ep. 9 : Up. 198000 : Sen. 585421 : Cost 30.76 : Time 140.39s : 17826.80 words/s
[2017-07-19 20:40:39] Ep. 9 : Up. 199000 : Sen. 685170 : Cost 30.90 : Time 140.89s : 17709.88 words/s
[2017-07-19 20:43:00] Ep. 9 : Up. 200000 : Sen. 785287 : Cost 31.02 : Time 140.67s : 17794.70 words/s
[2017-07-19 20:43:00] Saving model to model/model.iter200000.npz
[2017-07-19 20:43:01] Saving model to model/model.npz
[2017-07-19 20:43:04] [valid] 200000 : cross-entropy : 43.3063 : new best
[2017-07-19 20:43:04] Saving model to model/model.npz.dev.npz
[2017-07-19 20:43:18] [valid] 200000 : valid-script : 35.76 : new best
[2017-07-19 20:45:38] Ep. 9 : Up. 201000 : Sen. 885590 : Cost 31.04 : Time 157.98s : 15796.98 words/s
[2017-07-19 20:47:58] Ep. 9 : Up. 202000 : Sen. 985390 : Cost 31.43 : Time 140.04s : 17792.82 words/s
[2017-07-19 20:50:18] Ep. 9 : Up. 203000 : Sen. 1084880 : Cost 31.23 : Time 140.44s : 17741.90 words/s
[2017-07-19 20:52:38] Ep. 9 : Up. 204000 : Sen. 1184500 : Cost 31.14 : Time 140.33s : 17704.73 words/s
[2017-07-19 20:54:59] Ep. 9 : Up. 205000 : Sen. 1284493 : Cost 31.09 : Time 140.75s : 17732.69 words/s
[2017-07-19 20:57:19] Ep. 9 : Up. 206000 : Sen. 1384425 : Cost 31.27 : Time 140.07s : 17761.48 words/s
[2017-07-19 20:59:40] Ep. 9 : Up. 207000 : Sen. 1484460 : Cost 30.92 : Time 140.83s : 17725.72 words/s
[2017-07-19 21:02:00] Ep. 9 : Up. 208000 : Sen. 1584323 : Cost 31.27 : Time 140.28s : 17828.99 words/s
[2017-07-19 21:04:21] Ep. 9 : Up. 209000 : Sen. 1683980 : Cost 31.36 : Time 140.37s : 17730.89 words/s
[2017-07-19 21:06:41] Ep. 9 : Up. 210000 : Sen. 1784266 : Cost 30.88 : Time 140.16s : 17764.54 words/s
[2017-07-19 21:06:41] Saving model to model/model.iter210000.npz
[2017-07-19 21:06:42] Saving model to model/model.npz
[2017-07-19 21:06:45] [valid] 210000 : cross-entropy : 43.2845 : new best
[2017-07-19 21:06:45] Saving model to model/model.npz.dev.npz
[2017-07-19 21:06:59] [valid] 210000 : valid-script : 36.04 : new best
[2017-07-19 21:09:18] Ep. 9 : Up. 211000 : Sen. 1883852 : Cost 31.54 : Time 157.54s : 15843.96 words/s
[2017-07-19 21:11:39] Ep. 9 : Up. 212000 : Sen. 1983240 : Cost 31.43 : Time 140.33s : 17796.45 words/s
[2017-07-19 21:13:59] Ep. 9 : Up. 213000 : Sen. 2083256 : Cost 31.72 : Time 140.47s : 17830.53 words/s
[2017-07-19 21:16:20] Ep. 9 : Up. 214000 : Sen. 2183985 : Cost 31.24 : Time 140.58s : 17788.37 words/s
[2017-07-19 21:18:40] Ep. 9 : Up. 215000 : Sen. 2283734 : Cost 31.55 : Time 140.21s : 17822.30 words/s
[2017-07-19 21:21:00] Ep. 9 : Up. 216000 : Sen. 2383623 : Cost 31.41 : Time 140.48s : 17708.10 words/s
[2017-07-19 21:21:23] Seen 2399590 samples
[2017-07-19 21:21:23] Starting epoch 10
[2017-07-19 21:21:23] [data] Shuffling files
[2017-07-19 21:21:32] [data] Done
[2017-07-19 21:23:29] Ep. 10 : Up. 217000 : Sen. 83859 : Cost 30.02 : Time 148.83s : 16793.97 words/s
[2017-07-19 21:25:49] Ep. 10 : Up. 218000 : Sen. 183549 : Cost 29.85 : Time 140.16s : 17741.44 words/s
[2017-07-19 21:28:11] Ep. 10 : Up. 219000 : Sen. 283989 : Cost 30.21 : Time 141.15s : 17851.97 words/s
[2017-07-19 21:30:31] Ep. 10 : Up. 220000 : Sen. 383669 : Cost 29.98 : Time 140.09s : 17757.55 words/s
[2017-07-19 21:30:31] Saving model to model/model.iter220000.npz
[2017-07-19 21:30:32] Saving model to model/model.npz
[2017-07-19 21:30:35] [valid] 220000 : cross-entropy : 43.2315 : new best
[2017-07-19 21:30:35] Saving model to model/model.npz.dev.npz
[2017-07-19 21:30:48] [valid] 220000 : valid-script : 36.02 : stalled 1 times
[2017-07-19 21:33:08] Ep. 10 : Up. 221000 : Sen. 483449 : Cost 30.37 : Time 157.39s : 15866.91 words/s
[2017-07-19 21:35:29] Ep. 10 : Up. 222000 : Sen. 583759 : Cost 30.06 : Time 140.86s : 17718.08 words/s
[2017-07-19 21:37:49] Ep. 10 : Up. 223000 : Sen. 683679 : Cost 30.45 : Time 140.04s : 17780.59 words/s
[2017-07-19 21:40:09] Ep. 10 : Up. 224000 : Sen. 783135 : Cost 30.18 : Time 140.21s : 17722.23 words/s
[2017-07-19 21:42:29] Ep. 10 : Up. 225000 : Sen. 883109 : Cost 30.44 : Time 139.96s : 17847.96 words/s
[2017-07-19 21:44:49] Ep. 10 : Up. 226000 : Sen. 983095 : Cost 30.28 : Time 140.29s : 17772.43 words/s
[2017-07-19 21:47:10] Ep. 10 : Up. 227000 : Sen. 1082929 : Cost 30.68 : Time 140.83s : 17720.51 words/s
[2017-07-19 21:49:30] Ep. 10 : Up. 228000 : Sen. 1182692 : Cost 30.49 : Time 140.04s : 17751.51 words/s
[2017-07-19 21:51:50] Ep. 10 : Up. 229000 : Sen. 1282447 : Cost 30.57 : Time 139.82s : 17865.42 words/s
[2017-07-19 21:54:10] Ep. 10 : Up. 230000 : Sen. 1382543 : Cost 30.68 : Time 139.97s : 17823.15 words/s
[2017-07-19 21:54:10] Saving model to model/model.iter230000.npz
[2017-07-19 21:54:11] Saving model to model/model.npz
[2017-07-19 21:54:14] [valid] 230000 : cross-entropy : 43.2469 : stalled 1 times
[2017-07-19 21:54:14] Saving model to model/model.npz.dev.npz
[2017-07-19 21:54:27] [valid] 230000 : valid-script : 36.05 : new best
[2017-07-19 21:56:47] Ep. 10 : Up. 231000 : Sen. 1482379 : Cost 30.46 : Time 157.19s : 15815.74 words/s
[2017-07-19 21:59:07] Ep. 10 : Up. 232000 : Sen. 1581999 : Cost 30.53 : Time 139.90s : 17751.00 words/s
[2017-07-19 22:01:27] Ep. 10 : Up. 233000 : Sen. 1681689 : Cost 30.74 : Time 140.35s : 17799.17 words/s
[2017-07-19 22:03:48] Ep. 10 : Up. 234000 : Sen. 1782036 : Cost 30.75 : Time 140.18s : 17783.40 words/s
[2017-07-19 22:06:08] Ep. 10 : Up. 235000 : Sen. 1881739 : Cost 30.78 : Time 139.98s : 17800.27 words/s
[2017-07-19 22:08:27] Ep. 10 : Up. 236000 : Sen. 1981059 : Cost 30.92 : Time 139.85s : 17756.53 words/s
[2017-07-19 22:10:48] Ep. 10 : Up. 237000 : Sen. 2080839 : Cost 30.86 : Time 140.29s : 17783.79 words/s
[2017-07-19 22:13:08] Ep. 10 : Up. 238000 : Sen. 2180769 : Cost 30.93 : Time 140.29s : 17763.79 words/s
[2017-07-19 22:15:28] Ep. 10 : Up. 239000 : Sen. 2280582 : Cost 31.06 : Time 139.95s : 17841.93 words/s
[2017-07-19 22:17:48] Ep. 10 : Up. 240000 : Sen. 2380549 : Cost 31.07 : Time 140.39s : 17770.04 words/s
[2017-07-19 22:17:48] Saving model to model/model.iter240000.npz
[2017-07-19 22:17:49] Saving model to model/model.npz
[2017-07-19 22:17:52] [valid] 240000 : cross-entropy : 43.1287 : new best
[2017-07-19 22:17:52] Saving model to model/model.npz.dev.npz
[2017-07-19 22:18:06] [valid] 240000 : valid-script : 35.84 : stalled 1 times
[2017-07-19 22:18:32] Seen 2399360 samples
[2017-07-19 22:18:32] Starting epoch 11
[2017-07-19 22:18:32] [data] Shuffling files
[2017-07-19 22:18:41] [data] Done
[2017-07-19 22:20:35] Ep. 11 : Up. 241000 : Sen. 81374 : Cost 29.53 : Time 166.18s : 15018.65 words/s
[2017-07-19 22:22:55] Ep. 11 : Up. 242000 : Sen. 181088 : Cost 29.41 : Time 140.07s : 17764.54 words/s
[2017-07-19 22:25:15] Ep. 11 : Up. 243000 : Sen. 281308 : Cost 29.53 : Time 140.44s : 17833.02 words/s
[2017-07-19 22:27:37] Ep. 11 : Up. 244000 : Sen. 382198 : Cost 29.76 : Time 141.41s : 17877.18 words/s
[2017-07-19 22:29:56] Ep. 11 : Up. 245000 : Sen. 482234 : Cost 29.41 : Time 139.38s : 17821.27 words/s
[2017-07-19 22:32:16] Ep. 11 : Up. 246000 : Sen. 582298 : Cost 29.75 : Time 140.13s : 17846.75 words/s
[2017-07-19 22:34:36] Ep. 11 : Up. 247000 : Sen. 682668 : Cost 29.87 : Time 140.03s : 17832.98 words/s
[2017-07-19 22:36:56] Ep. 11 : Up. 248000 : Sen. 782118 : Cost 30.10 : Time 139.99s : 17830.07 words/s
[2017-07-19 22:39:16] Ep. 11 : Up. 249000 : Sen. 881996 : Cost 30.01 : Time 139.79s : 17818.68 words/s
[2017-07-19 22:41:36] Ep. 11 : Up. 250000 : Sen. 981099 : Cost 30.01 : Time 139.83s : 17726.22 words/s
[2017-07-19 22:41:36] Saving model to model/model.iter250000.npz
[2017-07-19 22:41:37] Saving model to model/model.npz
[2017-07-19 22:41:40] [valid] 250000 : cross-entropy : 43.184 : stalled 1 times
[2017-07-19 22:41:40] Saving model to model/model.npz.dev.npz
[2017-07-19 22:41:53] [valid] 250000 : valid-script : 35.86 : stalled 2 times
[2017-07-19 22:44:13] Ep. 11 : Up. 251000 : Sen. 1080748 : Cost 30.23 : Time 157.75s : 15766.25 words/s
[2017-07-19 22:46:34] Ep. 11 : Up. 252000 : Sen. 1180508 : Cost 29.87 : Time 140.24s : 17780.03 words/s
[2017-07-19 22:48:54] Ep. 11 : Up. 253000 : Sen. 1280818 : Cost 29.92 : Time 140.17s : 17803.34 words/s
[2017-07-19 22:51:15] Ep. 11 : Up. 254000 : Sen. 1381048 : Cost 30.13 : Time 140.80s : 17754.03 words/s
[2017-07-19 22:53:35] Ep. 11 : Up. 255000 : Sen. 1480270 : Cost 30.36 : Time 140.34s : 17696.59 words/s
[2017-07-19 22:55:56] Ep. 11 : Up. 256000 : Sen. 1580058 : Cost 30.15 : Time 140.62s : 17793.50 words/s
[2017-07-19 22:58:16] Ep. 11 : Up. 257000 : Sen. 1679980 : Cost 30.18 : Time 140.48s : 17777.37 words/s
[2017-07-19 23:00:37] Ep. 11 : Up. 258000 : Sen. 1779758 : Cost 30.24 : Time 140.52s : 17734.52 words/s
[2017-07-19 23:02:57] Ep. 11 : Up. 259000 : Sen. 1879999 : Cost 30.11 : Time 140.40s : 17766.56 words/s
[2017-07-19 23:05:17] Ep. 11 : Up. 260000 : Sen. 1980227 : Cost 30.10 : Time 140.14s : 17824.86 words/s
[2017-07-19 23:05:17] Saving model to model/model.iter260000.npz
[2017-07-19 23:05:18] Saving model to model/model.npz
[2017-07-19 23:05:21] [valid] 260000 : cross-entropy : 43.1981 : stalled 2 times
[2017-07-19 23:05:21] Saving model to model/model.npz.dev.npz
[2017-07-19 23:05:35] [valid] 260000 : valid-script : 35.71 : stalled 3 times
[2017-07-19 23:07:55] Ep. 11 : Up. 261000 : Sen. 2080718 : Cost 30.59 : Time 157.99s : 15893.42 words/s
[2017-07-19 23:10:16] Ep. 11 : Up. 262000 : Sen. 2180460 : Cost 30.05 : Time 140.50s : 17716.57 words/s
[2017-07-19 23:12:36] Ep. 11 : Up. 263000 : Sen. 2280538 : Cost 30.40 : Time 140.69s : 17770.21 words/s
[2017-07-19 23:14:56] Ep. 11 : Up. 264000 : Sen. 2379786 : Cost 30.38 : Time 140.15s : 17672.13 words/s
[2017-07-19 23:15:25] Seen 2399677 samples
[2017-07-19 23:15:25] Starting epoch 12
[2017-07-19 23:15:25] [data] Shuffling files
[2017-07-19 23:15:33] [data] Done
[2017-07-19 23:17:25] Ep. 12 : Up. 265000 : Sen. 80120 : Cost 29.00 : Time 148.67s : 16777.50 words/s
[2017-07-19 23:19:46] Ep. 12 : Up. 266000 : Sen. 179880 : Cost 28.92 : Time 141.17s : 17696.71 words/s
[2017-07-19 23:22:06] Ep. 12 : Up. 267000 : Sen. 279165 : Cost 29.26 : Time 140.07s : 17725.90 words/s
[2017-07-19 23:24:27] Ep. 12 : Up. 268000 : Sen. 378790 : Cost 29.13 : Time 140.36s : 17782.96 words/s
[2017-07-19 23:26:47] Ep. 12 : Up. 269000 : Sen. 479005 : Cost 29.10 : Time 140.20s : 17848.00 words/s
[2017-07-19 23:29:07] Ep. 12 : Up. 270000 : Sen. 578479 : Cost 29.26 : Time 139.95s : 17784.05 words/s
[2017-07-19 23:29:07] Saving model to model/model.iter270000.npz
[2017-07-19 23:29:08] Saving model to model/model.npz
[2017-07-19 23:29:11] [valid] 270000 : cross-entropy : 43.2168 : stalled 3 times
[2017-07-19 23:29:11] Saving model to model/model.npz.dev.npz
[2017-07-19 23:29:25] [valid] 270000 : valid-script : 35.79 : stalled 4 times
[2017-07-19 23:31:44] Ep. 12 : Up. 271000 : Sen. 678310 : Cost 29.12 : Time 157.34s : 15798.14 words/s
[2017-07-19 23:34:05] Ep. 12 : Up. 272000 : Sen. 778598 : Cost 29.19 : Time 140.64s : 17832.16 words/s
[2017-07-19 23:36:25] Ep. 12 : Up. 273000 : Sen. 879114 : Cost 29.44 : Time 140.59s : 17819.40 words/s
[2017-07-19 23:38:45] Ep. 12 : Up. 274000 : Sen. 978869 : Cost 29.41 : Time 140.02s : 17757.74 words/s
[2017-07-19 23:41:06] Ep. 12 : Up. 275000 : Sen. 1079144 : Cost 29.47 : Time 140.16s : 17834.69 words/s
[2017-07-19 23:43:25] Ep. 12 : Up. 276000 : Sen. 1179180 : Cost 29.49 : Time 139.84s : 17775.78 words/s
[2017-07-19 23:45:45] Ep. 12 : Up. 277000 : Sen. 1278660 : Cost 29.47 : Time 139.98s : 17762.65 words/s
[2017-07-19 23:48:06] Ep. 12 : Up. 278000 : Sen. 1378000 : Cost 29.88 : Time 140.16s : 17779.03 words/s
[2017-07-19 23:50:26] Ep. 12 : Up. 279000 : Sen. 1477900 : Cost 29.48 : Time 140.52s : 17738.63 words/s
[2017-07-19 23:52:47] Ep. 12 : Up. 280000 : Sen. 1578008 : Cost 29.71 : Time 140.43s : 17849.37 words/s
[2017-07-19 23:52:47] Saving model to model/model.iter280000.npz
[2017-07-19 23:52:48] Saving model to model/model.npz
[2017-07-19 23:52:51] [valid] 280000 : cross-entropy : 43.2569 : stalled 4 times
[2017-07-19 23:52:51] Saving model to model/model.npz.dev.npz
[2017-07-19 23:53:04] [valid] 280000 : valid-script : 35.78 : stalled 5 times
[2017-07-19 23:55:24] Ep. 12 : Up. 281000 : Sen. 1677740 : Cost 29.95 : Time 157.42s : 15798.87 words/s
[2017-07-19 23:57:44] Ep. 12 : Up. 282000 : Sen. 1777190 : Cost 29.63 : Time 140.27s : 17700.33 words/s
[2017-07-20 00:00:04] Ep. 12 : Up. 283000 : Sen. 1876820 : Cost 29.92 : Time 140.24s : 17773.69 words/s
[2017-07-20 00:02:24] Ep. 12 : Up. 284000 : Sen. 1976090 : Cost 29.89 : Time 139.95s : 17716.71 words/s
[2017-07-20 00:04:45] Ep. 12 : Up. 285000 : Sen. 2076209 : Cost 29.81 : Time 140.16s : 17801.87 words/s
[2017-07-20 00:07:05] Ep. 12 : Up. 286000 : Sen. 2176280 : Cost 29.82 : Time 140.23s : 17770.46 words/s
[2017-07-20 00:09:25] Ep. 12 : Up. 287000 : Sen. 2275829 : Cost 29.83 : Time 140.06s : 17703.67 words/s
[2017-07-20 00:11:45] Ep. 12 : Up. 288000 : Sen. 2375520 : Cost 29.88 : Time 139.85s : 17813.09 words/s
[2017-07-20 00:12:18] Seen 2399399 samples
[2017-07-20 00:12:18] Starting epoch 13
[2017-07-20 00:12:18] [data] Shuffling files
[2017-07-20 00:12:28] [data] Done
[2017-07-20 00:14:15] Ep. 13 : Up. 289000 : Sen. 76199 : Cost 28.80 : Time 150.03s : 16701.35 words/s
[2017-07-20 00:16:35] Ep. 13 : Up. 290000 : Sen. 176413 : Cost 28.46 : Time 140.63s : 17788.64 words/s
[2017-07-20 00:16:35] Saving model to model/model.iter290000.npz
[2017-07-20 00:16:36] Saving model to model/model.npz
[2017-07-20 00:16:40] [valid] 290000 : cross-entropy : 43.1438 : stalled 5 times
[2017-07-20 00:16:40] Saving model to model/model.npz.dev.npz
[2017-07-20 00:16:53] [valid] 290000 : valid-script : 35.69 : stalled 6 times
[2017-07-20 00:16:53] Training finshed
[2017-07-20 00:16:53] Saving model to model/model.npz
