[2017-07-20 00:27:34] [config] after-batches: 0
[2017-07-20 00:27:34] [config] after-epochs: 0
[2017-07-20 00:27:34] [config] best-deep: false
[2017-07-20 00:27:34] [config] clip-norm: 1
[2017-07-20 00:27:34] [config] dec-cell: gru
[2017-07-20 00:27:34] [config] dec-cell-base-depth: 2
[2017-07-20 00:27:34] [config] dec-cell-high-depth: 1
[2017-07-20 00:27:34] [config] dec-depth: 1
[2017-07-20 00:27:34] [config] devices:
[2017-07-20 00:27:34] [config]   - 0
[2017-07-20 00:27:34] [config]   - 1
[2017-07-20 00:27:34] [config]   - 2
[2017-07-20 00:27:34] [config]   - 3
[2017-07-20 00:27:34] [config] dim-emb: 512
[2017-07-20 00:27:34] [config] dim-rnn: 1024
[2017-07-20 00:27:34] [config] dim-vocabs:
[2017-07-20 00:27:34] [config]   - 66000
[2017-07-20 00:27:34] [config]   - 50000
[2017-07-20 00:27:34] [config] disp-freq: 1000
[2017-07-20 00:27:34] [config] drop-rate: 0
[2017-07-20 00:27:34] [config] dropout-rnn: 0.2
[2017-07-20 00:27:34] [config] dropout-src: 0.1
[2017-07-20 00:27:34] [config] dropout-trg: 0.1
[2017-07-20 00:27:34] [config] dynamic-batching: true
[2017-07-20 00:27:34] [config] early-stopping: 5
[2017-07-20 00:27:34] [config] embedding-fix-src: false
[2017-07-20 00:27:34] [config] embedding-fix-trg: false
[2017-07-20 00:27:34] [config] embedding-normalization: false
[2017-07-20 00:27:34] [config] enc-cell: gru
[2017-07-20 00:27:34] [config] enc-cell-depth: 1
[2017-07-20 00:27:34] [config] enc-depth: 1
[2017-07-20 00:27:34] [config] enc-type: bidirectional
[2017-07-20 00:27:34] [config] guided-alignment-cost: ce
[2017-07-20 00:27:34] [config] guided-alignment-weight: 1
[2017-07-20 00:27:34] [config] keep-best: false
[2017-07-20 00:27:34] [config] layer-normalization: true
[2017-07-20 00:27:34] [config] learn-rate: 0.0008
[2017-07-20 00:27:34] [config] log: model/train.log
[2017-07-20 00:27:34] [config] log-level: info
[2017-07-20 00:27:34] [config] lr-decay: 0
[2017-07-20 00:27:34] [config] lr-decay-freq: 50000
[2017-07-20 00:27:34] [config] lr-decay-start:
[2017-07-20 00:27:34] [config]   - 10
[2017-07-20 00:27:34] [config]   - 1
[2017-07-20 00:27:34] [config] lr-decay-strategy: epoch+stalled
[2017-07-20 00:27:34] [config] max-length: 50
[2017-07-20 00:27:34] [config] maxi-batch: 100
[2017-07-20 00:27:34] [config] maxi-batch-sort: trg
[2017-07-20 00:27:34] [config] mini-batch: 64
[2017-07-20 00:27:34] [config] mini-batch-words: 0
[2017-07-20 00:27:34] [config] model: model/model.npz
[2017-07-20 00:27:34] [config] moving-average: true
[2017-07-20 00:27:34] [config] moving-decay: 0.9999
[2017-07-20 00:27:34] [config] no-reload: false
[2017-07-20 00:27:34] [config] no-shuffle: false
[2017-07-20 00:27:34] [config] noise-src: 0
[2017-07-20 00:27:34] [config] optimizer: adam
[2017-07-20 00:27:34] [config] overwrite: false
[2017-07-20 00:27:34] [config] relative-paths: false
[2017-07-20 00:27:34] [config] save-freq: 10000
[2017-07-20 00:27:34] [config] seed: 0
[2017-07-20 00:27:34] [config] skip: false
[2017-07-20 00:27:34] [config] tau: 8
[2017-07-20 00:27:34] [config] tempdir: /tmp
[2017-07-20 00:27:34] [config] tied-embeddings: false
[2017-07-20 00:27:34] [config] train-sets:
[2017-07-20 00:27:34] [config]   - data/corpus.bpe.ro
[2017-07-20 00:27:34] [config]   - data/corpus.bpe.en
[2017-07-20 00:27:34] [config] type: amun
[2017-07-20 00:27:34] [config] valid-freq: 10000
[2017-07-20 00:27:34] [config] valid-log: model/valid.log
[2017-07-20 00:27:34] [config] valid-metrics:
[2017-07-20 00:27:34] [config]   - cross-entropy
[2017-07-20 00:27:34] [config]   - valid-script
[2017-07-20 00:27:34] [config] valid-mini-batch: 64
[2017-07-20 00:27:34] [config] valid-script-path: ./scripts/validate.sh
[2017-07-20 00:27:34] [config] valid-sets:
[2017-07-20 00:27:34] [config]   - data/newsdev2016.bpe.ro
[2017-07-20 00:27:34] [config]   - data/newsdev2016.bpe.en
[2017-07-20 00:27:34] [config] vocabs:
[2017-07-20 00:27:34] [config]   - model/vocab.ro.yml
[2017-07-20 00:27:34] [config]   - model/vocab.en.yml
[2017-07-20 00:27:34] [config] workspace: 3000
[2017-07-20 00:27:34] [data] Loading vocabulary from model/vocab.ro.yml
[2017-07-20 00:27:35] [data] Loading vocabulary from model/vocab.en.yml
[2017-07-20 00:27:35] [batching] Collecting statistics for dynamic batching
[2017-07-20 00:27:37] [memory] Extending reserved space to 3072 MB (device 0)
[2017-07-20 00:27:37] [memory] Extending reserved space to 3072 MB (device 1)
[2017-07-20 00:27:38] [memory] Extending reserved space to 3072 MB (device 2)
[2017-07-20 00:27:38] [memory] Extending reserved space to 3072 MB (device 3)
[2017-07-20 00:27:38] [memory] Reserving 453 MB, device 0
[2017-07-20 00:27:39] [memory] Reserving 453 MB, device 0
[2017-07-20 00:28:04] [batching] Done
[2017-07-20 00:28:04] [memory] Extending reserved space to 3072 MB (device 0)
[2017-07-20 00:28:04] [memory] Extending reserved space to 3072 MB (device 1)
[2017-07-20 00:28:04] [memory] Extending reserved space to 3072 MB (device 2)
[2017-07-20 00:28:04] [memory] Extending reserved space to 3072 MB (device 3)
[2017-07-20 00:28:04] Training started
[2017-07-20 00:28:04] [data] Shuffling files
[2017-07-20 00:28:14] [data] Done
[2017-07-20 00:28:15] [memory] Reserving 453 MB, device 0
[2017-07-20 00:28:16] [memory] Reserving 453 MB, device 1
[2017-07-20 00:28:17] [memory] Reserving 453 MB, device 2
[2017-07-20 00:28:18] [memory] Reserving 453 MB, device 3
[2017-07-20 00:28:19] [memory] Reserving 113 MB, device 0
[2017-07-20 00:28:19] [memory] Reserving 113 MB, device 1
[2017-07-20 00:28:19] [memory] Reserving 113 MB, device 2
[2017-07-20 00:28:19] [memory] Reserving 113 MB, device 3
[2017-07-20 00:28:19] [memory] Reserving 113 MB, device 0
[2017-07-20 00:28:19] [memory] Reserving 113 MB, device 1
[2017-07-20 00:28:19] [memory] Reserving 113 MB, device 2
[2017-07-20 00:28:19] [memory] Reserving 113 MB, device 3
[2017-07-20 00:28:19] [memory] Reserving 113 MB, device 0
[2017-07-20 00:28:19] [memory] Reserving 113 MB, device 1
[2017-07-20 00:28:19] [memory] Reserving 113 MB, device 2
[2017-07-20 00:28:19] [memory] Reserving 113 MB, device 3
[2017-07-20 00:28:19] [memory] Reserving 453 MB, device 0
[2017-07-20 00:28:19] [memory] Reserving 453 MB, device 1
[2017-07-20 00:28:19] [memory] Reserving 453 MB, device 3
[2017-07-20 00:28:19] [memory] Reserving 453 MB, device 2
[2017-07-20 00:28:19] [memory] Reserving 453 MB, device 0
[2017-07-20 00:28:19] [memory] Reserving 453 MB, device 1
[2017-07-20 00:28:19] [memory] Reserving 453 MB, device 2
[2017-07-20 00:28:19] [memory] Reserving 453 MB, device 3
[2017-07-20 00:28:22] [memory] Reserving 113 MB, device 0
[2017-07-20 00:28:22] [memory] Reserving 113 MB, device 0
[2017-07-20 00:28:22] [memory] Reserving 113 MB, device 2
[2017-07-20 00:28:22] [memory] Reserving 113 MB, device 1
[2017-07-20 00:28:22] [memory] Reserving 113 MB, device 2
[2017-07-20 00:28:22] [memory] Reserving 113 MB, device 1
[2017-07-20 00:28:22] [memory] Reserving 113 MB, device 3
[2017-07-20 00:28:22] [memory] Reserving 113 MB, device 3
[2017-07-20 00:29:58] Ep. 1 : Up. 1000 : Sen. 100237 : Cost 168.16 : Time 113.88s : 21877.73 words/s
[2017-07-20 00:31:41] Ep. 1 : Up. 2000 : Sen. 200540 : Cost 145.14 : Time 103.08s : 24368.81 words/s
[2017-07-20 00:33:24] Ep. 1 : Up. 3000 : Sen. 300352 : Cost 138.93 : Time 102.70s : 24273.89 words/s
[2017-07-20 00:35:06] Ep. 1 : Up. 4000 : Sen. 399750 : Cost 133.96 : Time 102.32s : 24235.51 words/s
[2017-07-20 00:36:48] Ep. 1 : Up. 5000 : Sen. 499040 : Cost 129.40 : Time 102.25s : 24267.74 words/s
[2017-07-20 00:38:31] Ep. 1 : Up. 6000 : Sen. 599315 : Cost 125.48 : Time 102.71s : 24401.89 words/s
[2017-07-20 00:40:13] Ep. 1 : Up. 7000 : Sen. 698850 : Cost 120.90 : Time 102.18s : 24287.11 words/s
[2017-07-20 00:41:56] Ep. 1 : Up. 8000 : Sen. 798260 : Cost 116.77 : Time 102.41s : 24301.38 words/s
[2017-07-20 00:43:39] Ep. 1 : Up. 9000 : Sen. 899149 : Cost 109.69 : Time 103.03s : 24377.67 words/s
[2017-07-20 00:45:21] Ep. 1 : Up. 10000 : Sen. 998810 : Cost 102.13 : Time 102.09s : 24384.85 words/s
[2017-07-20 00:45:21] Saving model to model/model.iter10000.npz
[2017-07-20 00:45:22] Saving model to model/model.npz
[2017-07-20 00:45:25] [valid] 10000 : cross-entropy : 121.277 : new best
[2017-07-20 00:45:25] Saving model to model/model.npz.dev.npz
[2017-07-20 00:45:45] [valid] 10000 : valid-script : 0.98 : new best
[2017-07-20 00:47:28] Ep. 1 : Up. 11000 : Sen. 1098780 : Cost 94.75 : Time 127.01s : 19731.28 words/s
[2017-07-20 00:49:10] Ep. 1 : Up. 12000 : Sen. 1198020 : Cost 87.92 : Time 102.02s : 24296.48 words/s
[2017-07-20 00:50:53] Ep. 1 : Up. 13000 : Sen. 1298480 : Cost 81.21 : Time 102.64s : 24457.36 words/s
[2017-07-20 00:52:35] Ep. 1 : Up. 14000 : Sen. 1398475 : Cost 76.46 : Time 102.37s : 24321.23 words/s
[2017-07-20 00:54:18] Ep. 1 : Up. 15000 : Sen. 1498234 : Cost 73.31 : Time 102.61s : 24344.19 words/s
[2017-07-20 00:56:00] Ep. 1 : Up. 16000 : Sen. 1598809 : Cost 68.87 : Time 102.48s : 24387.63 words/s
[2017-07-20 00:57:42] Ep. 1 : Up. 17000 : Sen. 1698180 : Cost 66.55 : Time 102.19s : 24292.60 words/s
[2017-07-20 00:59:25] Ep. 1 : Up. 18000 : Sen. 1798320 : Cost 64.19 : Time 102.67s : 24367.20 words/s
[2017-07-20 01:01:07] Ep. 1 : Up. 19000 : Sen. 1898210 : Cost 62.00 : Time 102.24s : 24380.10 words/s
[2017-07-20 01:02:49] Ep. 1 : Up. 20000 : Sen. 1998193 : Cost 60.31 : Time 102.23s : 24387.03 words/s
[2017-07-20 01:02:49] Saving model to model/model.iter20000.npz
[2017-07-20 01:02:50] Saving model to model/model.npz
[2017-07-20 01:02:53] [valid] 20000 : cross-entropy : 93.1273 : new best
[2017-07-20 01:02:53] Saving model to model/model.npz.dev.npz
[2017-07-20 01:03:15] [valid] 20000 : valid-script : 4.66 : new best
[2017-07-20 01:04:57] Ep. 1 : Up. 21000 : Sen. 2098068 : Cost 58.99 : Time 127.50s : 19582.92 words/s
[2017-07-20 01:06:39] Ep. 1 : Up. 22000 : Sen. 2198024 : Cost 57.26 : Time 102.14s : 24357.33 words/s
[2017-07-20 01:08:22] Ep. 1 : Up. 23000 : Sen. 2297970 : Cost 56.07 : Time 103.08s : 24309.37 words/s
[2017-07-20 01:10:04] Ep. 1 : Up. 24000 : Sen. 2397549 : Cost 55.15 : Time 101.99s : 24355.81 words/s
[2017-07-20 01:10:05] Seen 2398719 samples
[2017-07-20 01:10:05] Starting epoch 2
[2017-07-20 01:10:05] [data] Shuffling files
[2017-07-20 01:10:15] [data] Done
[2017-07-20 01:11:56] Ep. 2 : Up. 25000 : Sen. 98300 : Cost 53.15 : Time 112.19s : 22150.37 words/s
[2017-07-20 01:13:38] Ep. 2 : Up. 26000 : Sen. 198140 : Cost 52.18 : Time 102.19s : 24342.36 words/s
[2017-07-20 01:15:21] Ep. 2 : Up. 27000 : Sen. 297810 : Cost 51.88 : Time 102.31s : 24341.08 words/s
[2017-07-20 01:17:03] Ep. 2 : Up. 28000 : Sen. 397852 : Cost 50.44 : Time 102.45s : 24318.08 words/s
[2017-07-20 01:18:46] Ep. 2 : Up. 29000 : Sen. 497506 : Cost 50.37 : Time 102.39s : 24392.87 words/s
[2017-07-20 01:20:28] Ep. 2 : Up. 30000 : Sen. 597269 : Cost 49.71 : Time 102.28s : 24327.72 words/s
[2017-07-20 01:20:28] Saving model to model/model.iter30000.npz
[2017-07-20 01:20:29] Saving model to model/model.npz
[2017-07-20 01:20:32] [valid] 30000 : cross-entropy : 72.8489 : new best
[2017-07-20 01:20:32] Saving model to model/model.npz.dev.npz
[2017-07-20 01:20:52] [valid] 30000 : valid-script : 14.71 : new best
[2017-07-20 01:22:34] Ep. 2 : Up. 31000 : Sen. 697465 : Cost 49.18 : Time 126.17s : 19841.81 words/s
[2017-07-20 01:24:17] Ep. 2 : Up. 32000 : Sen. 797360 : Cost 49.08 : Time 102.56s : 24334.71 words/s
[2017-07-20 01:25:59] Ep. 2 : Up. 33000 : Sen. 897400 : Cost 48.22 : Time 102.75s : 24294.00 words/s
[2017-07-20 01:27:42] Ep. 2 : Up. 34000 : Sen. 997412 : Cost 48.09 : Time 102.46s : 24272.49 words/s
[2017-07-20 01:29:24] Ep. 2 : Up. 35000 : Sen. 1097625 : Cost 47.73 : Time 102.51s : 24423.83 words/s
[2017-07-20 01:31:08] Ep. 2 : Up. 36000 : Sen. 1197970 : Cost 47.34 : Time 103.26s : 24361.08 words/s
[2017-07-20 01:32:50] Ep. 2 : Up. 37000 : Sen. 1297694 : Cost 47.05 : Time 102.77s : 24279.62 words/s
[2017-07-20 01:34:33] Ep. 2 : Up. 38000 : Sen. 1397440 : Cost 46.51 : Time 102.60s : 24322.05 words/s
[2017-07-20 01:36:15] Ep. 2 : Up. 39000 : Sen. 1497486 : Cost 46.21 : Time 102.18s : 24356.38 words/s
[2017-07-20 01:37:57] Ep. 2 : Up. 40000 : Sen. 1597586 : Cost 45.89 : Time 102.26s : 24325.04 words/s
[2017-07-20 01:37:57] Saving model to model/model.iter40000.npz
[2017-07-20 01:37:58] Saving model to model/model.npz
[2017-07-20 01:38:02] [valid] 40000 : cross-entropy : 62.6071 : new best
[2017-07-20 01:38:02] Saving model to model/model.npz.dev.npz
[2017-07-20 01:38:18] [valid] 40000 : valid-script : 21.76 : new best
[2017-07-20 01:40:00] Ep. 2 : Up. 41000 : Sen. 1697240 : Cost 45.52 : Time 122.82s : 20262.88 words/s
[2017-07-20 01:41:42] Ep. 2 : Up. 42000 : Sen. 1796540 : Cost 45.24 : Time 102.15s : 24275.65 words/s
[2017-07-20 01:43:25] Ep. 2 : Up. 43000 : Sen. 1896470 : Cost 45.16 : Time 102.42s : 24357.19 words/s
[2017-07-20 01:45:07] Ep. 2 : Up. 44000 : Sen. 1996740 : Cost 44.61 : Time 102.21s : 24436.95 words/s
[2017-07-20 01:46:50] Ep. 2 : Up. 45000 : Sen. 2096830 : Cost 44.57 : Time 102.58s : 24345.07 words/s
[2017-07-20 01:48:32] Ep. 2 : Up. 46000 : Sen. 2196340 : Cost 44.74 : Time 102.87s : 24321.43 words/s
[2017-07-20 01:50:15] Ep. 2 : Up. 47000 : Sen. 2296080 : Cost 44.13 : Time 102.45s : 24341.39 words/s
[2017-07-20 01:51:57] Ep. 2 : Up. 48000 : Sen. 2395995 : Cost 43.63 : Time 102.14s : 24341.24 words/s
[2017-07-20 01:52:01] Seen 2399539 samples
[2017-07-20 01:52:01] Starting epoch 3
[2017-07-20 01:52:01] [data] Shuffling files
[2017-07-20 01:52:10] [data] Done
[2017-07-20 01:53:48] Ep. 3 : Up. 49000 : Sen. 96340 : Cost 41.99 : Time 111.39s : 22424.77 words/s
[2017-07-20 01:55:31] Ep. 3 : Up. 50000 : Sen. 196560 : Cost 41.77 : Time 102.45s : 24368.19 words/s
[2017-07-20 01:55:31] Saving model to model/model.iter50000.npz
[2017-07-20 01:55:32] Saving model to model/model.npz
[2017-07-20 01:55:35] [valid] 50000 : cross-entropy : 57.0173 : new best
[2017-07-20 01:55:35] Saving model to model/model.npz.dev.npz
[2017-07-20 01:55:50] [valid] 50000 : valid-script : 26.3 : new best
[2017-07-20 01:57:33] Ep. 3 : Up. 51000 : Sen. 296400 : Cost 41.93 : Time 121.77s : 20446.87 words/s
[2017-07-20 01:59:15] Ep. 3 : Up. 52000 : Sen. 396398 : Cost 41.26 : Time 102.49s : 24304.54 words/s
[2017-07-20 02:00:58] Ep. 3 : Up. 53000 : Sen. 496122 : Cost 42.02 : Time 103.11s : 24319.52 words/s
[2017-07-20 02:02:41] Ep. 3 : Up. 54000 : Sen. 597152 : Cost 41.21 : Time 103.07s : 24419.34 words/s
[2017-07-20 02:04:24] Ep. 3 : Up. 55000 : Sen. 696937 : Cost 41.66 : Time 102.77s : 24318.44 words/s
[2017-07-20 02:06:06] Ep. 3 : Up. 56000 : Sen. 796830 : Cost 40.87 : Time 102.38s : 24350.25 words/s
[2017-07-20 02:07:49] Ep. 3 : Up. 57000 : Sen. 897060 : Cost 41.32 : Time 102.53s : 24397.00 words/s
[2017-07-20 02:09:31] Ep. 3 : Up. 58000 : Sen. 996350 : Cost 41.18 : Time 102.45s : 24280.08 words/s
[2017-07-20 02:11:14] Ep. 3 : Up. 59000 : Sen. 1096731 : Cost 40.79 : Time 102.34s : 24321.94 words/s
[2017-07-20 02:12:56] Ep. 3 : Up. 60000 : Sen. 1196259 : Cost 41.48 : Time 102.41s : 24321.52 words/s
[2017-07-20 02:12:56] Saving model to model/model.iter60000.npz
[2017-07-20 02:12:57] Saving model to model/model.npz
[2017-07-20 02:13:00] [valid] 60000 : cross-entropy : 53.6872 : new best
[2017-07-20 02:13:00] Saving model to model/model.npz.dev.npz
[2017-07-20 02:13:15] [valid] 60000 : valid-script : 29.04 : new best
[2017-07-20 02:14:57] Ep. 3 : Up. 61000 : Sen. 1296293 : Cost 40.63 : Time 120.42s : 20637.28 words/s
[2017-07-20 02:16:39] Ep. 3 : Up. 62000 : Sen. 1396110 : Cost 40.56 : Time 102.81s : 24255.43 words/s
[2017-07-20 02:18:22] Ep. 3 : Up. 63000 : Sen. 1495936 : Cost 40.55 : Time 102.74s : 24338.90 words/s
[2017-07-20 02:20:05] Ep. 3 : Up. 64000 : Sen. 1595851 : Cost 40.74 : Time 102.33s : 24323.14 words/s
[2017-07-20 02:21:47] Ep. 3 : Up. 65000 : Sen. 1695590 : Cost 40.57 : Time 102.82s : 24322.67 words/s
[2017-07-20 02:23:30] Ep. 3 : Up. 66000 : Sen. 1795822 : Cost 39.97 : Time 102.72s : 24364.00 words/s
[2017-07-20 02:25:12] Ep. 3 : Up. 67000 : Sen. 1895430 : Cost 40.08 : Time 101.85s : 24325.40 words/s
[2017-07-20 02:26:54] Ep. 3 : Up. 68000 : Sen. 1995323 : Cost 40.23 : Time 102.42s : 24358.31 words/s
[2017-07-20 02:28:37] Ep. 3 : Up. 69000 : Sen. 2094510 : Cost 40.29 : Time 102.57s : 24231.78 words/s
[2017-07-20 02:30:19] Ep. 3 : Up. 70000 : Sen. 2194830 : Cost 40.10 : Time 102.37s : 24439.88 words/s
[2017-07-20 02:30:19] Saving model to model/model.iter70000.npz
[2017-07-20 02:30:20] Saving model to model/model.npz
[2017-07-20 02:30:23] [valid] 70000 : cross-entropy : 51.501 : new best
[2017-07-20 02:30:23] Saving model to model/model.npz.dev.npz
[2017-07-20 02:30:37] [valid] 70000 : valid-script : 30.48 : new best
[2017-07-20 02:32:19] Ep. 3 : Up. 71000 : Sen. 2294980 : Cost 39.68 : Time 120.19s : 20701.72 words/s
[2017-07-20 02:34:02] Ep. 3 : Up. 72000 : Sen. 2394220 : Cost 40.37 : Time 102.43s : 24310.72 words/s
[2017-07-20 02:34:07] Seen 2399540 samples
[2017-07-20 02:34:07] Starting epoch 4
[2017-07-20 02:34:07] [data] Shuffling files
[2017-07-20 02:34:16] [data] Done
[2017-07-20 02:35:53] Ep. 4 : Up. 73000 : Sen. 94756 : Cost 37.90 : Time 111.10s : 22404.87 words/s
[2017-07-20 02:37:36] Ep. 4 : Up. 74000 : Sen. 195010 : Cost 37.74 : Time 102.84s : 24340.71 words/s
[2017-07-20 02:39:18] Ep. 4 : Up. 75000 : Sen. 295159 : Cost 37.95 : Time 102.64s : 24364.03 words/s
[2017-07-20 02:41:01] Ep. 4 : Up. 76000 : Sen. 394497 : Cost 38.41 : Time 102.54s : 24325.63 words/s
[2017-07-20 02:42:44] Ep. 4 : Up. 77000 : Sen. 494659 : Cost 37.82 : Time 102.57s : 24306.66 words/s
[2017-07-20 02:44:26] Ep. 4 : Up. 78000 : Sen. 594536 : Cost 37.76 : Time 102.75s : 24337.31 words/s
[2017-07-20 02:46:09] Ep. 4 : Up. 79000 : Sen. 695289 : Cost 37.75 : Time 102.95s : 24352.25 words/s
[2017-07-20 02:47:52] Ep. 4 : Up. 80000 : Sen. 794619 : Cost 38.24 : Time 102.32s : 24360.30 words/s
[2017-07-20 02:47:52] Saving model to model/model.iter80000.npz
[2017-07-20 02:47:53] Saving model to model/model.npz
[2017-07-20 02:47:56] [valid] 80000 : cross-entropy : 49.9279 : new best
[2017-07-20 02:47:56] Saving model to model/model.npz.dev.npz
[2017-07-20 02:48:10] [valid] 80000 : valid-script : 31.79 : new best
[2017-07-20 02:49:52] Ep. 4 : Up. 81000 : Sen. 894569 : Cost 38.00 : Time 120.39s : 20645.12 words/s
[2017-07-20 02:51:34] Ep. 4 : Up. 82000 : Sen. 994139 : Cost 37.90 : Time 102.32s : 24314.14 words/s
[2017-07-20 02:53:17] Ep. 4 : Up. 83000 : Sen. 1093671 : Cost 37.85 : Time 102.31s : 24305.12 words/s
[2017-07-20 02:54:59] Ep. 4 : Up. 84000 : Sen. 1193244 : Cost 37.90 : Time 102.74s : 24233.61 words/s
[2017-07-20 02:56:42] Ep. 4 : Up. 85000 : Sen. 1293479 : Cost 37.42 : Time 102.33s : 24408.17 words/s
[2017-07-20 02:58:24] Ep. 4 : Up. 86000 : Sen. 1393529 : Cost 37.78 : Time 102.39s : 24320.64 words/s
[2017-07-20 03:00:07] Ep. 4 : Up. 87000 : Sen. 1493069 : Cost 37.93 : Time 102.67s : 24281.41 words/s
[2017-07-20 03:01:49] Ep. 4 : Up. 88000 : Sen. 1592332 : Cost 37.67 : Time 102.00s : 24298.39 words/s
[2017-07-20 03:03:31] Ep. 4 : Up. 89000 : Sen. 1691679 : Cost 37.87 : Time 102.17s : 24334.79 words/s
[2017-07-20 03:05:14] Ep. 4 : Up. 90000 : Sen. 1791819 : Cost 37.26 : Time 102.74s : 24321.45 words/s
[2017-07-20 03:05:14] Saving model to model/model.iter90000.npz
[2017-07-20 03:05:15] Saving model to model/model.npz
[2017-07-20 03:05:19] [valid] 90000 : cross-entropy : 48.7703 : new best
[2017-07-20 03:05:19] Saving model to model/model.npz.dev.npz
[2017-07-20 03:05:32] [valid] 90000 : valid-script : 32.45 : new best
[2017-07-20 03:07:15] Ep. 4 : Up. 91000 : Sen. 1891879 : Cost 37.88 : Time 121.55s : 20589.65 words/s
[2017-07-20 03:08:57] Ep. 4 : Up. 92000 : Sen. 1991960 : Cost 37.68 : Time 102.28s : 24429.65 words/s
[2017-07-20 03:10:40] Ep. 4 : Up. 93000 : Sen. 2091626 : Cost 37.32 : Time 102.15s : 24387.30 words/s
[2017-07-20 03:12:22] Ep. 4 : Up. 94000 : Sen. 2192077 : Cost 37.37 : Time 102.40s : 24320.57 words/s
[2017-07-20 03:14:05] Ep. 4 : Up. 95000 : Sen. 2291979 : Cost 37.65 : Time 102.57s : 24349.43 words/s
[2017-07-20 03:15:47] Ep. 4 : Up. 96000 : Sen. 2391875 : Cost 37.39 : Time 102.75s : 24363.19 words/s
[2017-07-20 03:15:55] Seen 2399548 samples
[2017-07-20 03:15:55] Starting epoch 5
[2017-07-20 03:15:55] [data] Shuffling files
[2017-07-20 03:16:04] [data] Done
[2017-07-20 03:17:39] Ep. 5 : Up. 97000 : Sen. 92250 : Cost 35.42 : Time 111.56s : 22301.46 words/s
[2017-07-20 03:19:21] Ep. 5 : Up. 98000 : Sen. 191820 : Cost 35.60 : Time 102.01s : 24347.41 words/s
[2017-07-20 03:21:03] Ep. 5 : Up. 99000 : Sen. 292067 : Cost 35.47 : Time 102.52s : 24332.57 words/s
[2017-07-20 03:22:46] Ep. 5 : Up. 100000 : Sen. 391665 : Cost 35.75 : Time 103.01s : 24265.18 words/s
[2017-07-20 03:22:46] Saving model to model/model.iter100000.npz
[2017-07-20 03:22:47] Saving model to model/model.npz
[2017-07-20 03:22:51] [valid] 100000 : cross-entropy : 47.8274 : new best
[2017-07-20 03:22:51] Saving model to model/model.npz.dev.npz
[2017-07-20 03:23:04] [valid] 100000 : valid-script : 33.03 : new best
[2017-07-20 03:24:46] Ep. 5 : Up. 101000 : Sen. 491424 : Cost 35.88 : Time 120.00s : 20782.86 words/s
[2017-07-20 03:26:29] Ep. 5 : Up. 102000 : Sen. 591450 : Cost 35.69 : Time 102.31s : 24358.40 words/s
[2017-07-20 03:28:11] Ep. 5 : Up. 103000 : Sen. 690930 : Cost 35.99 : Time 102.14s : 24333.41 words/s
[2017-07-20 03:29:54] Ep. 5 : Up. 104000 : Sen. 790740 : Cost 35.63 : Time 102.99s : 24294.02 words/s
[2017-07-20 03:31:36] Ep. 5 : Up. 105000 : Sen. 890330 : Cost 35.66 : Time 102.23s : 24324.51 words/s
[2017-07-20 03:33:18] Ep. 5 : Up. 106000 : Sen. 989560 : Cost 35.73 : Time 101.72s : 24317.85 words/s
[2017-07-20 03:35:01] Ep. 5 : Up. 107000 : Sen. 1090109 : Cost 35.68 : Time 103.02s : 24306.91 words/s
[2017-07-20 03:36:43] Ep. 5 : Up. 108000 : Sen. 1189828 : Cost 35.83 : Time 102.54s : 24293.69 words/s
[2017-07-20 03:38:26] Ep. 5 : Up. 109000 : Sen. 1289020 : Cost 35.85 : Time 102.19s : 24315.33 words/s
[2017-07-20 03:40:08] Ep. 5 : Up. 110000 : Sen. 1389610 : Cost 35.80 : Time 102.70s : 24431.97 words/s
[2017-07-20 03:40:08] Saving model to model/model.iter110000.npz
[2017-07-20 03:40:09] Saving model to model/model.npz
[2017-07-20 03:40:12] [valid] 110000 : cross-entropy : 47.0276 : new best
[2017-07-20 03:40:12] Saving model to model/model.npz.dev.npz
[2017-07-20 03:40:26] [valid] 110000 : valid-script : 33.49 : new best
[2017-07-20 03:42:09] Ep. 5 : Up. 111000 : Sen. 1490240 : Cost 35.56 : Time 120.68s : 20726.65 words/s
[2017-07-20 03:43:51] Ep. 5 : Up. 112000 : Sen. 1589920 : Cost 35.95 : Time 102.22s : 24380.56 words/s
[2017-07-20 03:45:34] Ep. 5 : Up. 113000 : Sen. 1690040 : Cost 35.82 : Time 102.64s : 24284.13 words/s
[2017-07-20 03:47:16] Ep. 5 : Up. 114000 : Sen. 1789750 : Cost 35.92 : Time 102.24s : 24343.79 words/s
[2017-07-20 03:48:59] Ep. 5 : Up. 115000 : Sen. 1890558 : Cost 35.71 : Time 102.49s : 24453.15 words/s
[2017-07-20 03:50:41] Ep. 5 : Up. 116000 : Sen. 1989460 : Cost 36.11 : Time 102.32s : 24278.21 words/s
[2017-07-20 03:52:23] Ep. 5 : Up. 117000 : Sen. 2088776 : Cost 35.49 : Time 102.27s : 24285.28 words/s
[2017-07-20 03:54:06] Ep. 5 : Up. 118000 : Sen. 2188980 : Cost 35.73 : Time 102.56s : 24430.07 words/s
[2017-07-20 03:55:48] Ep. 5 : Up. 119000 : Sen. 2288588 : Cost 35.76 : Time 102.28s : 24316.99 words/s
[2017-07-20 03:57:30] Ep. 5 : Up. 120000 : Sen. 2388590 : Cost 35.75 : Time 101.99s : 24398.04 words/s
[2017-07-20 03:57:30] Saving model to model/model.iter120000.npz
[2017-07-20 03:57:31] Saving model to model/model.npz
[2017-07-20 03:57:34] [valid] 120000 : cross-entropy : 46.3445 : new best
[2017-07-20 03:57:34] Saving model to model/model.npz.dev.npz
[2017-07-20 03:57:48] [valid] 120000 : valid-script : 33.83 : new best
[2017-07-20 03:58:00] Seen 2399549 samples
[2017-07-20 03:58:00] Starting epoch 6
[2017-07-20 03:58:00] [data] Shuffling files
[2017-07-20 03:58:09] [data] Done
[2017-07-20 03:59:40] Ep. 6 : Up. 121000 : Sen. 89054 : Cost 34.14 : Time 129.71s : 19305.92 words/s
[2017-07-20 04:01:22] Ep. 6 : Up. 122000 : Sen. 189076 : Cost 33.60 : Time 102.32s : 24340.04 words/s
[2017-07-20 04:03:04] Ep. 6 : Up. 123000 : Sen. 288750 : Cost 33.79 : Time 102.28s : 24294.70 words/s
[2017-07-20 04:04:47] Ep. 6 : Up. 124000 : Sen. 388344 : Cost 34.03 : Time 102.61s : 24298.30 words/s
[2017-07-20 04:06:29] Ep. 6 : Up. 125000 : Sen. 488420 : Cost 33.73 : Time 102.45s : 24302.56 words/s
[2017-07-20 04:08:12] Ep. 6 : Up. 126000 : Sen. 588376 : Cost 34.24 : Time 102.66s : 24370.31 words/s
[2017-07-20 04:09:55] Ep. 6 : Up. 127000 : Sen. 688340 : Cost 34.03 : Time 102.56s : 24418.18 words/s
[2017-07-20 04:11:37] Ep. 6 : Up. 128000 : Sen. 788520 : Cost 33.94 : Time 102.36s : 24338.59 words/s
[2017-07-20 04:13:19] Ep. 6 : Up. 129000 : Sen. 888160 : Cost 34.48 : Time 102.19s : 24368.80 words/s
[2017-07-20 04:15:02] Ep. 6 : Up. 130000 : Sen. 988282 : Cost 34.19 : Time 102.73s : 24368.45 words/s
[2017-07-20 04:15:02] Saving model to model/model.iter130000.npz
[2017-07-20 04:15:03] Saving model to model/model.npz
[2017-07-20 04:15:06] [valid] 130000 : cross-entropy : 45.7784 : new best
[2017-07-20 04:15:06] Saving model to model/model.npz.dev.npz
[2017-07-20 04:15:20] [valid] 130000 : valid-script : 34.26 : new best
[2017-07-20 04:17:02] Ep. 6 : Up. 131000 : Sen. 1088440 : Cost 34.36 : Time 120.16s : 20759.46 words/s
[2017-07-20 04:18:44] Ep. 6 : Up. 132000 : Sen. 1187800 : Cost 34.06 : Time 102.19s : 24279.48 words/s
[2017-07-20 04:20:27] Ep. 6 : Up. 133000 : Sen. 1287180 : Cost 34.36 : Time 102.37s : 24305.27 words/s
[2017-07-20 04:22:09] Ep. 6 : Up. 134000 : Sen. 1387370 : Cost 34.34 : Time 102.81s : 24312.06 words/s
[2017-07-20 04:23:52] Ep. 6 : Up. 135000 : Sen. 1487784 : Cost 34.25 : Time 102.32s : 24367.69 words/s
[2017-07-20 04:25:35] Ep. 6 : Up. 136000 : Sen. 1587610 : Cost 34.54 : Time 103.04s : 24332.81 words/s
[2017-07-20 04:27:17] Ep. 6 : Up. 137000 : Sen. 1687910 : Cost 34.59 : Time 102.74s : 24412.49 words/s
[2017-07-20 04:29:00] Ep. 6 : Up. 138000 : Sen. 1788130 : Cost 34.18 : Time 102.23s : 24333.98 words/s
[2017-07-20 04:30:42] Ep. 6 : Up. 139000 : Sen. 1888011 : Cost 34.52 : Time 102.68s : 24351.06 words/s
[2017-07-20 04:32:25] Ep. 6 : Up. 140000 : Sen. 1987570 : Cost 34.58 : Time 102.96s : 24192.26 words/s
[2017-07-20 04:32:25] Saving model to model/model.iter140000.npz
[2017-07-20 04:32:26] Saving model to model/model.npz
[2017-07-20 04:32:29] [valid] 140000 : cross-entropy : 45.3163 : new best
[2017-07-20 04:32:29] Saving model to model/model.npz.dev.npz
[2017-07-20 04:32:43] [valid] 140000 : valid-script : 34.56 : new best
[2017-07-20 04:34:25] Ep. 6 : Up. 141000 : Sen. 2087150 : Cost 34.50 : Time 119.63s : 20760.58 words/s
[2017-07-20 04:36:07] Ep. 6 : Up. 142000 : Sen. 2187008 : Cost 34.57 : Time 102.26s : 24367.09 words/s
[2017-07-20 04:37:50] Ep. 6 : Up. 143000 : Sen. 2286530 : Cost 34.51 : Time 102.53s : 24338.93 words/s
[2017-07-20 04:39:32] Ep. 6 : Up. 144000 : Sen. 2386540 : Cost 34.53 : Time 102.44s : 24288.75 words/s
[2017-07-20 04:39:46] Seen 2399308 samples
[2017-07-20 04:39:46] Starting epoch 7
[2017-07-20 04:39:46] [data] Shuffling files
[2017-07-20 04:39:55] [data] Done
[2017-07-20 04:41:23] Ep. 7 : Up. 145000 : Sen. 86493 : Cost 32.86 : Time 110.95s : 22410.41 words/s
[2017-07-20 04:43:06] Ep. 7 : Up. 146000 : Sen. 186511 : Cost 32.54 : Time 102.54s : 24336.47 words/s
[2017-07-20 04:44:48] Ep. 7 : Up. 147000 : Sen. 286432 : Cost 32.50 : Time 102.63s : 24230.10 words/s
[2017-07-20 04:46:31] Ep. 7 : Up. 148000 : Sen. 386121 : Cost 33.12 : Time 102.63s : 24338.68 words/s
[2017-07-20 04:48:14] Ep. 7 : Up. 149000 : Sen. 486301 : Cost 32.74 : Time 102.58s : 24292.12 words/s
[2017-07-20 04:49:56] Ep. 7 : Up. 150000 : Sen. 586141 : Cost 33.02 : Time 102.71s : 24362.42 words/s
[2017-07-20 04:49:56] Saving model to model/model.iter150000.npz
[2017-07-20 04:49:57] Saving model to model/model.npz
[2017-07-20 04:50:00] [valid] 150000 : cross-entropy : 44.9373 : new best
[2017-07-20 04:50:00] Saving model to model/model.npz.dev.npz
[2017-07-20 04:50:14] [valid] 150000 : valid-script : 34.8 : new best
[2017-07-20 04:51:56] Ep. 7 : Up. 151000 : Sen. 685891 : Cost 33.02 : Time 119.40s : 20802.27 words/s
[2017-07-20 04:53:38] Ep. 7 : Up. 152000 : Sen. 785018 : Cost 33.01 : Time 102.43s : 24225.24 words/s
[2017-07-20 04:55:20] Ep. 7 : Up. 153000 : Sen. 884681 : Cost 33.26 : Time 102.33s : 24328.43 words/s
[2017-07-20 04:57:03] Ep. 7 : Up. 154000 : Sen. 984531 : Cost 33.21 : Time 102.16s : 24372.55 words/s
[2017-07-20 04:58:45] Ep. 7 : Up. 155000 : Sen. 1084801 : Cost 33.26 : Time 102.66s : 24372.00 words/s
[2017-07-20 05:00:27] Ep. 7 : Up. 156000 : Sen. 1184491 : Cost 33.23 : Time 102.09s : 24302.44 words/s
[2017-07-20 05:02:10] Ep. 7 : Up. 157000 : Sen. 1284221 : Cost 33.21 : Time 102.48s : 24368.57 words/s
[2017-07-20 05:03:52] Ep. 7 : Up. 158000 : Sen. 1384831 : Cost 32.89 : Time 102.69s : 24390.52 words/s
[2017-07-20 05:05:35] Ep. 7 : Up. 159000 : Sen. 1485041 : Cost 33.24 : Time 102.95s : 24379.56 words/s
[2017-07-20 05:07:18] Ep. 7 : Up. 160000 : Sen. 1584916 : Cost 33.76 : Time 102.83s : 24300.29 words/s
[2017-07-20 05:07:18] Saving model to model/model.iter160000.npz
[2017-07-20 05:07:19] Saving model to model/model.npz
[2017-07-20 05:07:23] [valid] 160000 : cross-entropy : 44.6341 : new best
[2017-07-20 05:07:23] Saving model to model/model.npz.dev.npz
[2017-07-20 05:07:36] [valid] 160000 : valid-script : 34.77 : stalled 1 times
[2017-07-20 05:09:18] Ep. 7 : Up. 161000 : Sen. 1685100 : Cost 33.56 : Time 120.25s : 20829.91 words/s
[2017-07-20 05:11:01] Ep. 7 : Up. 162000 : Sen. 1785051 : Cost 33.15 : Time 102.10s : 24381.53 words/s
[2017-07-20 05:12:43] Ep. 7 : Up. 163000 : Sen. 1884797 : Cost 33.53 : Time 102.58s : 24347.18 words/s
[2017-07-20 05:14:26] Ep. 7 : Up. 164000 : Sen. 1984501 : Cost 33.44 : Time 102.40s : 24318.45 words/s
[2017-07-20 05:16:08] Ep. 7 : Up. 165000 : Sen. 2084033 : Cost 33.42 : Time 102.38s : 24261.65 words/s
[2017-07-20 05:17:50] Ep. 7 : Up. 166000 : Sen. 2183881 : Cost 33.17 : Time 102.45s : 24343.02 words/s
[2017-07-20 05:19:33] Ep. 7 : Up. 167000 : Sen. 2284281 : Cost 33.41 : Time 102.55s : 24366.33 words/s
[2017-07-20 05:21:15] Ep. 7 : Up. 168000 : Sen. 2383941 : Cost 33.43 : Time 102.43s : 24291.71 words/s
[2017-07-20 05:21:32] Seen 2399728 samples
[2017-07-20 05:21:32] Starting epoch 8
[2017-07-20 05:21:32] [data] Shuffling files
[2017-07-20 05:21:40] [data] Done
[2017-07-20 05:23:06] Ep. 8 : Up. 169000 : Sen. 83492 : Cost 31.61 : Time 110.67s : 22419.19 words/s
[2017-07-20 05:24:48] Ep. 8 : Up. 170000 : Sen. 183167 : Cost 31.91 : Time 102.45s : 24351.53 words/s
[2017-07-20 05:24:49] Saving model to model/model.iter170000.npz
[2017-07-20 05:24:49] Saving model to model/model.npz
[2017-07-20 05:24:53] [valid] 170000 : cross-entropy : 44.3763 : new best
[2017-07-20 05:24:53] Saving model to model/model.npz.dev.npz
[2017-07-20 05:25:06] [valid] 170000 : valid-script : 34.94 : new best
[2017-07-20 05:26:49] Ep. 8 : Up. 171000 : Sen. 283252 : Cost 31.81 : Time 120.24s : 20803.71 words/s
[2017-07-20 05:28:31] Ep. 8 : Up. 172000 : Sen. 383426 : Cost 31.65 : Time 102.27s : 24368.42 words/s
[2017-07-20 05:30:13] Ep. 8 : Up. 173000 : Sen. 482942 : Cost 32.10 : Time 102.45s : 24288.37 words/s
[2017-07-20 05:31:56] Ep. 8 : Up. 174000 : Sen. 582762 : Cost 31.99 : Time 102.21s : 24315.08 words/s
[2017-07-20 05:33:38] Ep. 8 : Up. 175000 : Sen. 682580 : Cost 32.18 : Time 102.35s : 24353.30 words/s
[2017-07-20 05:35:21] Ep. 8 : Up. 176000 : Sen. 782552 : Cost 32.30 : Time 102.99s : 24348.87 words/s
[2017-07-20 05:37:03] Ep. 8 : Up. 177000 : Sen. 882588 : Cost 32.03 : Time 102.37s : 24341.03 words/s
[2017-07-20 05:38:46] Ep. 8 : Up. 178000 : Sen. 982362 : Cost 32.26 : Time 102.38s : 24411.48 words/s
[2017-07-20 05:40:28] Ep. 8 : Up. 179000 : Sen. 1082222 : Cost 32.22 : Time 102.31s : 24302.75 words/s
[2017-07-20 05:42:11] Ep. 8 : Up. 180000 : Sen. 1182430 : Cost 32.27 : Time 102.70s : 24423.93 words/s
[2017-07-20 05:42:11] Saving model to model/model.iter180000.npz
[2017-07-20 05:42:12] Saving model to model/model.npz
[2017-07-20 05:42:15] [valid] 180000 : cross-entropy : 44.1763 : new best
[2017-07-20 05:42:15] Saving model to model/model.npz.dev.npz
[2017-07-20 05:42:29] [valid] 180000 : valid-script : 35.11 : new best
[2017-07-20 05:44:11] Ep. 8 : Up. 181000 : Sen. 1282147 : Cost 32.51 : Time 119.76s : 20763.04 words/s
[2017-07-20 05:45:53] Ep. 8 : Up. 182000 : Sen. 1382252 : Cost 32.30 : Time 102.48s : 24379.62 words/s
[2017-07-20 05:47:35] Ep. 8 : Up. 183000 : Sen. 1482291 : Cost 32.40 : Time 102.31s : 24315.03 words/s
[2017-07-20 05:49:18] Ep. 8 : Up. 184000 : Sen. 1582022 : Cost 32.62 : Time 102.44s : 24375.14 words/s
[2017-07-20 05:51:00] Ep. 8 : Up. 185000 : Sen. 1681252 : Cost 32.43 : Time 102.37s : 24260.49 words/s
[2017-07-20 05:52:42] Ep. 8 : Up. 186000 : Sen. 1781025 : Cost 32.47 : Time 102.23s : 24345.08 words/s
[2017-07-20 05:54:24] Ep. 8 : Up. 187000 : Sen. 1880555 : Cost 32.55 : Time 101.75s : 24385.54 words/s
[2017-07-20 05:56:06] Ep. 8 : Up. 188000 : Sen. 1980624 : Cost 32.58 : Time 102.03s : 24408.09 words/s
[2017-07-20 05:57:49] Ep. 8 : Up. 189000 : Sen. 2080422 : Cost 32.24 : Time 102.47s : 24329.74 words/s
[2017-07-20 05:59:31] Ep. 8 : Up. 190000 : Sen. 2179862 : Cost 32.57 : Time 102.06s : 24321.41 words/s
[2017-07-20 05:59:31] Saving model to model/model.iter190000.npz
[2017-07-20 05:59:32] Saving model to model/model.npz
[2017-07-20 05:59:35] [valid] 190000 : cross-entropy : 43.9993 : new best
[2017-07-20 05:59:35] Saving model to model/model.npz.dev.npz
[2017-07-20 05:59:48] [valid] 190000 : valid-script : 35.32 : new best
[2017-07-20 06:01:31] Ep. 8 : Up. 191000 : Sen. 2279862 : Cost 32.72 : Time 119.91s : 20864.29 words/s
[2017-07-20 06:03:13] Ep. 8 : Up. 192000 : Sen. 2379158 : Cost 32.89 : Time 102.12s : 24322.38 words/s
[2017-07-20 06:03:33] Seen 2399461 samples
[2017-07-20 06:03:33] Starting epoch 9
[2017-07-20 06:03:33] [data] Shuffling files
[2017-07-20 06:03:42] [data] Done
[2017-07-20 06:05:04] Ep. 9 : Up. 193000 : Sen. 80231 : Cost 30.96 : Time 111.35s : 22426.34 words/s
[2017-07-20 06:06:46] Ep. 9 : Up. 194000 : Sen. 179440 : Cost 30.67 : Time 102.21s : 24292.46 words/s
[2017-07-20 06:08:28] Ep. 9 : Up. 195000 : Sen. 279233 : Cost 31.03 : Time 102.11s : 24367.91 words/s
[2017-07-20 06:10:11] Ep. 9 : Up. 196000 : Sen. 379680 : Cost 31.31 : Time 102.94s : 24325.80 words/s
[2017-07-20 06:11:54] Ep. 9 : Up. 197000 : Sen. 479430 : Cost 31.32 : Time 102.64s : 24393.44 words/s
[2017-07-20 06:13:37] Ep. 9 : Up. 198000 : Sen. 580290 : Cost 31.16 : Time 102.86s : 24391.71 words/s
[2017-07-20 06:15:19] Ep. 9 : Up. 199000 : Sen. 680890 : Cost 31.04 : Time 102.64s : 24413.82 words/s
[2017-07-20 06:17:01] Ep. 9 : Up. 200000 : Sen. 780339 : Cost 31.69 : Time 102.03s : 24344.07 words/s
[2017-07-20 06:17:02] Saving model to model/model.iter200000.npz
[2017-07-20 06:17:02] Saving model to model/model.npz
[2017-07-20 06:17:06] [valid] 200000 : cross-entropy : 43.8482 : new best
[2017-07-20 06:17:06] Saving model to model/model.npz.dev.npz
[2017-07-20 06:17:20] [valid] 200000 : valid-script : 35.48 : new best
[2017-07-20 06:19:02] Ep. 9 : Up. 201000 : Sen. 880127 : Cost 31.72 : Time 120.33s : 20799.59 words/s
[2017-07-20 06:20:44] Ep. 9 : Up. 202000 : Sen. 980390 : Cost 31.33 : Time 102.37s : 24278.32 words/s
[2017-07-20 06:22:27] Ep. 9 : Up. 203000 : Sen. 1079553 : Cost 31.46 : Time 102.42s : 24219.13 words/s
[2017-07-20 06:24:09] Ep. 9 : Up. 204000 : Sen. 1179240 : Cost 31.36 : Time 102.18s : 24400.54 words/s
[2017-07-20 06:25:51] Ep. 9 : Up. 205000 : Sen. 1278810 : Cost 31.61 : Time 102.27s : 24312.21 words/s
[2017-07-20 06:27:33] Ep. 9 : Up. 206000 : Sen. 1378438 : Cost 31.62 : Time 101.78s : 24341.71 words/s
[2017-07-20 06:29:15] Ep. 9 : Up. 207000 : Sen. 1478360 : Cost 31.68 : Time 102.54s : 24344.93 words/s
[2017-07-20 06:30:58] Ep. 9 : Up. 208000 : Sen. 1577992 : Cost 31.96 : Time 102.67s : 24349.97 words/s
[2017-07-20 06:32:40] Ep. 9 : Up. 209000 : Sen. 1677926 : Cost 31.55 : Time 102.10s : 24371.01 words/s
[2017-07-20 06:34:23] Ep. 9 : Up. 210000 : Sen. 1777572 : Cost 31.94 : Time 102.79s : 24288.09 words/s
[2017-07-20 06:34:23] Saving model to model/model.iter210000.npz
[2017-07-20 06:34:24] Saving model to model/model.npz
[2017-07-20 06:34:27] [valid] 210000 : cross-entropy : 43.7333 : new best
[2017-07-20 06:34:27] Saving model to model/model.npz.dev.npz
[2017-07-20 06:34:41] [valid] 210000 : valid-script : 35.53 : new best
[2017-07-20 06:36:23] Ep. 9 : Up. 211000 : Sen. 1877690 : Cost 31.55 : Time 120.56s : 20634.54 words/s
[2017-07-20 06:38:06] Ep. 9 : Up. 212000 : Sen. 1977390 : Cost 31.92 : Time 102.82s : 24320.88 words/s
[2017-07-20 06:39:49] Ep. 9 : Up. 213000 : Sen. 2077458 : Cost 32.00 : Time 102.62s : 24378.23 words/s
[2017-07-20 06:41:31] Ep. 9 : Up. 214000 : Sen. 2177130 : Cost 31.91 : Time 102.38s : 24278.22 words/s
[2017-07-20 06:43:14] Ep. 9 : Up. 215000 : Sen. 2277003 : Cost 32.21 : Time 103.11s : 24308.97 words/s
[2017-07-20 06:44:57] Ep. 9 : Up. 216000 : Sen. 2376780 : Cost 31.75 : Time 102.38s : 24330.06 words/s
[2017-07-20 06:45:20] Seen 2399664 samples
[2017-07-20 06:45:20] Starting epoch 10
[2017-07-20 06:45:20] [data] Shuffling files
[2017-07-20 06:45:29] [data] Done
[2017-07-20 06:46:48] Ep. 10 : Up. 217000 : Sen. 77335 : Cost 30.45 : Time 111.53s : 22388.16 words/s
[2017-07-20 06:48:31] Ep. 10 : Up. 218000 : Sen. 177124 : Cost 30.23 : Time 102.89s : 24359.41 words/s
[2017-07-20 06:50:14] Ep. 10 : Up. 219000 : Sen. 277365 : Cost 29.83 : Time 102.58s : 24275.01 words/s
[2017-07-20 06:51:56] Ep. 10 : Up. 220000 : Sen. 377225 : Cost 30.58 : Time 102.64s : 24338.06 words/s
[2017-07-20 06:51:56] Saving model to model/model.iter220000.npz
[2017-07-20 06:51:57] Saving model to model/model.npz
[2017-07-20 06:52:01] [valid] 220000 : cross-entropy : 43.639 : new best
[2017-07-20 06:52:01] Saving model to model/model.npz.dev.npz
[2017-07-20 06:52:14] [valid] 220000 : valid-script : 35.47 : stalled 1 times
[2017-07-20 06:53:56] Ep. 10 : Up. 221000 : Sen. 476764 : Cost 30.56 : Time 119.92s : 20774.19 words/s
[2017-07-20 06:55:39] Ep. 10 : Up. 222000 : Sen. 576775 : Cost 30.56 : Time 102.59s : 24306.47 words/s
[2017-07-20 06:57:21] Ep. 10 : Up. 223000 : Sen. 676611 : Cost 30.67 : Time 102.43s : 24309.01 words/s
[2017-07-20 06:59:04] Ep. 10 : Up. 224000 : Sen. 776805 : Cost 30.77 : Time 102.56s : 24359.49 words/s
[2017-07-20 07:00:46] Ep. 10 : Up. 225000 : Sen. 876915 : Cost 30.78 : Time 102.48s : 24335.04 words/s
[2017-07-20 07:02:29] Ep. 10 : Up. 226000 : Sen. 976318 : Cost 31.40 : Time 102.43s : 24344.54 words/s
[2017-07-20 07:04:11] Ep. 10 : Up. 227000 : Sen. 1076156 : Cost 31.03 : Time 102.47s : 24347.46 words/s
[2017-07-20 07:05:53] Ep. 10 : Up. 228000 : Sen. 1175802 : Cost 31.00 : Time 102.10s : 24323.77 words/s
[2017-07-20 07:07:36] Ep. 10 : Up. 229000 : Sen. 1275635 : Cost 31.25 : Time 102.50s : 24415.13 words/s
[2017-07-20 07:09:19] Ep. 10 : Up. 230000 : Sen. 1376095 : Cost 31.00 : Time 102.68s : 24361.53 words/s
[2017-07-20 07:09:19] Saving model to model/model.iter230000.npz
[2017-07-20 07:09:20] Saving model to model/model.npz
[2017-07-20 07:09:23] [valid] 230000 : cross-entropy : 43.5783 : new best
[2017-07-20 07:09:23] Saving model to model/model.npz.dev.npz
[2017-07-20 07:09:36] [valid] 230000 : valid-script : 35.63 : new best
[2017-07-20 07:11:19] Ep. 10 : Up. 231000 : Sen. 1476055 : Cost 30.79 : Time 120.22s : 20802.98 words/s
[2017-07-20 07:13:01] Ep. 10 : Up. 232000 : Sen. 1576224 : Cost 30.91 : Time 102.49s : 24317.61 words/s
[2017-07-20 07:14:44] Ep. 10 : Up. 233000 : Sen. 1675829 : Cost 31.34 : Time 102.26s : 24345.63 words/s
[2017-07-20 07:16:26] Ep. 10 : Up. 234000 : Sen. 1775715 : Cost 31.16 : Time 102.68s : 24339.43 words/s
[2017-07-20 07:18:08] Ep. 10 : Up. 235000 : Sen. 1875635 : Cost 31.27 : Time 102.25s : 24309.04 words/s
[2017-07-20 07:19:51] Ep. 10 : Up. 236000 : Sen. 1974897 : Cost 31.37 : Time 102.15s : 24236.25 words/s
[2017-07-20 07:21:33] Ep. 10 : Up. 237000 : Sen. 2074450 : Cost 31.31 : Time 102.08s : 24374.80 words/s
[2017-07-20 07:23:16] Ep. 10 : Up. 238000 : Sen. 2174755 : Cost 31.35 : Time 102.92s : 24314.58 words/s
[2017-07-20 07:24:58] Ep. 10 : Up. 239000 : Sen. 2274414 : Cost 31.36 : Time 101.93s : 24327.40 words/s
[2017-07-20 07:26:40] Ep. 10 : Up. 240000 : Sen. 2374565 : Cost 31.45 : Time 102.68s : 24363.97 words/s
[2017-07-20 07:26:40] Saving model to model/model.iter240000.npz
[2017-07-20 07:26:41] Saving model to model/model.npz
[2017-07-20 07:26:44] [valid] 240000 : cross-entropy : 43.5289 : new best
[2017-07-20 07:26:44] Saving model to model/model.npz.dev.npz
[2017-07-20 07:26:58] [valid] 240000 : valid-script : 35.67 : new best
[2017-07-20 07:27:23] Seen 2399264 samples
[2017-07-20 07:27:23] Starting epoch 11
[2017-07-20 07:27:23] [data] Shuffling files
[2017-07-20 07:27:32] [data] Done
[2017-07-20 07:28:49] Ep. 11 : Up. 241000 : Sen. 75410 : Cost 30.18 : Time 128.92s : 19403.23 words/s
[2017-07-20 07:30:32] Ep. 11 : Up. 242000 : Sen. 174939 : Cost 29.50 : Time 102.58s : 24306.04 words/s
[2017-07-20 07:32:14] Ep. 11 : Up. 243000 : Sen. 275018 : Cost 29.59 : Time 102.36s : 24331.35 words/s
[2017-07-20 07:33:56] Ep. 11 : Up. 244000 : Sen. 374879 : Cost 29.82 : Time 102.35s : 24377.66 words/s
[2017-07-20 07:35:39] Ep. 11 : Up. 245000 : Sen. 474791 : Cost 30.40 : Time 102.63s : 24315.30 words/s
[2017-07-20 07:37:21] Ep. 11 : Up. 246000 : Sen. 574343 : Cost 30.38 : Time 102.09s : 24390.93 words/s
[2017-07-20 07:39:03] Ep. 11 : Up. 247000 : Sen. 674080 : Cost 29.97 : Time 102.04s : 24281.33 words/s
[2017-07-20 07:40:45] Ep. 11 : Up. 248000 : Sen. 773423 : Cost 29.98 : Time 102.29s : 24247.89 words/s
[2017-07-20 07:42:28] Ep. 11 : Up. 249000 : Sen. 873130 : Cost 30.43 : Time 102.49s : 24359.69 words/s
[2017-07-20 07:44:10] Ep. 11 : Up. 250000 : Sen. 972890 : Cost 30.24 : Time 102.31s : 24350.54 words/s
[2017-07-20 07:44:10] Saving model to model/model.iter250000.npz
[2017-07-20 07:44:11] Saving model to model/model.npz
[2017-07-20 07:44:14] [valid] 250000 : cross-entropy : 43.5031 : new best
[2017-07-20 07:44:14] Saving model to model/model.npz.dev.npz
[2017-07-20 07:44:28] [valid] 250000 : valid-script : 35.62 : stalled 1 times
[2017-07-20 07:46:10] Ep. 11 : Up. 251000 : Sen. 1073530 : Cost 30.40 : Time 119.89s : 20870.93 words/s
[2017-07-20 07:47:53] Ep. 11 : Up. 252000 : Sen. 1173911 : Cost 30.51 : Time 103.01s : 24344.32 words/s
[2017-07-20 07:49:36] Ep. 11 : Up. 253000 : Sen. 1273787 : Cost 30.63 : Time 102.32s : 24339.96 words/s
[2017-07-20 07:51:18] Ep. 11 : Up. 254000 : Sen. 1373800 : Cost 30.53 : Time 102.60s : 24293.11 words/s
[2017-07-20 07:53:01] Ep. 11 : Up. 255000 : Sen. 1473970 : Cost 30.59 : Time 102.90s : 24357.81 words/s
[2017-07-20 07:54:44] Ep. 11 : Up. 256000 : Sen. 1573798 : Cost 30.77 : Time 102.51s : 24375.99 words/s
[2017-07-20 07:56:26] Ep. 11 : Up. 257000 : Sen. 1673652 : Cost 30.71 : Time 102.19s : 24317.83 words/s
[2017-07-20 07:58:08] Ep. 11 : Up. 258000 : Sen. 1773310 : Cost 30.67 : Time 102.68s : 24289.69 words/s
[2017-07-20 07:59:51] Ep. 11 : Up. 259000 : Sen. 1873485 : Cost 30.89 : Time 102.90s : 24341.73 words/s
[2017-07-20 08:01:34] Ep. 11 : Up. 260000 : Sen. 1973816 : Cost 30.68 : Time 102.57s : 24317.18 words/s
[2017-07-20 08:01:34] Saving model to model/model.iter260000.npz
[2017-07-20 08:01:35] Saving model to model/model.npz
[2017-07-20 08:01:38] [valid] 260000 : cross-entropy : 43.4704 : new best
[2017-07-20 08:01:38] Saving model to model/model.npz.dev.npz
[2017-07-20 08:01:52] [valid] 260000 : valid-script : 35.59 : stalled 2 times
[2017-07-20 08:03:34] Ep. 11 : Up. 261000 : Sen. 2073430 : Cost 30.87 : Time 120.21s : 20772.00 words/s
[2017-07-20 08:05:17] Ep. 11 : Up. 262000 : Sen. 2173214 : Cost 30.88 : Time 102.54s : 24403.95 words/s
[2017-07-20 08:06:59] Ep. 11 : Up. 263000 : Sen. 2273360 : Cost 30.84 : Time 102.70s : 24256.74 words/s
[2017-07-20 08:08:42] Ep. 11 : Up. 264000 : Sen. 2372960 : Cost 31.00 : Time 102.48s : 24283.34 words/s
[2017-07-20 08:09:09] Seen 2399599 samples
[2017-07-20 08:09:09] Starting epoch 12
[2017-07-20 08:09:09] [data] Shuffling files
[2017-07-20 08:09:18] [data] Done
[2017-07-20 08:10:33] Ep. 12 : Up. 265000 : Sen. 73030 : Cost 29.68 : Time 111.22s : 22405.87 words/s
[2017-07-20 08:12:15] Ep. 12 : Up. 266000 : Sen. 172970 : Cost 28.83 : Time 102.01s : 24389.11 words/s
[2017-07-20 08:13:57] Ep. 12 : Up. 267000 : Sen. 272830 : Cost 29.45 : Time 102.08s : 24397.35 words/s
[2017-07-20 08:15:40] Ep. 12 : Up. 268000 : Sen. 372220 : Cost 29.31 : Time 102.40s : 24311.11 words/s
[2017-07-20 08:17:22] Ep. 12 : Up. 269000 : Sen. 472050 : Cost 29.64 : Time 102.45s : 24343.54 words/s
[2017-07-20 08:19:05] Ep. 12 : Up. 270000 : Sen. 572280 : Cost 29.76 : Time 102.88s : 24360.11 words/s
[2017-07-20 08:19:05] Saving model to model/model.iter270000.npz
[2017-07-20 08:19:06] Saving model to model/model.npz
[2017-07-20 08:19:09] [valid] 270000 : cross-entropy : 43.4526 : new best
[2017-07-20 08:19:09] Saving model to model/model.npz.dev.npz
[2017-07-20 08:19:23] [valid] 270000 : valid-script : 35.68 : new best
[2017-07-20 08:21:06] Ep. 12 : Up. 271000 : Sen. 672580 : Cost 29.92 : Time 120.82s : 20673.65 words/s
[2017-07-20 08:22:48] Ep. 12 : Up. 272000 : Sen. 772947 : Cost 29.35 : Time 102.64s : 24333.05 words/s
[2017-07-20 08:24:31] Ep. 12 : Up. 273000 : Sen. 872840 : Cost 29.66 : Time 102.38s : 24326.61 words/s
[2017-07-20 08:26:13] Ep. 12 : Up. 274000 : Sen. 971800 : Cost 30.10 : Time 102.13s : 24276.65 words/s
[2017-07-20 08:27:56] Ep. 12 : Up. 275000 : Sen. 1071911 : Cost 29.95 : Time 102.84s : 24371.54 words/s
[2017-07-20 08:29:38] Ep. 12 : Up. 276000 : Sen. 1171730 : Cost 29.61 : Time 102.37s : 24319.80 words/s
[2017-07-20 08:31:21] Ep. 12 : Up. 277000 : Sen. 1271720 : Cost 29.89 : Time 102.52s : 24327.63 words/s
[2017-07-20 08:33:03] Ep. 12 : Up. 278000 : Sen. 1371650 : Cost 29.93 : Time 102.71s : 24315.25 words/s
[2017-07-20 08:34:46] Ep. 12 : Up. 279000 : Sen. 1471340 : Cost 30.24 : Time 102.29s : 24399.83 words/s
[2017-07-20 08:36:28] Ep. 12 : Up. 280000 : Sen. 1571278 : Cost 30.04 : Time 102.40s : 24264.82 words/s
[2017-07-20 08:36:28] Saving model to model/model.iter280000.npz
[2017-07-20 08:36:29] Saving model to model/model.npz
[2017-07-20 08:36:32] [valid] 280000 : cross-entropy : 43.4537 : stalled 1 times
[2017-07-20 08:36:32] Saving model to model/model.npz.dev.npz
[2017-07-20 08:36:46] [valid] 280000 : valid-script : 35.58 : stalled 1 times
[2017-07-20 08:38:28] Ep. 12 : Up. 281000 : Sen. 1670912 : Cost 30.10 : Time 120.38s : 20694.62 words/s
[2017-07-20 08:40:11] Ep. 12 : Up. 282000 : Sen. 1771170 : Cost 30.12 : Time 102.72s : 24332.82 words/s
[2017-07-20 08:41:54] Ep. 12 : Up. 283000 : Sen. 1871361 : Cost 30.41 : Time 102.62s : 24371.06 words/s
[2017-07-20 08:43:36] Ep. 12 : Up. 284000 : Sen. 1970610 : Cost 30.61 : Time 102.50s : 24231.48 words/s
[2017-07-20 08:45:19] Ep. 12 : Up. 285000 : Sen. 2070827 : Cost 30.42 : Time 102.56s : 24373.93 words/s
[2017-07-20 08:47:01] Ep. 12 : Up. 286000 : Sen. 2170390 : Cost 30.14 : Time 102.42s : 24307.32 words/s
[2017-07-20 08:48:43] Ep. 12 : Up. 287000 : Sen. 2269430 : Cost 30.33 : Time 101.79s : 24282.91 words/s
[2017-07-20 08:50:26] Ep. 12 : Up. 288000 : Sen. 2369620 : Cost 30.23 : Time 102.73s : 24328.29 words/s
[2017-07-20 08:50:56] Seen 2399299 samples
[2017-07-20 08:50:56] Starting epoch 13
[2017-07-20 08:50:56] [data] Shuffling files
[2017-07-20 08:51:05] [data] Done
[2017-07-20 08:52:17] Ep. 13 : Up. 289000 : Sen. 70430 : Cost 29.29 : Time 111.47s : 22447.02 words/s
[2017-07-20 08:54:00] Ep. 13 : Up. 290000 : Sen. 170330 : Cost 29.00 : Time 102.67s : 24295.52 words/s
[2017-07-20 08:54:00] Saving model to model/model.iter290000.npz
[2017-07-20 08:54:01] Saving model to model/model.npz
[2017-07-20 08:54:04] [valid] 290000 : cross-entropy : 43.4443 : new best
[2017-07-20 08:54:04] Saving model to model/model.npz.dev.npz
[2017-07-20 08:54:18] [valid] 290000 : valid-script : 35.5 : stalled 2 times
[2017-07-20 08:56:01] Ep. 13 : Up. 291000 : Sen. 270230 : Cost 29.01 : Time 120.83s : 20678.59 words/s
[2017-07-20 08:57:43] Ep. 13 : Up. 292000 : Sen. 370045 : Cost 28.95 : Time 102.58s : 24305.25 words/s
[2017-07-20 08:59:26] Ep. 13 : Up. 293000 : Sen. 469906 : Cost 29.14 : Time 102.76s : 24271.61 words/s
[2017-07-20 09:01:09] Ep. 13 : Up. 294000 : Sen. 569602 : Cost 29.29 : Time 102.58s : 24255.81 words/s
[2017-07-20 09:02:51] Ep. 13 : Up. 295000 : Sen. 669265 : Cost 29.42 : Time 102.68s : 24282.69 words/s
[2017-07-20 09:04:33] Ep. 13 : Up. 296000 : Sen. 768590 : Cost 29.40 : Time 101.96s : 24291.36 words/s
[2017-07-20 09:06:17] Ep. 13 : Up. 297000 : Sen. 869140 : Cost 29.58 : Time 103.44s : 24353.83 words/s
[2017-07-20 09:07:59] Ep. 13 : Up. 298000 : Sen. 969056 : Cost 29.54 : Time 102.63s : 24349.03 words/s
[2017-07-20 09:09:42] Ep. 13 : Up. 299000 : Sen. 1069140 : Cost 29.37 : Time 102.70s : 24273.84 words/s
[2017-07-20 09:11:25] Ep. 13 : Up. 300000 : Sen. 1169210 : Cost 29.40 : Time 102.63s : 24253.79 words/s
[2017-07-20 09:11:25] Saving model to model/model.iter300000.npz
[2017-07-20 09:11:26] Saving model to model/model.npz
[2017-07-20 09:11:29] [valid] 300000 : cross-entropy : 43.4579 : stalled 1 times
[2017-07-20 09:11:29] Saving model to model/model.npz.dev.npz
[2017-07-20 09:11:43] [valid] 300000 : valid-script : 35.65 : stalled 3 times
[2017-07-20 09:13:25] Ep. 13 : Up. 301000 : Sen. 1268900 : Cost 29.79 : Time 120.87s : 20633.90 words/s
[2017-07-20 09:15:08] Ep. 13 : Up. 302000 : Sen. 1369140 : Cost 29.69 : Time 102.89s : 24315.22 words/s
[2017-07-20 09:16:51] Ep. 13 : Up. 303000 : Sen. 1469420 : Cost 29.51 : Time 102.63s : 24350.64 words/s
[2017-07-20 09:18:33] Ep. 13 : Up. 304000 : Sen. 1569220 : Cost 29.86 : Time 102.40s : 24357.08 words/s
[2017-07-20 09:20:16] Ep. 13 : Up. 305000 : Sen. 1668940 : Cost 29.79 : Time 102.55s : 24292.10 words/s
[2017-07-20 09:21:59] Ep. 13 : Up. 306000 : Sen. 1768997 : Cost 29.65 : Time 102.60s : 24332.00 words/s
[2017-07-20 09:23:41] Ep. 13 : Up. 307000 : Sen. 1868940 : Cost 29.89 : Time 102.61s : 24326.67 words/s
[2017-07-20 09:25:24] Ep. 13 : Up. 308000 : Sen. 1968307 : Cost 30.25 : Time 102.47s : 24279.26 words/s
[2017-07-20 09:27:06] Ep. 13 : Up. 309000 : Sen. 2068130 : Cost 29.90 : Time 102.32s : 24289.63 words/s
[2017-07-20 09:28:48] Ep. 13 : Up. 310000 : Sen. 2168100 : Cost 30.01 : Time 102.33s : 24346.45 words/s
[2017-07-20 09:28:48] Saving model to model/model.iter310000.npz
[2017-07-20 09:28:49] Saving model to model/model.npz
[2017-07-20 09:28:52] [valid] 310000 : cross-entropy : 43.4737 : stalled 2 times
[2017-07-20 09:28:52] Saving model to model/model.npz.dev.npz
[2017-07-20 09:29:06] [valid] 310000 : valid-script : 35.58 : stalled 4 times
[2017-07-20 09:30:49] Ep. 13 : Up. 311000 : Sen. 2268230 : Cost 29.92 : Time 120.29s : 20786.14 words/s
[2017-07-20 09:32:31] Ep. 13 : Up. 312000 : Sen. 2368340 : Cost 30.28 : Time 102.69s : 24325.12 words/s
[2017-07-20 09:33:03] Seen 2399718 samples
[2017-07-20 09:33:03] Starting epoch 14
[2017-07-20 09:33:03] [data] Shuffling files
[2017-07-20 09:33:13] [data] Done
[2017-07-20 09:34:23] Ep. 14 : Up. 313000 : Sen. 68675 : Cost 28.87 : Time 111.89s : 22315.54 words/s
[2017-07-20 09:36:06] Ep. 14 : Up. 314000 : Sen. 168561 : Cost 28.27 : Time 102.45s : 24325.44 words/s
[2017-07-20 09:37:48] Ep. 14 : Up. 315000 : Sen. 267811 : Cost 28.65 : Time 102.42s : 24269.27 words/s
[2017-07-20 09:39:31] Ep. 14 : Up. 316000 : Sen. 367618 : Cost 28.71 : Time 102.77s : 24264.92 words/s
[2017-07-20 09:41:13] Ep. 14 : Up. 317000 : Sen. 467541 : Cost 28.86 : Time 102.71s : 24331.14 words/s
[2017-07-20 09:42:56] Ep. 14 : Up. 318000 : Sen. 568101 : Cost 28.62 : Time 102.95s : 24305.68 words/s
[2017-07-20 09:44:39] Ep. 14 : Up. 319000 : Sen. 667596 : Cost 29.06 : Time 102.37s : 24372.87 words/s
[2017-07-20 09:46:22] Ep. 14 : Up. 320000 : Sen. 767671 : Cost 28.68 : Time 102.80s : 24239.73 words/s
[2017-07-20 09:46:22] Saving model to model/model.iter320000.npz
[2017-07-20 09:46:23] Saving model to model/model.npz
[2017-07-20 09:46:26] [valid] 320000 : cross-entropy : 43.4978 : stalled 3 times
[2017-07-20 09:46:26] Saving model to model/model.npz.dev.npz
[2017-07-20 09:46:40] [valid] 320000 : valid-script : 35.51 : stalled 5 times
[2017-07-20 09:48:22] Ep. 14 : Up. 321000 : Sen. 867753 : Cost 29.21 : Time 120.75s : 20722.34 words/s
[2017-07-20 09:50:04] Ep. 14 : Up. 322000 : Sen. 967131 : Cost 28.91 : Time 102.12s : 24312.74 words/s
[2017-07-20 09:51:47] Ep. 14 : Up. 323000 : Sen. 1067491 : Cost 29.07 : Time 102.91s : 24336.14 words/s
[2017-07-20 09:53:30] Ep. 14 : Up. 324000 : Sen. 1166666 : Cost 29.56 : Time 102.26s : 24301.46 words/s
[2017-07-20 09:55:12] Ep. 14 : Up. 325000 : Sen. 1267060 : Cost 29.11 : Time 102.14s : 24427.23 words/s
[2017-07-20 09:56:54] Ep. 14 : Up. 326000 : Sen. 1366758 : Cost 29.46 : Time 102.68s : 24429.64 words/s
[2017-07-20 09:58:37] Ep. 14 : Up. 327000 : Sen. 1467435 : Cost 29.15 : Time 102.94s : 24424.97 words/s
[2017-07-20 10:00:20] Ep. 14 : Up. 328000 : Sen. 1567991 : Cost 29.07 : Time 102.59s : 24358.21 words/s
[2017-07-20 10:02:02] Ep. 14 : Up. 329000 : Sen. 1668055 : Cost 29.37 : Time 102.42s : 24444.44 words/s
[2017-07-20 10:03:45] Ep. 14 : Up. 330000 : Sen. 1767921 : Cost 29.30 : Time 102.18s : 24335.37 words/s
[2017-07-20 10:03:45] Saving model to model/model.iter330000.npz
[2017-07-20 10:03:46] Saving model to model/model.npz
[2017-07-20 10:03:49] [valid] 330000 : cross-entropy : 43.5289 : stalled 4 times
[2017-07-20 10:03:49] Saving model to model/model.npz.dev.npz
[2017-07-20 10:04:02] [valid] 330000 : valid-script : 35.61 : stalled 6 times
[2017-07-20 10:05:44] Ep. 14 : Up. 331000 : Sen. 1867730 : Cost 29.22 : Time 119.29s : 20863.99 words/s
[2017-07-20 10:07:27] Ep. 14 : Up. 332000 : Sen. 1967601 : Cost 29.64 : Time 102.69s : 24328.56 words/s
[2017-07-20 10:09:09] Ep. 14 : Up. 333000 : Sen. 2067831 : Cost 29.68 : Time 102.35s : 24408.21 words/s
[2017-07-20 10:10:51] Ep. 14 : Up. 334000 : Sen. 2167024 : Cost 29.56 : Time 102.09s : 24304.83 words/s
[2017-07-20 10:12:33] Ep. 14 : Up. 335000 : Sen. 2267750 : Cost 29.46 : Time 102.31s : 24408.39 words/s
[2017-07-20 10:14:15] Ep. 14 : Up. 336000 : Sen. 2367241 : Cost 29.61 : Time 101.90s : 24305.06 words/s
[2017-07-20 10:14:49] Seen 2399540 samples
[2017-07-20 10:14:49] Starting epoch 15
[2017-07-20 10:14:49] [data] Shuffling files
[2017-07-20 10:14:57] [data] Done
[2017-07-20 10:16:07] Ep. 15 : Up. 337000 : Sen. 67430 : Cost 28.54 : Time 111.47s : 22498.70 words/s
[2017-07-20 10:17:49] Ep. 15 : Up. 338000 : Sen. 167710 : Cost 28.09 : Time 102.50s : 24414.14 words/s
[2017-07-20 10:19:32] Ep. 15 : Up. 339000 : Sen. 267523 : Cost 28.19 : Time 102.65s : 24315.38 words/s
[2017-07-20 10:21:14] Ep. 15 : Up. 340000 : Sen. 367759 : Cost 28.23 : Time 101.82s : 24450.29 words/s
[2017-07-20 10:21:14] Saving model to model/model.iter340000.npz
[2017-07-20 10:21:15] Saving model to model/model.npz
[2017-07-20 10:21:18] [valid] 340000 : cross-entropy : 43.56 : stalled 5 times
[2017-07-20 10:21:18] Saving model to model/model.npz.dev.npz
[2017-07-20 10:21:32] [valid] 340000 : valid-script : 35.61 : stalled 7 times
[2017-07-20 10:21:32] Training finshed
[2017-07-20 10:21:32] Saving model to model/model.npz
