[2017-07-19 02:24:23] [config] after-batches: 0
[2017-07-19 02:24:23] [config] after-epochs: 0
[2017-07-19 02:24:23] [config] best-deep: false
[2017-07-19 02:24:23] [config] clip-norm: 1
[2017-07-19 02:24:23] [config] dec-cell: gru
[2017-07-19 02:24:23] [config] dec-cell-base-depth: 2
[2017-07-19 02:24:23] [config] dec-cell-high-depth: 1
[2017-07-19 02:24:23] [config] dec-depth: 1
[2017-07-19 02:24:23] [config] devices:
[2017-07-19 02:24:23] [config]   - 0
[2017-07-19 02:24:23] [config]   - 1
[2017-07-19 02:24:23] [config]   - 2
[2017-07-19 02:24:23] [config]   - 3
[2017-07-19 02:24:23] [config] dim-emb: 512
[2017-07-19 02:24:23] [config] dim-rnn: 1024
[2017-07-19 02:24:23] [config] dim-vocabs:
[2017-07-19 02:24:23] [config]   - 66000
[2017-07-19 02:24:23] [config]   - 50000
[2017-07-19 02:24:23] [config] disp-freq: 1000
[2017-07-19 02:24:23] [config] drop-rate: 0
[2017-07-19 02:24:23] [config] dropout-rnn: 0.2
[2017-07-19 02:24:23] [config] dropout-src: 0.1
[2017-07-19 02:24:23] [config] dropout-trg: 0.1
[2017-07-19 02:24:23] [config] dynamic-batching: true
[2017-07-19 02:24:23] [config] early-stopping: 5
[2017-07-19 02:24:23] [config] embedding-fix-src: false
[2017-07-19 02:24:23] [config] embedding-fix-trg: false
[2017-07-19 02:24:23] [config] embedding-normalization: false
[2017-07-19 02:24:23] [config] enc-cell: gru
[2017-07-19 02:24:23] [config] enc-cell-depth: 1
[2017-07-19 02:24:23] [config] enc-depth: 1
[2017-07-19 02:24:23] [config] enc-type: bidirectional
[2017-07-19 02:24:23] [config] guided-alignment-cost: ce
[2017-07-19 02:24:23] [config] guided-alignment-weight: 1
[2017-07-19 02:24:23] [config] keep-best: false
[2017-07-19 02:24:23] [config] layer-normalization: true
[2017-07-19 02:24:23] [config] learn-rate: 0.0004
[2017-07-19 02:24:23] [config] log: model/train.log
[2017-07-19 02:24:23] [config] log-level: info
[2017-07-19 02:24:23] [config] lr-decay: 0
[2017-07-19 02:24:23] [config] lr-decay-freq: 50000
[2017-07-19 02:24:23] [config] lr-decay-start:
[2017-07-19 02:24:23] [config]   - 10
[2017-07-19 02:24:23] [config]   - 1
[2017-07-19 02:24:23] [config] lr-decay-strategy: epoch+stalled
[2017-07-19 02:24:23] [config] max-length: 50
[2017-07-19 02:24:23] [config] maxi-batch: 100
[2017-07-19 02:24:23] [config] maxi-batch-sort: trg
[2017-07-19 02:24:23] [config] mini-batch: 64
[2017-07-19 02:24:23] [config] mini-batch-words: 0
[2017-07-19 02:24:23] [config] model: model/model.npz
[2017-07-19 02:24:23] [config] moving-average: true
[2017-07-19 02:24:23] [config] moving-decay: 0.9999
[2017-07-19 02:24:23] [config] no-reload: false
[2017-07-19 02:24:23] [config] no-shuffle: false
[2017-07-19 02:24:23] [config] noise-src: 0
[2017-07-19 02:24:23] [config] optimizer: adam
[2017-07-19 02:24:23] [config] overwrite: false
[2017-07-19 02:24:23] [config] relative-paths: false
[2017-07-19 02:24:23] [config] save-freq: 10000
[2017-07-19 02:24:23] [config] seed: 0
[2017-07-19 02:24:23] [config] skip: false
[2017-07-19 02:24:23] [config] tau: 4
[2017-07-19 02:24:23] [config] tempdir: /tmp
[2017-07-19 02:24:23] [config] tied-embeddings: false
[2017-07-19 02:24:23] [config] train-sets:
[2017-07-19 02:24:23] [config]   - data/corpus.bpe.ro
[2017-07-19 02:24:23] [config]   - data/corpus.bpe.en
[2017-07-19 02:24:23] [config] type: amun
[2017-07-19 02:24:23] [config] valid-freq: 10000
[2017-07-19 02:24:23] [config] valid-log: model/valid.log
[2017-07-19 02:24:23] [config] valid-metrics:
[2017-07-19 02:24:23] [config]   - cross-entropy
[2017-07-19 02:24:23] [config]   - valid-script
[2017-07-19 02:24:23] [config] valid-mini-batch: 64
[2017-07-19 02:24:23] [config] valid-script-path: ./scripts/validate.sh
[2017-07-19 02:24:23] [config] valid-sets:
[2017-07-19 02:24:23] [config]   - data/newsdev2016.bpe.ro
[2017-07-19 02:24:23] [config]   - data/newsdev2016.bpe.en
[2017-07-19 02:24:23] [config] vocabs:
[2017-07-19 02:24:23] [config]   - model/vocab.ro.yml
[2017-07-19 02:24:23] [config]   - model/vocab.en.yml
[2017-07-19 02:24:23] [config] workspace: 3000
[2017-07-19 02:24:23] [data] Loading vocabulary from model/vocab.ro.yml
[2017-07-19 02:24:23] [data] Loading vocabulary from model/vocab.en.yml
[2017-07-19 02:24:24] [batching] Collecting statistics for dynamic batching
[2017-07-19 02:24:27] [memory] Extending reserved space to 3072 MB (device 0)
[2017-07-19 02:24:28] [memory] Extending reserved space to 3072 MB (device 1)
[2017-07-19 02:24:28] [memory] Extending reserved space to 3072 MB (device 2)
[2017-07-19 02:24:28] [memory] Extending reserved space to 3072 MB (device 3)
[2017-07-19 02:24:28] [memory] Reserving 453 MB, device 0
[2017-07-19 02:24:29] [memory] Reserving 453 MB, device 0
[2017-07-19 02:24:55] [batching] Done
[2017-07-19 02:24:55] [memory] Extending reserved space to 3072 MB (device 0)
[2017-07-19 02:24:55] [memory] Extending reserved space to 3072 MB (device 1)
[2017-07-19 02:24:55] [memory] Extending reserved space to 3072 MB (device 2)
[2017-07-19 02:24:55] [memory] Extending reserved space to 3072 MB (device 3)
[2017-07-19 02:24:55] Training started
[2017-07-19 02:24:55] [data] Shuffling files
[2017-07-19 02:25:04] [data] Done
[2017-07-19 02:25:05] [memory] Reserving 453 MB, device 0
[2017-07-19 02:25:06] [memory] Reserving 453 MB, device 1
[2017-07-19 02:25:07] [memory] Reserving 453 MB, device 2
[2017-07-19 02:25:08] [memory] Reserving 453 MB, device 3
[2017-07-19 02:25:09] [memory] Reserving 113 MB, device 0
[2017-07-19 02:25:09] [memory] Reserving 113 MB, device 1
[2017-07-19 02:25:09] [memory] Reserving 113 MB, device 2
[2017-07-19 02:25:09] [memory] Reserving 113 MB, device 3
[2017-07-19 02:25:09] [memory] Reserving 113 MB, device 0
[2017-07-19 02:25:09] [memory] Reserving 113 MB, device 1
[2017-07-19 02:25:09] [memory] Reserving 113 MB, device 2
[2017-07-19 02:25:09] [memory] Reserving 113 MB, device 3
[2017-07-19 02:25:09] [memory] Reserving 113 MB, device 0
[2017-07-19 02:25:09] [memory] Reserving 113 MB, device 1
[2017-07-19 02:25:09] [memory] Reserving 113 MB, device 2
[2017-07-19 02:25:09] [memory] Reserving 113 MB, device 3
[2017-07-19 02:25:09] [memory] Reserving 453 MB, device 3
[2017-07-19 02:25:09] [memory] Reserving 453 MB, device 2
[2017-07-19 02:25:09] [memory] Reserving 453 MB, device 0
[2017-07-19 02:25:09] [memory] Reserving 453 MB, device 1
[2017-07-19 02:25:09] [memory] Reserving 453 MB, device 3
[2017-07-19 02:25:09] [memory] Reserving 453 MB, device 2
[2017-07-19 02:25:10] [memory] Reserving 453 MB, device 0
[2017-07-19 02:25:10] [memory] Reserving 453 MB, device 1
[2017-07-19 02:25:11] [memory] Reserving 113 MB, device 0
[2017-07-19 02:25:11] [memory] Reserving 113 MB, device 0
[2017-07-19 02:25:11] [memory] Reserving 113 MB, device 1
[2017-07-19 02:25:11] [memory] Reserving 113 MB, device 1
[2017-07-19 02:25:11] [memory] Reserving 113 MB, device 2
[2017-07-19 02:25:11] [memory] Reserving 113 MB, device 2
[2017-07-19 02:25:11] [memory] Reserving 113 MB, device 3
[2017-07-19 02:25:11] [memory] Reserving 113 MB, device 3
[2017-07-19 02:26:56] Ep. 1 : Up. 1000 : Sen. 99882 : Cost 158.98 : Time 121.61s : 20505.00 words/s
[2017-07-19 02:28:45] Ep. 1 : Up. 2000 : Sen. 199290 : Cost 136.46 : Time 108.12s : 22976.91 words/s
[2017-07-19 02:30:33] Ep. 1 : Up. 3000 : Sen. 299332 : Cost 124.50 : Time 108.72s : 22938.71 words/s
[2017-07-19 02:32:22] Ep. 1 : Up. 4000 : Sen. 399359 : Cost 110.00 : Time 108.66s : 22969.65 words/s
[2017-07-19 02:34:11] Ep. 1 : Up. 5000 : Sen. 499870 : Cost 96.21 : Time 109.30s : 22992.58 words/s
[2017-07-19 02:35:59] Ep. 1 : Up. 6000 : Sen. 598749 : Cost 84.66 : Time 108.03s : 22942.83 words/s
[2017-07-19 02:37:48] Ep. 1 : Up. 7000 : Sen. 699244 : Cost 75.83 : Time 108.64s : 23036.42 words/s
[2017-07-19 02:39:37] Ep. 1 : Up. 8000 : Sen. 799200 : Cost 70.74 : Time 108.67s : 22990.42 words/s
[2017-07-19 02:41:25] Ep. 1 : Up. 9000 : Sen. 900090 : Cost 65.36 : Time 108.45s : 23067.08 words/s
[2017-07-19 02:43:13] Ep. 1 : Up. 10000 : Sen. 999040 : Cost 62.89 : Time 108.03s : 22959.36 words/s
[2017-07-19 02:43:13] Saving model to model/model.iter10000.npz
[2017-07-19 02:43:14] Saving model to model/model.npz
[2017-07-19 02:43:17] [valid] 10000 : cross-entropy : 75.4722 : new best
[2017-07-19 02:43:17] Saving model to model/model.npz.dev.npz
[2017-07-19 02:43:36] [valid] 10000 : valid-script : 17.65 : new best
[2017-07-19 02:45:24] Ep. 1 : Up. 11000 : Sen. 1098350 : Cost 60.69 : Time 130.70s : 19014.32 words/s
[2017-07-19 02:47:13] Ep. 1 : Up. 12000 : Sen. 1198706 : Cost 58.24 : Time 108.83s : 23042.17 words/s
[2017-07-19 02:49:01] Ep. 1 : Up. 13000 : Sen. 1298290 : Cost 56.14 : Time 108.17s : 22939.34 words/s
[2017-07-19 02:50:49] Ep. 1 : Up. 14000 : Sen. 1397900 : Cost 54.89 : Time 108.10s : 22966.05 words/s
[2017-07-19 02:52:37] Ep. 1 : Up. 15000 : Sen. 1498040 : Cost 53.75 : Time 108.49s : 23081.25 words/s
[2017-07-19 02:54:26] Ep. 1 : Up. 16000 : Sen. 1598060 : Cost 52.68 : Time 108.28s : 23027.25 words/s
[2017-07-19 02:56:14] Ep. 1 : Up. 17000 : Sen. 1698250 : Cost 51.68 : Time 108.52s : 23002.40 words/s
[2017-07-19 02:58:03] Ep. 1 : Up. 18000 : Sen. 1798278 : Cost 50.82 : Time 108.88s : 22959.69 words/s
[2017-07-19 02:59:52] Ep. 1 : Up. 19000 : Sen. 1898040 : Cost 50.20 : Time 108.74s : 23025.73 words/s
[2017-07-19 03:01:41] Ep. 1 : Up. 20000 : Sen. 1998356 : Cost 49.56 : Time 108.69s : 23054.62 words/s
[2017-07-19 03:01:41] Saving model to model/model.iter20000.npz
[2017-07-19 03:01:41] Saving model to model/model.npz
[2017-07-19 03:01:45] [valid] 20000 : cross-entropy : 58.2987 : new best
[2017-07-19 03:01:45] Saving model to model/model.npz.dev.npz
[2017-07-19 03:01:59] [valid] 20000 : valid-script : 28.44 : new best
[2017-07-19 03:03:47] Ep. 1 : Up. 21000 : Sen. 2097890 : Cost 48.71 : Time 126.25s : 19626.71 words/s
[2017-07-19 03:05:36] Ep. 1 : Up. 22000 : Sen. 2197856 : Cost 48.02 : Time 108.79s : 22952.84 words/s
[2017-07-19 03:07:24] Ep. 1 : Up. 23000 : Sen. 2298160 : Cost 47.89 : Time 108.70s : 23071.38 words/s
[2017-07-19 03:09:13] Ep. 1 : Up. 24000 : Sen. 2398344 : Cost 47.00 : Time 108.52s : 23022.47 words/s
[2017-07-19 03:09:13] Seen 2398634 samples
[2017-07-19 03:09:13] Starting epoch 2
[2017-07-19 03:09:13] [data] Shuffling files
[2017-07-19 03:09:22] [data] Done
[2017-07-19 03:11:10] Ep. 2 : Up. 25000 : Sen. 99315 : Cost 45.48 : Time 117.66s : 21207.79 words/s
[2017-07-19 03:12:59] Ep. 2 : Up. 26000 : Sen. 199905 : Cost 44.85 : Time 108.14s : 23123.49 words/s
[2017-07-19 03:14:47] Ep. 2 : Up. 27000 : Sen. 299549 : Cost 45.11 : Time 108.55s : 22919.08 words/s
[2017-07-19 03:16:35] Ep. 2 : Up. 28000 : Sen. 399235 : Cost 44.16 : Time 107.86s : 23043.69 words/s
[2017-07-19 03:18:23] Ep. 2 : Up. 29000 : Sen. 499335 : Cost 44.18 : Time 108.39s : 23021.45 words/s
[2017-07-19 03:20:12] Ep. 2 : Up. 30000 : Sen. 599461 : Cost 44.38 : Time 109.01s : 22943.66 words/s
[2017-07-19 03:20:12] Saving model to model/model.iter30000.npz
[2017-07-19 03:20:13] Saving model to model/model.npz
[2017-07-19 03:20:16] [valid] 30000 : cross-entropy : 52.9975 : new best
[2017-07-19 03:20:16] Saving model to model/model.npz.dev.npz
[2017-07-19 03:20:31] [valid] 30000 : valid-script : 31.33 : new best
[2017-07-19 03:22:18] Ep. 2 : Up. 31000 : Sen. 699135 : Cost 43.55 : Time 125.78s : 19742.56 words/s
[2017-07-19 03:24:06] Ep. 2 : Up. 32000 : Sen. 798845 : Cost 43.72 : Time 108.04s : 23030.46 words/s
[2017-07-19 03:25:55] Ep. 2 : Up. 33000 : Sen. 898722 : Cost 43.59 : Time 108.36s : 23017.67 words/s
[2017-07-19 03:27:43] Ep. 2 : Up. 34000 : Sen. 999045 : Cost 43.26 : Time 108.74s : 23060.40 words/s
[2017-07-19 03:29:31] Ep. 2 : Up. 35000 : Sen. 1099015 : Cost 42.80 : Time 108.09s : 23047.99 words/s
[2017-07-19 03:31:20] Ep. 2 : Up. 36000 : Sen. 1198745 : Cost 42.92 : Time 108.68s : 23037.94 words/s
[2017-07-19 03:33:08] Ep. 2 : Up. 37000 : Sen. 1298655 : Cost 42.53 : Time 107.96s : 23018.86 words/s
[2017-07-19 03:34:57] Ep. 2 : Up. 38000 : Sen. 1398362 : Cost 42.61 : Time 108.80s : 22973.03 words/s
[2017-07-19 03:36:45] Ep. 2 : Up. 39000 : Sen. 1498605 : Cost 42.06 : Time 108.17s : 23089.64 words/s
[2017-07-19 03:38:34] Ep. 2 : Up. 40000 : Sen. 1598799 : Cost 42.36 : Time 108.53s : 23047.16 words/s
[2017-07-19 03:38:34] Saving model to model/model.iter40000.npz
[2017-07-19 03:38:34] Saving model to model/model.npz
[2017-07-19 03:38:38] [valid] 40000 : cross-entropy : 50.2485 : new best
[2017-07-19 03:38:38] Saving model to model/model.npz.dev.npz
[2017-07-19 03:38:52] [valid] 40000 : valid-script : 32.88 : new best
[2017-07-19 03:40:40] Ep. 2 : Up. 41000 : Sen. 1698505 : Cost 41.61 : Time 126.47s : 19716.04 words/s
[2017-07-19 03:42:28] Ep. 2 : Up. 42000 : Sen. 1798765 : Cost 41.57 : Time 108.43s : 23075.52 words/s
[2017-07-19 03:44:16] Ep. 2 : Up. 43000 : Sen. 1898515 : Cost 41.66 : Time 108.06s : 23071.54 words/s
[2017-07-19 03:46:04] Ep. 2 : Up. 44000 : Sen. 1998529 : Cost 41.44 : Time 108.01s : 23074.52 words/s
[2017-07-19 03:47:53] Ep. 2 : Up. 45000 : Sen. 2097945 : Cost 41.42 : Time 108.16s : 22963.59 words/s
[2017-07-19 03:49:40] Ep. 2 : Up. 46000 : Sen. 2197572 : Cost 41.20 : Time 107.84s : 23058.40 words/s
[2017-07-19 03:51:29] Ep. 2 : Up. 47000 : Sen. 2297615 : Cost 41.50 : Time 108.74s : 23013.51 words/s
[2017-07-19 03:53:18] Ep. 2 : Up. 48000 : Sen. 2397685 : Cost 40.84 : Time 108.52s : 23064.75 words/s
[2017-07-19 03:53:20] Seen 2399467 samples
[2017-07-19 03:53:20] Starting epoch 3
[2017-07-19 03:53:20] [data] Shuffling files
[2017-07-19 03:53:29] [data] Done
[2017-07-19 03:55:15] Ep. 3 : Up. 49000 : Sen. 98337 : Cost 39.04 : Time 117.32s : 21239.45 words/s
[2017-07-19 03:57:04] Ep. 3 : Up. 50000 : Sen. 197897 : Cost 38.92 : Time 108.50s : 22966.11 words/s
[2017-07-19 03:57:04] Saving model to model/model.iter50000.npz
[2017-07-19 03:57:05] Saving model to model/model.npz
[2017-07-19 03:57:08] [valid] 50000 : cross-entropy : 48.4765 : new best
[2017-07-19 03:57:08] Saving model to model/model.npz.dev.npz
[2017-07-19 03:57:22] [valid] 50000 : valid-script : 33.8 : new best
[2017-07-19 03:59:10] Ep. 3 : Up. 51000 : Sen. 297867 : Cost 39.00 : Time 126.38s : 19745.39 words/s
[2017-07-19 04:00:59] Ep. 3 : Up. 52000 : Sen. 397997 : Cost 38.85 : Time 108.58s : 23086.47 words/s
[2017-07-19 04:02:46] Ep. 3 : Up. 53000 : Sen. 497568 : Cost 38.61 : Time 107.86s : 22943.09 words/s
[2017-07-19 04:04:35] Ep. 3 : Up. 54000 : Sen. 597377 : Cost 39.06 : Time 108.51s : 23076.41 words/s
[2017-07-19 04:06:23] Ep. 3 : Up. 55000 : Sen. 697457 : Cost 38.86 : Time 108.38s : 23013.52 words/s
[2017-07-19 04:08:12] Ep. 3 : Up. 56000 : Sen. 796837 : Cost 39.09 : Time 108.31s : 23025.87 words/s
[2017-07-19 04:10:00] Ep. 3 : Up. 57000 : Sen. 896558 : Cost 38.57 : Time 107.98s : 23010.22 words/s
[2017-07-19 04:11:48] Ep. 3 : Up. 58000 : Sen. 996387 : Cost 38.61 : Time 108.55s : 23013.50 words/s
[2017-07-19 04:13:36] Ep. 3 : Up. 59000 : Sen. 1096537 : Cost 38.09 : Time 108.22s : 22957.69 words/s
[2017-07-19 04:15:25] Ep. 3 : Up. 60000 : Sen. 1196707 : Cost 38.39 : Time 108.49s : 23049.77 words/s
[2017-07-19 04:15:25] Saving model to model/model.iter60000.npz
[2017-07-19 04:15:26] Saving model to model/model.npz
[2017-07-19 04:15:29] [valid] 60000 : cross-entropy : 47.3533 : new best
[2017-07-19 04:15:29] Saving model to model/model.npz.dev.npz
[2017-07-19 04:15:43] [valid] 60000 : valid-script : 34.07 : new best
[2017-07-19 04:17:31] Ep. 3 : Up. 61000 : Sen. 1296533 : Cost 38.58 : Time 126.17s : 19733.54 words/s
[2017-07-19 04:19:19] Ep. 3 : Up. 62000 : Sen. 1396317 : Cost 38.40 : Time 108.35s : 23062.70 words/s
[2017-07-19 04:21:07] Ep. 3 : Up. 63000 : Sen. 1495606 : Cost 38.35 : Time 108.06s : 22933.83 words/s
[2017-07-19 04:22:56] Ep. 3 : Up. 64000 : Sen. 1595107 : Cost 38.47 : Time 108.20s : 22977.54 words/s
[2017-07-19 04:24:44] Ep. 3 : Up. 65000 : Sen. 1695277 : Cost 38.38 : Time 108.30s : 23068.40 words/s
[2017-07-19 04:26:32] Ep. 3 : Up. 66000 : Sen. 1795147 : Cost 38.04 : Time 108.45s : 23009.20 words/s
[2017-07-19 04:28:21] Ep. 3 : Up. 67000 : Sen. 1895547 : Cost 38.27 : Time 108.68s : 23070.59 words/s
[2017-07-19 04:30:09] Ep. 3 : Up. 68000 : Sen. 1995189 : Cost 38.06 : Time 107.75s : 23047.47 words/s
[2017-07-19 04:31:57] Ep. 3 : Up. 69000 : Sen. 2095067 : Cost 38.32 : Time 108.31s : 23025.22 words/s
[2017-07-19 04:33:46] Ep. 3 : Up. 70000 : Sen. 2194987 : Cost 38.02 : Time 108.71s : 23007.66 words/s
[2017-07-19 04:33:46] Saving model to model/model.iter70000.npz
[2017-07-19 04:33:47] Saving model to model/model.npz
[2017-07-19 04:33:50] [valid] 70000 : cross-entropy : 46.5154 : new best
[2017-07-19 04:33:50] Saving model to model/model.npz.dev.npz
[2017-07-19 04:34:04] [valid] 70000 : valid-script : 34.39 : new best
[2017-07-19 04:35:52] Ep. 3 : Up. 71000 : Sen. 2295248 : Cost 37.75 : Time 126.47s : 19752.45 words/s
[2017-07-19 04:37:41] Ep. 3 : Up. 72000 : Sen. 2395917 : Cost 37.55 : Time 108.90s : 23040.55 words/s
[2017-07-19 04:37:45] Seen 2399576 samples
[2017-07-19 04:37:45] Starting epoch 4
[2017-07-19 04:37:45] [data] Shuffling files
[2017-07-19 04:37:54] [data] Done
[2017-07-19 04:39:39] Ep. 4 : Up. 73000 : Sen. 95880 : Cost 35.91 : Time 117.32s : 21255.83 words/s
[2017-07-19 04:41:27] Ep. 4 : Up. 74000 : Sen. 195730 : Cost 35.81 : Time 108.34s : 23057.21 words/s
[2017-07-19 04:43:16] Ep. 4 : Up. 75000 : Sen. 296210 : Cost 35.85 : Time 108.67s : 23050.12 words/s
[2017-07-19 04:45:04] Ep. 4 : Up. 76000 : Sen. 396310 : Cost 35.92 : Time 108.48s : 23009.80 words/s
[2017-07-19 04:46:52] Ep. 4 : Up. 77000 : Sen. 495560 : Cost 36.04 : Time 108.25s : 22993.26 words/s
[2017-07-19 04:48:40] Ep. 4 : Up. 78000 : Sen. 595271 : Cost 35.85 : Time 108.01s : 23030.56 words/s
[2017-07-19 04:50:28] Ep. 4 : Up. 79000 : Sen. 694414 : Cost 35.85 : Time 107.95s : 22927.61 words/s
[2017-07-19 04:52:17] Ep. 4 : Up. 80000 : Sen. 794580 : Cost 35.97 : Time 108.40s : 23053.14 words/s
[2017-07-19 04:52:17] Saving model to model/model.iter80000.npz
[2017-07-19 04:52:18] Saving model to model/model.npz
[2017-07-19 04:52:21] [valid] 80000 : cross-entropy : 45.8784 : new best
[2017-07-19 04:52:21] Saving model to model/model.npz.dev.npz
[2017-07-19 04:52:35] [valid] 80000 : valid-script : 34.82 : new best
[2017-07-19 04:54:23] Ep. 4 : Up. 81000 : Sen. 894530 : Cost 35.78 : Time 126.51s : 19753.82 words/s
[2017-07-19 04:56:11] Ep. 4 : Up. 82000 : Sen. 994470 : Cost 36.06 : Time 108.30s : 23039.34 words/s
[2017-07-19 04:57:59] Ep. 4 : Up. 83000 : Sen. 1094920 : Cost 36.27 : Time 108.07s : 23119.54 words/s
[2017-07-19 04:59:48] Ep. 4 : Up. 84000 : Sen. 1194943 : Cost 36.07 : Time 108.29s : 23061.83 words/s
[2017-07-19 05:01:37] Ep. 4 : Up. 85000 : Sen. 1294850 : Cost 36.27 : Time 108.95s : 22947.96 words/s
[2017-07-19 05:03:25] Ep. 4 : Up. 86000 : Sen. 1394817 : Cost 36.23 : Time 107.95s : 23129.37 words/s
[2017-07-19 05:05:13] Ep. 4 : Up. 87000 : Sen. 1494568 : Cost 36.29 : Time 108.29s : 23063.09 words/s
[2017-07-19 05:07:01] Ep. 4 : Up. 88000 : Sen. 1594300 : Cost 35.96 : Time 108.19s : 23090.89 words/s
[2017-07-19 05:08:49] Ep. 4 : Up. 89000 : Sen. 1693846 : Cost 35.99 : Time 108.13s : 22967.89 words/s
[2017-07-19 05:10:38] Ep. 4 : Up. 90000 : Sen. 1793890 : Cost 35.91 : Time 108.32s : 23007.47 words/s
[2017-07-19 05:10:38] Saving model to model/model.iter90000.npz
[2017-07-19 05:10:39] Saving model to model/model.npz
[2017-07-19 05:10:42] [valid] 90000 : cross-entropy : 45.3814 : new best
[2017-07-19 05:10:42] Saving model to model/model.npz.dev.npz
[2017-07-19 05:10:55] [valid] 90000 : valid-script : 35.06 : new best
[2017-07-19 05:12:44] Ep. 4 : Up. 91000 : Sen. 1893780 : Cost 36.10 : Time 126.22s : 19815.01 words/s
[2017-07-19 05:14:32] Ep. 4 : Up. 92000 : Sen. 1994136 : Cost 35.64 : Time 108.23s : 23041.91 words/s
[2017-07-19 05:16:20] Ep. 4 : Up. 93000 : Sen. 2093970 : Cost 35.61 : Time 108.43s : 23009.18 words/s
[2017-07-19 05:18:09] Ep. 4 : Up. 94000 : Sen. 2193764 : Cost 36.21 : Time 108.51s : 22961.97 words/s
[2017-07-19 05:19:57] Ep. 4 : Up. 95000 : Sen. 2293540 : Cost 35.78 : Time 108.29s : 22994.68 words/s
[2017-07-19 05:21:46] Ep. 4 : Up. 96000 : Sen. 2393910 : Cost 35.75 : Time 108.51s : 23012.04 words/s
[2017-07-19 05:21:52] Seen 2399599 samples
[2017-07-19 05:21:52] Starting epoch 5
[2017-07-19 05:21:52] [data] Shuffling files
[2017-07-19 05:22:01] [data] Done
[2017-07-19 05:23:43] Ep. 5 : Up. 97000 : Sen. 94237 : Cost 33.82 : Time 117.50s : 21207.70 words/s
[2017-07-19 05:25:32] Ep. 5 : Up. 98000 : Sen. 193910 : Cost 33.59 : Time 108.27s : 22930.97 words/s
[2017-07-19 05:27:20] Ep. 5 : Up. 99000 : Sen. 293398 : Cost 33.83 : Time 108.53s : 22958.80 words/s
[2017-07-19 05:29:08] Ep. 5 : Up. 100000 : Sen. 393100 : Cost 34.01 : Time 108.25s : 23016.95 words/s
[2017-07-19 05:29:08] Saving model to model/model.iter100000.npz
[2017-07-19 05:29:09] Saving model to model/model.npz
[2017-07-19 05:29:12] [valid] 100000 : cross-entropy : 44.9535 : new best
[2017-07-19 05:29:12] Saving model to model/model.npz.dev.npz
[2017-07-19 05:29:26] [valid] 100000 : valid-script : 35.28 : new best
[2017-07-19 05:31:14] Ep. 5 : Up. 101000 : Sen. 492720 : Cost 33.84 : Time 125.59s : 19751.51 words/s
[2017-07-19 05:33:02] Ep. 5 : Up. 102000 : Sen. 592632 : Cost 34.29 : Time 108.46s : 23022.54 words/s
[2017-07-19 05:34:51] Ep. 5 : Up. 103000 : Sen. 692499 : Cost 34.38 : Time 108.40s : 22976.37 words/s
[2017-07-19 05:36:39] Ep. 5 : Up. 104000 : Sen. 792230 : Cost 34.16 : Time 108.17s : 22975.99 words/s
[2017-07-19 05:38:27] Ep. 5 : Up. 105000 : Sen. 891820 : Cost 34.37 : Time 108.40s : 22910.20 words/s
[2017-07-19 05:40:16] Ep. 5 : Up. 106000 : Sen. 992440 : Cost 34.15 : Time 108.52s : 23098.44 words/s
[2017-07-19 05:42:04] Ep. 5 : Up. 107000 : Sen. 1092014 : Cost 34.54 : Time 108.22s : 22991.29 words/s
[2017-07-19 05:43:53] Ep. 5 : Up. 108000 : Sen. 1192210 : Cost 34.44 : Time 108.89s : 23021.11 words/s
[2017-07-19 05:45:41] Ep. 5 : Up. 109000 : Sen. 1292409 : Cost 34.15 : Time 108.09s : 23013.89 words/s
[2017-07-19 05:47:30] Ep. 5 : Up. 110000 : Sen. 1392513 : Cost 34.67 : Time 108.65s : 23051.27 words/s
[2017-07-19 05:47:30] Saving model to model/model.iter110000.npz
[2017-07-19 05:47:31] Saving model to model/model.npz
[2017-07-19 05:47:34] [valid] 110000 : cross-entropy : 44.6247 : new best
[2017-07-19 05:47:34] Saving model to model/model.npz.dev.npz
[2017-07-19 05:47:48] [valid] 110000 : valid-script : 35.39 : new best
[2017-07-19 05:49:36] Ep. 5 : Up. 111000 : Sen. 1492720 : Cost 34.50 : Time 126.47s : 19795.39 words/s
[2017-07-19 05:51:25] Ep. 5 : Up. 112000 : Sen. 1592710 : Cost 34.18 : Time 108.39s : 23013.79 words/s
[2017-07-19 05:53:14] Ep. 5 : Up. 113000 : Sen. 1692573 : Cost 34.47 : Time 108.97s : 23004.79 words/s
[2017-07-19 05:55:02] Ep. 5 : Up. 114000 : Sen. 1792800 : Cost 34.42 : Time 108.70s : 22996.85 words/s
[2017-07-19 05:56:51] Ep. 5 : Up. 115000 : Sen. 1892734 : Cost 34.25 : Time 108.54s : 22966.52 words/s
[2017-07-19 05:58:39] Ep. 5 : Up. 116000 : Sen. 1992060 : Cost 34.60 : Time 108.06s : 22965.94 words/s
[2017-07-19 06:00:27] Ep. 5 : Up. 117000 : Sen. 2092420 : Cost 34.10 : Time 108.58s : 22997.92 words/s
[2017-07-19 06:02:16] Ep. 5 : Up. 118000 : Sen. 2192628 : Cost 34.55 : Time 108.81s : 23104.19 words/s
[2017-07-19 06:04:05] Ep. 5 : Up. 119000 : Sen. 2292590 : Cost 34.31 : Time 108.61s : 22974.23 words/s
[2017-07-19 06:05:53] Ep. 5 : Up. 120000 : Sen. 2392140 : Cost 34.45 : Time 108.34s : 22984.04 words/s
[2017-07-19 06:05:53] Saving model to model/model.iter120000.npz
[2017-07-19 06:05:54] Saving model to model/model.npz
[2017-07-19 06:05:57] [valid] 120000 : cross-entropy : 44.2955 : new best
[2017-07-19 06:05:57] Saving model to model/model.npz.dev.npz
[2017-07-19 06:06:11] [valid] 120000 : valid-script : 35.54 : new best
[2017-07-19 06:06:19] Seen 2399589 samples
[2017-07-19 06:06:19] Starting epoch 6
[2017-07-19 06:06:19] [data] Shuffling files
[2017-07-19 06:06:28] [data] Done
[2017-07-19 06:08:09] Ep. 6 : Up. 121000 : Sen. 92628 : Cost 32.55 : Time 135.44s : 18433.00 words/s
[2017-07-19 06:09:57] Ep. 6 : Up. 122000 : Sen. 191790 : Cost 32.83 : Time 108.55s : 22930.94 words/s
[2017-07-19 06:11:46] Ep. 6 : Up. 123000 : Sen. 292283 : Cost 32.62 : Time 108.55s : 22999.45 words/s
[2017-07-19 06:13:34] Ep. 6 : Up. 124000 : Sen. 391860 : Cost 32.55 : Time 108.56s : 22963.47 words/s
[2017-07-19 06:15:23] Ep. 6 : Up. 125000 : Sen. 491690 : Cost 32.61 : Time 108.26s : 22996.21 words/s
[2017-07-19 06:17:11] Ep. 6 : Up. 126000 : Sen. 591431 : Cost 32.85 : Time 108.46s : 23000.49 words/s
[2017-07-19 06:19:00] Ep. 6 : Up. 127000 : Sen. 691670 : Cost 32.79 : Time 108.48s : 22983.83 words/s
[2017-07-19 06:20:48] Ep. 6 : Up. 128000 : Sen. 791613 : Cost 32.71 : Time 108.80s : 22999.03 words/s
[2017-07-19 06:22:37] Ep. 6 : Up. 129000 : Sen. 891620 : Cost 32.90 : Time 108.41s : 22985.47 words/s
[2017-07-19 06:24:25] Ep. 6 : Up. 130000 : Sen. 991540 : Cost 33.03 : Time 108.56s : 23026.24 words/s
[2017-07-19 06:24:25] Saving model to model/model.iter130000.npz
[2017-07-19 06:24:26] Saving model to model/model.npz
[2017-07-19 06:24:29] [valid] 130000 : cross-entropy : 44.0536 : new best
[2017-07-19 06:24:29] Saving model to model/model.npz.dev.npz
[2017-07-19 06:24:43] [valid] 130000 : valid-script : 35.56 : new best
[2017-07-19 06:26:31] Ep. 6 : Up. 131000 : Sen. 1091436 : Cost 33.01 : Time 125.86s : 19818.63 words/s
[2017-07-19 06:28:19] Ep. 6 : Up. 132000 : Sen. 1191490 : Cost 32.95 : Time 108.34s : 23068.73 words/s
[2017-07-19 06:30:09] Ep. 6 : Up. 133000 : Sen. 1291790 : Cost 33.04 : Time 109.07s : 22991.41 words/s
[2017-07-19 06:31:57] Ep. 6 : Up. 134000 : Sen. 1391470 : Cost 33.07 : Time 108.79s : 22904.44 words/s
[2017-07-19 06:33:46] Ep. 6 : Up. 135000 : Sen. 1491850 : Cost 32.95 : Time 108.71s : 22970.24 words/s
[2017-07-19 06:35:35] Ep. 6 : Up. 136000 : Sen. 1591658 : Cost 33.12 : Time 108.53s : 22924.37 words/s
[2017-07-19 06:37:23] Ep. 6 : Up. 137000 : Sen. 1691517 : Cost 33.27 : Time 108.53s : 23010.04 words/s
[2017-07-19 06:39:12] Ep. 6 : Up. 138000 : Sen. 1791580 : Cost 33.07 : Time 108.84s : 23018.92 words/s
[2017-07-19 06:41:01] Ep. 6 : Up. 139000 : Sen. 1891330 : Cost 33.16 : Time 108.72s : 22977.97 words/s
[2017-07-19 06:42:48] Ep. 6 : Up. 140000 : Sen. 1991130 : Cost 33.14 : Time 107.82s : 23097.76 words/s
[2017-07-19 06:42:49] Saving model to model/model.iter140000.npz
[2017-07-19 06:42:49] Saving model to model/model.npz
[2017-07-19 06:42:53] [valid] 140000 : cross-entropy : 43.84 : new best
[2017-07-19 06:42:53] Saving model to model/model.npz.dev.npz
[2017-07-19 06:43:06] [valid] 140000 : valid-script : 35.71 : new best
[2017-07-19 06:44:55] Ep. 6 : Up. 141000 : Sen. 2091557 : Cost 33.08 : Time 126.16s : 19810.09 words/s
[2017-07-19 06:46:43] Ep. 6 : Up. 142000 : Sen. 2191189 : Cost 33.14 : Time 108.35s : 22959.91 words/s
[2017-07-19 06:48:32] Ep. 6 : Up. 143000 : Sen. 2291590 : Cost 32.85 : Time 108.54s : 23042.85 words/s
[2017-07-19 06:50:20] Ep. 6 : Up. 144000 : Sen. 2391568 : Cost 33.46 : Time 108.18s : 22990.88 words/s
[2017-07-19 06:50:29] Seen 2399283 samples
[2017-07-19 06:50:29] Starting epoch 7
[2017-07-19 06:50:29] [data] Shuffling files
[2017-07-19 06:50:38] [data] Done
[2017-07-19 06:52:17] Ep. 7 : Up. 145000 : Sen. 92256 : Cost 31.70 : Time 117.51s : 21330.05 words/s
[2017-07-19 06:54:06] Ep. 7 : Up. 146000 : Sen. 192426 : Cost 31.37 : Time 108.63s : 23014.86 words/s
[2017-07-19 06:55:54] Ep. 7 : Up. 147000 : Sen. 291711 : Cost 31.53 : Time 108.07s : 22949.56 words/s
[2017-07-19 06:57:42] Ep. 7 : Up. 148000 : Sen. 391206 : Cost 31.62 : Time 108.27s : 22942.06 words/s
[2017-07-19 06:59:31] Ep. 7 : Up. 149000 : Sen. 491626 : Cost 31.71 : Time 108.85s : 23048.15 words/s
[2017-07-19 07:01:19] Ep. 7 : Up. 150000 : Sen. 590992 : Cost 31.82 : Time 108.11s : 22997.28 words/s
[2017-07-19 07:01:19] Saving model to model/model.iter150000.npz
[2017-07-19 07:01:20] Saving model to model/model.npz
[2017-07-19 07:01:23] [valid] 150000 : cross-entropy : 43.6801 : new best
[2017-07-19 07:01:23] Saving model to model/model.npz.dev.npz
[2017-07-19 07:01:37] [valid] 150000 : valid-script : 35.77 : new best
[2017-07-19 07:03:25] Ep. 7 : Up. 151000 : Sen. 691266 : Cost 31.61 : Time 125.65s : 19883.29 words/s
[2017-07-19 07:05:14] Ep. 7 : Up. 152000 : Sen. 791364 : Cost 31.75 : Time 108.73s : 22955.41 words/s
[2017-07-19 07:07:01] Ep. 7 : Up. 153000 : Sen. 890855 : Cost 31.93 : Time 107.63s : 23054.41 words/s
[2017-07-19 07:08:49] Ep. 7 : Up. 154000 : Sen. 990565 : Cost 31.85 : Time 108.08s : 23012.39 words/s
[2017-07-19 07:10:37] Ep. 7 : Up. 155000 : Sen. 1089996 : Cost 31.76 : Time 108.09s : 22976.90 words/s
[2017-07-19 07:12:26] Ep. 7 : Up. 156000 : Sen. 1189756 : Cost 32.11 : Time 108.18s : 22995.16 words/s
[2017-07-19 07:14:14] Ep. 7 : Up. 157000 : Sen. 1289793 : Cost 32.17 : Time 108.29s : 23087.83 words/s
[2017-07-19 07:16:02] Ep. 7 : Up. 158000 : Sen. 1389896 : Cost 32.20 : Time 108.49s : 23018.76 words/s
[2017-07-19 07:17:51] Ep. 7 : Up. 159000 : Sen. 1489966 : Cost 32.12 : Time 108.31s : 23043.43 words/s
[2017-07-19 07:19:39] Ep. 7 : Up. 160000 : Sen. 1589966 : Cost 32.07 : Time 108.39s : 23033.71 words/s
[2017-07-19 07:19:39] Saving model to model/model.iter160000.npz
[2017-07-19 07:19:40] Saving model to model/model.npz
[2017-07-19 07:19:43] [valid] 160000 : cross-entropy : 43.5655 : new best
[2017-07-19 07:19:43] Saving model to model/model.npz.dev.npz
[2017-07-19 07:19:57] [valid] 160000 : valid-script : 35.74 : stalled 1 times
[2017-07-19 07:21:45] Ep. 7 : Up. 161000 : Sen. 1689156 : Cost 32.51 : Time 125.59s : 19801.63 words/s
[2017-07-19 07:23:32] Ep. 7 : Up. 162000 : Sen. 1788776 : Cost 32.11 : Time 107.89s : 23023.95 words/s
[2017-07-19 07:25:21] Ep. 7 : Up. 163000 : Sen. 1888966 : Cost 32.13 : Time 108.88s : 22897.97 words/s
[2017-07-19 07:27:09] Ep. 7 : Up. 164000 : Sen. 1988616 : Cost 32.15 : Time 107.79s : 23069.29 words/s
[2017-07-19 07:28:57] Ep. 7 : Up. 165000 : Sen. 2087916 : Cost 32.23 : Time 108.25s : 22957.22 words/s
[2017-07-19 07:30:46] Ep. 7 : Up. 166000 : Sen. 2188103 : Cost 32.53 : Time 108.43s : 23082.14 words/s
[2017-07-19 07:32:34] Ep. 7 : Up. 167000 : Sen. 2287716 : Cost 32.58 : Time 108.29s : 23027.62 words/s
[2017-07-19 07:34:23] Ep. 7 : Up. 168000 : Sen. 2388066 : Cost 32.62 : Time 108.95s : 23012.75 words/s
[2017-07-19 07:34:36] Seen 2399595 samples
[2017-07-19 07:34:36] Starting epoch 8
[2017-07-19 07:34:36] [data] Shuffling files
[2017-07-19 07:34:45] [data] Done
[2017-07-19 07:36:20] Ep. 8 : Up. 169000 : Sen. 88028 : Cost 30.65 : Time 116.89s : 21329.06 words/s
[2017-07-19 07:38:08] Ep. 8 : Up. 170000 : Sen. 187640 : Cost 30.29 : Time 108.01s : 22905.04 words/s
[2017-07-19 07:38:08] Saving model to model/model.iter170000.npz
[2017-07-19 07:38:09] Saving model to model/model.npz
[2017-07-19 07:38:12] [valid] 170000 : cross-entropy : 43.419 : new best
[2017-07-19 07:38:12] Saving model to model/model.npz.dev.npz
[2017-07-19 07:38:25] [valid] 170000 : valid-script : 35.89 : new best
[2017-07-19 07:40:14] Ep. 8 : Up. 171000 : Sen. 287920 : Cost 30.55 : Time 125.60s : 19874.25 words/s
[2017-07-19 07:42:02] Ep. 8 : Up. 172000 : Sen. 387400 : Cost 30.85 : Time 108.68s : 22958.74 words/s
[2017-07-19 07:43:51] Ep. 8 : Up. 173000 : Sen. 487730 : Cost 30.79 : Time 108.63s : 23010.43 words/s
[2017-07-19 07:45:39] Ep. 8 : Up. 174000 : Sen. 587152 : Cost 31.05 : Time 107.93s : 23050.30 words/s
[2017-07-19 07:47:28] Ep. 8 : Up. 175000 : Sen. 687344 : Cost 31.11 : Time 108.95s : 23021.70 words/s
[2017-07-19 07:49:16] Ep. 8 : Up. 176000 : Sen. 787280 : Cost 30.91 : Time 107.89s : 23050.43 words/s
[2017-07-19 07:51:05] Ep. 8 : Up. 177000 : Sen. 886972 : Cost 31.27 : Time 108.94s : 22954.96 words/s
[2017-07-19 07:52:53] Ep. 8 : Up. 178000 : Sen. 986800 : Cost 31.21 : Time 107.99s : 23063.70 words/s
[2017-07-19 07:54:41] Ep. 8 : Up. 179000 : Sen. 1086830 : Cost 31.27 : Time 108.32s : 23008.08 words/s
[2017-07-19 07:56:30] Ep. 8 : Up. 180000 : Sen. 1186950 : Cost 31.05 : Time 108.64s : 22989.36 words/s
[2017-07-19 07:56:30] Saving model to model/model.iter180000.npz
[2017-07-19 07:56:30] Saving model to model/model.npz
[2017-07-19 07:56:34] [valid] 180000 : cross-entropy : 43.334 : new best
[2017-07-19 07:56:34] Saving model to model/model.npz.dev.npz
[2017-07-19 07:56:47] [valid] 180000 : valid-script : 35.83 : stalled 1 times
[2017-07-19 07:58:35] Ep. 8 : Up. 181000 : Sen. 1286720 : Cost 31.04 : Time 125.44s : 19857.77 words/s
[2017-07-19 08:00:24] Ep. 8 : Up. 182000 : Sen. 1387000 : Cost 31.38 : Time 108.69s : 23032.72 words/s
[2017-07-19 08:02:12] Ep. 8 : Up. 183000 : Sen. 1487148 : Cost 31.30 : Time 108.77s : 23045.72 words/s
[2017-07-19 08:04:01] Ep. 8 : Up. 184000 : Sen. 1586970 : Cost 31.44 : Time 108.11s : 22988.38 words/s
[2017-07-19 08:05:49] Ep. 8 : Up. 185000 : Sen. 1687026 : Cost 31.49 : Time 108.66s : 23030.47 words/s
[2017-07-19 08:07:38] Ep. 8 : Up. 186000 : Sen. 1786960 : Cost 31.43 : Time 108.36s : 23056.26 words/s
[2017-07-19 08:09:26] Ep. 8 : Up. 187000 : Sen. 1886890 : Cost 31.54 : Time 108.43s : 23058.99 words/s
[2017-07-19 08:11:14] Ep. 8 : Up. 188000 : Sen. 1986546 : Cost 31.40 : Time 108.17s : 23005.90 words/s
[2017-07-19 08:13:02] Ep. 8 : Up. 189000 : Sen. 2086340 : Cost 31.42 : Time 108.32s : 23028.59 words/s
[2017-07-19 08:14:51] Ep. 8 : Up. 190000 : Sen. 2186402 : Cost 31.38 : Time 108.13s : 23026.14 words/s
[2017-07-19 08:14:51] Saving model to model/model.iter190000.npz
[2017-07-19 08:14:52] Saving model to model/model.npz
[2017-07-19 08:14:55] [valid] 190000 : cross-entropy : 43.2479 : new best
[2017-07-19 08:14:55] Saving model to model/model.npz.dev.npz
[2017-07-19 08:15:08] [valid] 190000 : valid-script : 35.85 : stalled 2 times
[2017-07-19 08:16:56] Ep. 8 : Up. 191000 : Sen. 2286169 : Cost 31.37 : Time 125.38s : 19845.21 words/s
[2017-07-19 08:18:45] Ep. 8 : Up. 192000 : Sen. 2386580 : Cost 31.59 : Time 108.84s : 23028.43 words/s
[2017-07-19 08:18:59] Seen 2399649 samples
[2017-07-19 08:18:59] Starting epoch 9
[2017-07-19 08:18:59] [data] Shuffling files
[2017-07-19 08:19:08] [data] Done
[2017-07-19 08:20:42] Ep. 9 : Up. 193000 : Sen. 87089 : Cost 30.35 : Time 117.35s : 21272.25 words/s
[2017-07-19 08:22:31] Ep. 9 : Up. 194000 : Sen. 186981 : Cost 29.62 : Time 108.49s : 22991.81 words/s
[2017-07-19 08:24:19] Ep. 9 : Up. 195000 : Sen. 287030 : Cost 29.75 : Time 108.34s : 23042.67 words/s
[2017-07-19 08:26:08] Ep. 9 : Up. 196000 : Sen. 387080 : Cost 30.04 : Time 108.60s : 22991.37 words/s
[2017-07-19 08:27:56] Ep. 9 : Up. 197000 : Sen. 486703 : Cost 30.15 : Time 108.52s : 23004.69 words/s
[2017-07-19 08:29:45] Ep. 9 : Up. 198000 : Sen. 586434 : Cost 30.29 : Time 108.46s : 23050.95 words/s
[2017-07-19 08:31:32] Ep. 9 : Up. 199000 : Sen. 685640 : Cost 30.11 : Time 107.80s : 22936.31 words/s
[2017-07-19 08:33:20] Ep. 9 : Up. 200000 : Sen. 785585 : Cost 30.26 : Time 107.96s : 23061.48 words/s
[2017-07-19 08:33:20] Saving model to model/model.iter200000.npz
[2017-07-19 08:33:21] Saving model to model/model.npz
[2017-07-19 08:33:24] [valid] 200000 : cross-entropy : 43.2007 : new best
[2017-07-19 08:33:24] Saving model to model/model.npz.dev.npz
[2017-07-19 08:33:38] [valid] 200000 : valid-script : 35.93 : new best
[2017-07-19 08:35:26] Ep. 9 : Up. 201000 : Sen. 885810 : Cost 30.32 : Time 125.62s : 19888.89 words/s
[2017-07-19 08:37:14] Ep. 9 : Up. 202000 : Sen. 984680 : Cost 30.34 : Time 107.73s : 22938.22 words/s
[2017-07-19 08:39:02] Ep. 9 : Up. 203000 : Sen. 1084896 : Cost 30.22 : Time 108.43s : 23079.57 words/s
[2017-07-19 08:40:51] Ep. 9 : Up. 204000 : Sen. 1185020 : Cost 30.52 : Time 108.51s : 23058.28 words/s
[2017-07-19 08:42:39] Ep. 9 : Up. 205000 : Sen. 1284940 : Cost 30.71 : Time 108.12s : 22994.06 words/s
[2017-07-19 08:44:27] Ep. 9 : Up. 206000 : Sen. 1384476 : Cost 30.34 : Time 107.86s : 23001.42 words/s
[2017-07-19 08:46:16] Ep. 9 : Up. 207000 : Sen. 1484650 : Cost 30.61 : Time 108.88s : 23035.25 words/s
[2017-07-19 08:48:04] Ep. 9 : Up. 208000 : Sen. 1584660 : Cost 30.83 : Time 108.41s : 23048.49 words/s
[2017-07-19 08:49:52] Ep. 9 : Up. 209000 : Sen. 1684260 : Cost 30.50 : Time 108.06s : 22980.52 words/s
[2017-07-19 08:51:40] Ep. 9 : Up. 210000 : Sen. 1783999 : Cost 30.77 : Time 108.23s : 23060.02 words/s
[2017-07-19 08:51:40] Saving model to model/model.iter210000.npz
[2017-07-19 08:51:41] Saving model to model/model.npz
[2017-07-19 08:51:44] [valid] 210000 : cross-entropy : 43.1528 : new best
[2017-07-19 08:51:44] Saving model to model/model.npz.dev.npz
[2017-07-19 08:51:58] [valid] 210000 : valid-script : 35.99 : new best
[2017-07-19 08:53:45] Ep. 9 : Up. 211000 : Sen. 1883935 : Cost 30.41 : Time 125.24s : 19865.13 words/s
[2017-07-19 08:55:34] Ep. 9 : Up. 212000 : Sen. 1983635 : Cost 30.96 : Time 108.64s : 22954.01 words/s
[2017-07-19 08:57:22] Ep. 9 : Up. 213000 : Sen. 2083511 : Cost 30.69 : Time 108.25s : 23002.29 words/s
[2017-07-19 08:59:11] Ep. 9 : Up. 214000 : Sen. 2183370 : Cost 30.92 : Time 108.76s : 22973.99 words/s
[2017-07-19 09:00:59] Ep. 9 : Up. 215000 : Sen. 2283302 : Cost 30.83 : Time 107.88s : 23051.67 words/s
[2017-07-19 09:02:47] Ep. 9 : Up. 216000 : Sen. 2382723 : Cost 31.15 : Time 107.84s : 23038.62 words/s
[2017-07-19 09:03:05] Seen 2399549 samples
[2017-07-19 09:03:05] Starting epoch 10
[2017-07-19 09:03:05] [data] Shuffling files
[2017-07-19 09:03:14] [data] Done
[2017-07-19 09:04:43] Ep. 10 : Up. 217000 : Sen. 82710 : Cost 29.43 : Time 116.38s : 21335.67 words/s
[2017-07-19 09:06:32] Ep. 10 : Up. 218000 : Sen. 182292 : Cost 29.33 : Time 108.46s : 23017.03 words/s
[2017-07-19 09:08:20] Ep. 10 : Up. 219000 : Sen. 282071 : Cost 29.18 : Time 108.48s : 23008.27 words/s
[2017-07-19 09:10:08] Ep. 10 : Up. 220000 : Sen. 381960 : Cost 29.29 : Time 108.25s : 23021.59 words/s
[2017-07-19 09:10:08] Saving model to model/model.iter220000.npz
[2017-07-19 09:10:09] Saving model to model/model.npz
[2017-07-19 09:10:13] [valid] 220000 : cross-entropy : 43.096 : new best
[2017-07-19 09:10:13] Saving model to model/model.npz.dev.npz
[2017-07-19 09:10:26] [valid] 220000 : valid-script : 36.04 : new best
[2017-07-19 09:12:14] Ep. 10 : Up. 221000 : Sen. 481489 : Cost 29.66 : Time 125.31s : 19904.64 words/s
[2017-07-19 09:14:02] Ep. 10 : Up. 222000 : Sen. 581606 : Cost 29.47 : Time 108.44s : 22971.00 words/s
[2017-07-19 09:15:50] Ep. 10 : Up. 223000 : Sen. 681284 : Cost 29.65 : Time 108.30s : 23068.71 words/s
[2017-07-19 09:17:39] Ep. 10 : Up. 224000 : Sen. 781190 : Cost 29.63 : Time 108.30s : 23001.76 words/s
[2017-07-19 09:19:27] Ep. 10 : Up. 225000 : Sen. 880980 : Cost 29.71 : Time 108.42s : 22941.49 words/s
[2017-07-19 09:21:16] Ep. 10 : Up. 226000 : Sen. 980657 : Cost 29.68 : Time 108.34s : 23009.56 words/s
[2017-07-19 09:23:04] Ep. 10 : Up. 227000 : Sen. 1081480 : Cost 29.67 : Time 108.61s : 23106.35 words/s
[2017-07-19 09:24:53] Ep. 10 : Up. 228000 : Sen. 1182169 : Cost 29.92 : Time 108.47s : 23050.34 words/s
[2017-07-19 09:26:41] Ep. 10 : Up. 229000 : Sen. 1281760 : Cost 29.81 : Time 108.07s : 23036.14 words/s
[2017-07-19 09:28:29] Ep. 10 : Up. 230000 : Sen. 1381591 : Cost 30.20 : Time 107.96s : 23060.65 words/s
[2017-07-19 09:28:29] Saving model to model/model.iter230000.npz
[2017-07-19 09:28:30] Saving model to model/model.npz
[2017-07-19 09:28:33] [valid] 230000 : cross-entropy : 43.119 : stalled 1 times
[2017-07-19 09:28:33] Saving model to model/model.npz.dev.npz
[2017-07-19 09:28:46] [valid] 230000 : valid-script : 35.98 : stalled 1 times
[2017-07-19 09:30:34] Ep. 10 : Up. 231000 : Sen. 1481300 : Cost 30.28 : Time 125.03s : 19949.15 words/s
[2017-07-19 09:32:23] Ep. 10 : Up. 232000 : Sen. 1580840 : Cost 30.20 : Time 108.88s : 22925.47 words/s
[2017-07-19 09:34:11] Ep. 10 : Up. 233000 : Sen. 1681020 : Cost 29.80 : Time 108.30s : 23030.95 words/s
[2017-07-19 09:35:59] Ep. 10 : Up. 234000 : Sen. 1781260 : Cost 30.15 : Time 108.56s : 23054.47 words/s
[2017-07-19 09:37:48] Ep. 10 : Up. 235000 : Sen. 1880740 : Cost 30.07 : Time 108.30s : 23038.00 words/s
[2017-07-19 09:39:36] Ep. 10 : Up. 236000 : Sen. 1981280 : Cost 30.17 : Time 108.44s : 23007.96 words/s
[2017-07-19 09:41:25] Ep. 10 : Up. 237000 : Sen. 2081680 : Cost 30.21 : Time 108.59s : 23072.52 words/s
[2017-07-19 09:43:13] Ep. 10 : Up. 238000 : Sen. 2181010 : Cost 30.68 : Time 108.50s : 22964.28 words/s
[2017-07-19 09:45:01] Ep. 10 : Up. 239000 : Sen. 2280250 : Cost 30.54 : Time 108.00s : 22940.36 words/s
[2017-07-19 09:46:49] Ep. 10 : Up. 240000 : Sen. 2380037 : Cost 30.32 : Time 108.11s : 23029.62 words/s
[2017-07-19 09:46:49] Saving model to model/model.iter240000.npz
[2017-07-19 09:46:50] Saving model to model/model.npz
[2017-07-19 09:46:54] [valid] 240000 : cross-entropy : 43.0983 : stalled 2 times
[2017-07-19 09:46:54] Saving model to model/model.npz.dev.npz
[2017-07-19 09:47:07] [valid] 240000 : valid-script : 36.08 : new best
[2017-07-19 09:47:27] Seen 2399429 samples
[2017-07-19 09:47:27] Starting epoch 11
[2017-07-19 09:47:27] [data] Shuffling files
[2017-07-19 09:47:36] [data] Done
[2017-07-19 09:49:03] Ep. 11 : Up. 241000 : Sen. 80950 : Cost 28.69 : Time 134.07s : 18599.57 words/s
[2017-07-19 09:50:52] Ep. 11 : Up. 242000 : Sen. 180330 : Cost 28.64 : Time 108.09s : 23049.31 words/s
[2017-07-19 09:52:40] Ep. 11 : Up. 243000 : Sen. 280040 : Cost 28.66 : Time 108.35s : 22982.95 words/s
[2017-07-19 09:54:28] Ep. 11 : Up. 244000 : Sen. 379575 : Cost 28.87 : Time 107.97s : 22933.00 words/s
[2017-07-19 09:56:16] Ep. 11 : Up. 245000 : Sen. 479460 : Cost 28.91 : Time 108.38s : 22982.78 words/s
[2017-07-19 09:58:04] Ep. 11 : Up. 246000 : Sen. 579138 : Cost 29.24 : Time 108.28s : 22947.78 words/s
[2017-07-19 09:59:52] Ep. 11 : Up. 247000 : Sen. 678960 : Cost 29.02 : Time 107.89s : 23013.18 words/s
[2017-07-19 10:01:41] Ep. 11 : Up. 248000 : Sen. 778971 : Cost 28.99 : Time 108.55s : 23092.31 words/s
[2017-07-19 10:03:29] Ep. 11 : Up. 249000 : Sen. 878610 : Cost 29.15 : Time 108.25s : 23022.35 words/s
[2017-07-19 10:05:17] Ep. 11 : Up. 250000 : Sen. 978677 : Cost 28.88 : Time 108.19s : 23018.74 words/s
[2017-07-19 10:05:17] Saving model to model/model.iter250000.npz
[2017-07-19 10:05:18] Saving model to model/model.npz
[2017-07-19 10:05:22] [valid] 250000 : cross-entropy : 43.1297 : stalled 3 times
[2017-07-19 10:05:22] Saving model to model/model.npz.dev.npz
[2017-07-19 10:05:35] [valid] 250000 : valid-script : 35.97 : stalled 1 times
[2017-07-19 10:07:23] Ep. 11 : Up. 251000 : Sen. 1078830 : Cost 29.38 : Time 125.91s : 19862.48 words/s
[2017-07-19 10:09:11] Ep. 11 : Up. 252000 : Sen. 1179130 : Cost 29.29 : Time 108.13s : 23084.79 words/s
[2017-07-19 10:11:00] Ep. 11 : Up. 253000 : Sen. 1279110 : Cost 29.51 : Time 108.56s : 23007.30 words/s
[2017-07-19 10:12:48] Ep. 11 : Up. 254000 : Sen. 1378915 : Cost 29.37 : Time 108.15s : 23007.34 words/s
[2017-07-19 10:14:37] Ep. 11 : Up. 255000 : Sen. 1478980 : Cost 29.59 : Time 108.43s : 23077.15 words/s
[2017-07-19 10:16:25] Ep. 11 : Up. 256000 : Sen. 1578908 : Cost 29.70 : Time 108.38s : 23007.73 words/s
[2017-07-19 10:18:13] Ep. 11 : Up. 257000 : Sen. 1678110 : Cost 29.64 : Time 108.22s : 22906.65 words/s
[2017-07-19 10:20:01] Ep. 11 : Up. 258000 : Sen. 1777870 : Cost 29.68 : Time 108.24s : 23053.30 words/s
[2017-07-19 10:21:50] Ep. 11 : Up. 259000 : Sen. 1878297 : Cost 29.60 : Time 108.75s : 23048.53 words/s
[2017-07-19 10:23:38] Ep. 11 : Up. 260000 : Sen. 1977770 : Cost 29.74 : Time 108.02s : 23057.56 words/s
[2017-07-19 10:23:38] Saving model to model/model.iter260000.npz
[2017-07-19 10:23:39] Saving model to model/model.npz
[2017-07-19 10:23:42] [valid] 260000 : cross-entropy : 43.1288 : stalled 4 times
[2017-07-19 10:23:42] Saving model to model/model.npz.dev.npz
[2017-07-19 10:23:56] [valid] 260000 : valid-script : 36.16 : new best
[2017-07-19 10:25:44] Ep. 11 : Up. 261000 : Sen. 2077635 : Cost 29.71 : Time 125.34s : 19904.79 words/s
[2017-07-19 10:27:32] Ep. 11 : Up. 262000 : Sen. 2177500 : Cost 29.96 : Time 108.37s : 23006.26 words/s
[2017-07-19 10:29:21] Ep. 11 : Up. 263000 : Sen. 2278050 : Cost 29.99 : Time 108.93s : 23149.01 words/s
[2017-07-19 10:31:09] Ep. 11 : Up. 264000 : Sen. 2378110 : Cost 30.14 : Time 108.55s : 23011.48 words/s
[2017-07-19 10:31:33] Seen 2399510 samples
[2017-07-19 10:31:33] Starting epoch 12
[2017-07-19 10:31:33] [data] Shuffling files
[2017-07-19 10:31:42] [data] Done
[2017-07-19 10:33:06] Ep. 12 : Up. 265000 : Sen. 77869 : Cost 28.69 : Time 117.11s : 21182.19 words/s
[2017-07-19 10:34:55] Ep. 12 : Up. 266000 : Sen. 178179 : Cost 28.30 : Time 108.38s : 23041.59 words/s
[2017-07-19 10:36:44] Ep. 12 : Up. 267000 : Sen. 278259 : Cost 28.30 : Time 108.77s : 22976.10 words/s
[2017-07-19 10:38:32] Ep. 12 : Up. 268000 : Sen. 378189 : Cost 28.31 : Time 108.03s : 23058.42 words/s
[2017-07-19 10:40:20] Ep. 12 : Up. 269000 : Sen. 478099 : Cost 28.70 : Time 108.19s : 23066.13 words/s
[2017-07-19 10:42:09] Ep. 12 : Up. 270000 : Sen. 577969 : Cost 28.74 : Time 108.79s : 22990.97 words/s
[2017-07-19 10:42:09] Saving model to model/model.iter270000.npz
[2017-07-19 10:42:10] Saving model to model/model.npz
[2017-07-19 10:42:13] [valid] 270000 : cross-entropy : 43.1523 : stalled 5 times
[2017-07-19 10:42:13] Saving model to model/model.npz.dev.npz
[2017-07-19 10:42:26] [valid] 270000 : valid-script : 36.03 : stalled 1 times
[2017-07-19 10:42:26] Training finshed
[2017-07-19 10:42:26] Saving model to model/model.npz
